Log file open, 05/10/20 11:43:01
LogWindows: Failed to load 'aqProf.dll' (GetLastError=126)
LogWindows: File 'aqProf.dll' does not exist
LogWindows: Failed to load 'VtuneApi.dll' (GetLastError=126)
LogWindows: File 'VtuneApi.dll' does not exist
LogWindows: Failed to load 'VtuneApi32e.dll' (GetLastError=126)
LogWindows: File 'VtuneApi32e.dll' does not exist
LogConsoleResponse: Display: Failed to find resolution value strings in scalability ini. Falling back to default.
LogInit: Display: Running engine for game: AdvancedLocomotionSystemV
LogPlatformFile: Not using cached read wrapper
LogTaskGraph: Started task graph with 5 named threads and 23 total threads with 3 sets of task threads.
LogStats: Stats thread started at 0.414186
LogD3D11RHI: Loaded GFSDK_Aftermath_Lib.x64.dll
LogICUInternationalization: ICU TimeZone Detection - Raw Offset: +1:00, Platform Override: ''
LogPluginManager: Mounting plugin Paper2D
LogPluginManager: Mounting plugin AISupport
LogPluginManager: Mounting plugin LightPropagationVolume
LogPluginManager: Mounting plugin ActorLayerUtilities
LogPluginManager: Mounting plugin AnimationSharing
LogPluginManager: Mounting plugin CLionSourceCodeAccess
LogPluginManager: Mounting plugin CodeLiteSourceCodeAccess
LogPluginManager: Mounting plugin GitSourceControl
LogPluginManager: Mounting plugin KDevelopSourceCodeAccess
LogPluginManager: Mounting plugin NullSourceCodeAccess
LogPluginManager: Mounting plugin PerforceSourceControl
LogPluginManager: Mounting plugin PlasticSourceControl
LogPluginManager: Mounting plugin SubversionSourceControl
LogPluginManager: Mounting plugin UObjectPlugin
LogPluginManager: Mounting plugin VisualStudioCodeSourceCodeAccess
LogPluginManager: Mounting plugin VisualStudioSourceCodeAccess
LogPluginManager: Mounting plugin XCodeSourceCodeAccess
LogPluginManager: Mounting plugin DialoguePlugin
LogPluginManager: Mounting plugin AssetManagerEditor
LogPluginManager: Mounting plugin CryptoKeys
LogPluginManager: Mounting plugin CurveEditorTools
LogPluginManager: Mounting plugin DataValidation
LogPluginManager: Mounting plugin FacialAnimation
LogPluginManager: Mounting plugin GameplayTagsEditor
LogPluginManager: Mounting plugin MacGraphicsSwitching
LogPluginManager: Mounting plugin MaterialAnalyzer
LogPluginManager: Mounting plugin MobileLauncherProfileWizard
LogPluginManager: Mounting plugin PluginBrowser
LogPluginManager: Mounting plugin SpeedTreeImporter
LogPluginManager: Mounting plugin DatasmithContent
LogPluginManager: Mounting plugin VariantManagerContent
LogPluginManager: Mounting plugin AlembicImporter
LogPluginManager: Mounting plugin AutomationUtils
LogPluginManager: Mounting plugin BackChannel
LogPluginManager: Mounting plugin CharacterAI
LogPluginManager: Mounting plugin GeometryCache
LogPluginManager: Mounting plugin PlatformCrypto
LogPluginManager: Mounting plugin ProxyLODPlugin
LogPluginManager: Mounting plugin SkeletalReduction
LogPluginManager: Mounting plugin MagicLeap
LogPluginManager: Mounting plugin MagicLeapMedia
LogPluginManager: Mounting plugin MLSDK
LogPluginManager: Mounting plugin AndroidMedia
LogPluginManager: Mounting plugin AvfMedia
LogPluginManager: Mounting plugin ImgMedia
LogPluginManager: Mounting plugin MediaCompositing
LogPluginManager: Mounting plugin MediaPlayerEditor
LogPluginManager: Mounting plugin WebMMedia
LogPluginManager: Mounting plugin WmfMedia
LogPluginManager: Mounting plugin TcpMessaging
LogPluginManager: Mounting plugin UdpMessaging
LogPluginManager: Mounting plugin ActorSequence
LogPluginManager: Mounting plugin LevelSequenceEditor
LogPluginManager: Mounting plugin MatineeToLevelSequence
LogPluginManager: Mounting plugin NetcodeUnitTest
LogPluginManager: Mounting plugin NUTUnrealEngine4
LogPluginManager: Mounting plugin OnlineSubsystemGooglePlay
LogPluginManager: Mounting plugin OnlineSubsystemIOS
LogPluginManager: Mounting plugin OnlineSubsystem
LogPluginManager: Mounting plugin OnlineSubsystemNull
LogPluginManager: Mounting plugin OnlineSubsystemUtils
LogPluginManager: Mounting plugin LauncherChunkInstaller
LogPluginManager: Mounting plugin AndroidDeviceProfileSelector
LogPluginManager: Mounting plugin AndroidMoviePlayer
LogPluginManager: Mounting plugin AndroidPermission
LogPluginManager: Mounting plugin AppleImageUtils
LogPluginManager: Mounting plugin AppleMoviePlayer
LogPluginManager: Mounting plugin ArchVisCharacter
LogPluginManager: Mounting plugin AssetTags
LogPluginManager: Mounting plugin AudioCapture
LogPluginManager: Mounting plugin CableComponent
LogPluginManager: Mounting plugin CustomMeshComponent
LogPluginManager: Mounting plugin EditableMesh
LogPluginManager: Mounting plugin ExampleDeviceProfileSelector
LogPluginManager: Mounting plugin GoogleCloudMessaging
LogPluginManager: Mounting plugin IOSDeviceProfileSelector
LogPluginManager: Mounting plugin LinuxDeviceProfileSelector
LogPluginManager: Mounting plugin LocationServicesBPLibrary
LogPluginManager: Mounting plugin MobilePatchingUtils
LogPluginManager: Mounting plugin OculusVR
LogPluginManager: Mounting plugin PhysXVehicles
LogPluginManager: Mounting plugin PostSplashScreen
LogPluginManager: Mounting plugin ProceduralMeshComponent
LogPluginManager: Mounting plugin RuntimePhysXCooking
LogPluginManager: Mounting plugin SignificanceManager
LogPluginManager: Mounting plugin SteamVR
LogPluginManager: Mounting plugin WebMMoviePlayer
LogPluginManager: Mounting plugin WindowsMoviePlayer
LogPluginManager: Mounting plugin ScreenshotTools
LogInit: Using libcurl 7.55.1-DEV
LogInit:  - built for x86_64-pc-win32
LogInit:  - supports SSL with OpenSSL/1.1.1
LogInit:  - supports HTTP deflate (compression) using libz 1.2.8
LogInit:  - other features:
LogInit:      CURL_VERSION_SSL
LogInit:      CURL_VERSION_LIBZ
LogInit:      CURL_VERSION_IPV6
LogInit:      CURL_VERSION_ASYNCHDNS
LogInit:      CURL_VERSION_LARGEFILE
LogInit:      CURL_VERSION_IDN
LogInit:  CurlRequestOptions (configurable via config and command line):
LogInit:  - bVerifyPeer = true  - Libcurl will verify peer certificate
LogInit:  - bUseHttpProxy = false  - Libcurl will NOT use HTTP proxy
LogInit:  - bDontReuseConnections = false  - Libcurl will reuse connections
LogInit:  - MaxHostConnections = 16  - Libcurl will limit the number of connections to a host
LogInit:  - LocalHostAddr = Default
LogInit:  - BufferSize = 65536
LogOnline: OSS: Creating online subsystem instance for: NULL
LogInit: WinSock: version 1.1 (2.2), MaxSocks=32767, MaxUdp=65467
LogOnline: OSS: TryLoadSubsystemAndSetDefault: Loaded subsystem for module [NULL]
LogHMD: Failed initializing OVRPlugin 1.40.0
LogInit: Build: ++UE4+Release-4.24-CL-10757647
LogInit: Engine Version: 4.24.1-10757647+++UE4+Release-4.24
LogInit: Compatible Engine Version: 4.24.0-10570792+++UE4+Release-4.24
LogInit: Net CL: 10570792
LogInit: OS: Windows 10 (Release 1903) (), CPU: Intel(R) Core(TM) i7-6700HQ CPU @ 2.60GHz, GPU: Intel(R) HD Graphics 530
LogInit: Compiled (64-bit): Dec 17 2019 02:08:03
LogInit: Compiled with Visual C++: 19.16.27032.01
LogInit: Build Configuration: Development
LogInit: Branch Name: ++UE4+Release-4.24
LogInit: Command Line: 
LogInit: Base Directory: D:/UE_4.24/Engine/Binaries/Win64/
LogInit: Installed Engine Build: 1
LogDevObjectVersion: Number of dev versions registered: 25
LogDevObjectVersion:   Dev-Blueprints (B0D832E4-1F89-4F0D-ACCF-7EB736FD4AA2): 10
LogDevObjectVersion:   Dev-Build (E1C64328-A22C-4D53-A36C-8E866417BD8C): 0
LogDevObjectVersion:   Dev-Core (375EC13C-06E4-48FB-B500-84F0262A717E): 3
LogDevObjectVersion:   Dev-Editor (E4B068ED-F494-42E9-A231-DA0B2E46BB41): 37
LogDevObjectVersion:   Dev-Framework (CFFC743F-43B0-4480-9391-14DF171D2073): 36
LogDevObjectVersion:   Dev-Mobile (B02B49B5-BB20-44E9-A304-32B752E40360): 2
LogDevObjectVersion:   Dev-Networking (A4E4105C-59A1-49B5-A7C5-40C4547EDFEE): 0
LogDevObjectVersion:   Dev-Online (39C831C9-5AE6-47DC-9A44-9C173E1C8E7C): 0
LogDevObjectVersion:   Dev-Physics (78F01B33-EBEA-4F98-B9B4-84EACCB95AA2): 2
LogDevObjectVersion:   Dev-Platform (6631380F-2D4D-43E0-8009-CF276956A95A): 0
LogDevObjectVersion:   Dev-Rendering (12F88B9F-8875-4AFC-A67C-D90C383ABD29): 36
LogDevObjectVersion:   Dev-Sequencer (7B5AE74C-D270-4C10-A958-57980B212A5A): 11
LogDevObjectVersion:   Dev-VR (D7296918-1DD6-4BDD-9DE2-64A83CC13884): 2
LogDevObjectVersion:   Dev-LoadTimes (C2A15278-BFE7-4AFE-6C17-90FF531DF755): 1
LogDevObjectVersion:   Private-Geometry (6EACA3D4-40EC-4CC1-B786-8BED09428FC5): 3
LogDevObjectVersion:   Dev-AnimPhys (29E575DD-E0A3-4627-9D10-D276232CDCEA): 17
LogDevObjectVersion:   Dev-Anim (AF43A65D-7FD3-4947-9873-3E8ED9C1BB05): 2
LogDevObjectVersion:   Dev-ReflectionCapture (6B266CEC-1EC7-4B8F-A30B-E4D90942FC07): 1
LogDevObjectVersion:   Dev-Automation (0DF73D61-A23F-47EA-B727-89E90C41499A): 1
LogDevObjectVersion:   FortniteMain (601D1886-AC64-4F84-AA16-D3DE0DEAC7D6): 31
LogDevObjectVersion:   Dev-Enterprise (9DFFBCD6-494F-0158-E221-12823C92A888): 8
LogDevObjectVersion:   Dev-Niagara (F2AED0AC-9AFE-416F-8664-AA7FFA26D6FC): 1
LogDevObjectVersion:   Dev-Destruction (174F1F0B-B4C6-45A5-B13F-2EE8D0FB917D): 9
LogDevObjectVersion:   Dev-Physics-Ext (35F94A83-E258-406C-A318-09F59610247C): 8
LogDevObjectVersion:   Dev-CineCamera (B2E18506-4273-CFC2-A54E-F4BB758BBA07): 1
LogInit: Presizing for max 25165824 objects, including 0 objects not considered by GC, pre-allocating 0 bytes for permanent pool.
LogInit: Object subsystem initialized
LogConfig: Setting CVar [[con.DebugEarlyDefault:1]]
LogConfig: Setting CVar [[r.setres:1280x720]]
[2020.05.10-09.43.08:004][  0]LogConfig: Setting CVar [[r.VSync:0]]
[2020.05.10-09.43.08:004][  0]LogConfig: Setting CVar [[r.RHICmdBypass:0]]
[2020.05.10-09.43.08:004][  0]LogConfig: Applying CVar settings from Section [/Script/Engine.RendererSettings] File [C:/Users/lrod/Desktop/OpenWorld/OpenWorld_Changeling/AdvancedLocomotionSystemV/Saved/Config/Windows/Engine.ini]
[2020.05.10-09.43.08:004][  0]LogConfig: Setting CVar [[r.GPUCrashDebugging:0]]
[2020.05.10-09.43.08:005][  0]LogConfig: Setting CVar [[r.DefaultFeature.MotionBlur:0]]
[2020.05.10-09.43.08:005][  0]LogConfig: Setting CVar [[r.DefaultFeature.AntiAliasing:1]]
[2020.05.10-09.43.08:005][  0]LogConfig: Setting CVar [[r.DefaultFeature.AutoExposure:1]]
[2020.05.10-09.43.08:005][  0]LogConfig: Applying CVar settings from Section [/Script/Engine.RendererOverrideSettings] File [C:/Users/lrod/Desktop/OpenWorld/OpenWorld_Changeling/AdvancedLocomotionSystemV/Saved/Config/Windows/Engine.ini]
[2020.05.10-09.43.08:005][  0]LogConfig: Applying CVar settings from Section [/Script/Engine.StreamingSettings] File [C:/Users/lrod/Desktop/OpenWorld/OpenWorld_Changeling/AdvancedLocomotionSystemV/Saved/Config/Windows/Engine.ini]
[2020.05.10-09.43.08:005][  0]LogConfig: Setting CVar [[s.MinBulkDataSizeForAsyncLoading:131072]]
[2020.05.10-09.43.08:005][  0]LogConfig: Setting CVar [[s.AsyncLoadingThreadEnabled:0]]
[2020.05.10-09.43.08:005][  0]LogConfig: Setting CVar [[s.EventDrivenLoaderEnabled:1]]
[2020.05.10-09.43.08:005][  0]LogConfig: Setting CVar [[s.WarnIfTimeLimitExceeded:0]]
[2020.05.10-09.43.08:005][  0]LogConfig: Setting CVar [[s.TimeLimitExceededMultiplier:1.5]]
[2020.05.10-09.43.08:005][  0]LogConfig: Setting CVar [[s.TimeLimitExceededMinTime:0.005]]
[2020.05.10-09.43.08:005][  0]LogConfig: Setting CVar [[s.UseBackgroundLevelStreaming:1]]
[2020.05.10-09.43.08:005][  0]LogConfig: Setting CVar [[s.PriorityAsyncLoadingExtraTime:15.0]]
[2020.05.10-09.43.08:005][  0]LogConfig: Setting CVar [[s.LevelStreamingActorsUpdateTimeLimit:5.0]]
[2020.05.10-09.43.08:005][  0]LogConfig: Setting CVar [[s.PriorityLevelStreamingActorsUpdateExtraTime:5.0]]
[2020.05.10-09.43.08:005][  0]LogConfig: Setting CVar [[s.LevelStreamingComponentsRegistrationGranularity:10]]
[2020.05.10-09.43.08:005][  0]LogConfig: Setting CVar [[s.UnregisterComponentsTimeLimit:1.0]]
[2020.05.10-09.43.08:005][  0]LogConfig: Setting CVar [[s.LevelStreamingComponentsUnregistrationGranularity:5]]
[2020.05.10-09.43.08:005][  0]LogConfig: Setting CVar [[s.FlushStreamingOnExit:1]]
[2020.05.10-09.43.08:005][  0]LogConfig: Applying CVar settings from Section [/Script/Engine.GarbageCollectionSettings] File [C:/Users/lrod/Desktop/OpenWorld/OpenWorld_Changeling/AdvancedLocomotionSystemV/Saved/Config/Windows/Engine.ini]
[2020.05.10-09.43.08:005][  0]LogConfig: Setting CVar [[gc.MaxObjectsNotConsideredByGC:1]]
[2020.05.10-09.43.08:005][  0]LogConfig: Setting CVar [[gc.SizeOfPermanentObjectPool:0]]
[2020.05.10-09.43.08:005][  0]LogConfig: Setting CVar [[gc.FlushStreamingOnGC:0]]
[2020.05.10-09.43.08:005][  0]LogConfig: Setting CVar [[gc.NumRetriesBeforeForcingGC:10]]
[2020.05.10-09.43.08:005][  0]LogConfig: Setting CVar [[gc.AllowParallelGC:1]]
[2020.05.10-09.43.08:005][  0]LogConfig: Setting CVar [[gc.TimeBetweenPurgingPendingKillObjects:61.1]]
[2020.05.10-09.43.08:005][  0]LogConfig: Setting CVar [[gc.MaxObjectsInEditor:25165824]]
[2020.05.10-09.43.08:005][  0]LogConfig: Setting CVar [[gc.IncrementalBeginDestroyEnabled:1]]
[2020.05.10-09.43.08:005][  0]LogConfig: Setting CVar [[gc.CreateGCClusters:1]]
[2020.05.10-09.43.08:005][  0]LogConfig: Setting CVar [[gc.MinGCClusterSize:5]]
[2020.05.10-09.43.08:005][  0]LogConfig: Setting CVar [[gc.ActorClusteringEnabled:0]]
[2020.05.10-09.43.08:005][  0]LogConfig: Setting CVar [[gc.BlueprintClusteringEnabled:0]]
[2020.05.10-09.43.08:005][  0]LogConfig: Setting CVar [[gc.UseDisregardForGCOnDedicatedServers:0]]
[2020.05.10-09.43.08:005][  0]LogConfig: Applying CVar settings from Section [/Script/Engine.NetworkSettings] File [C:/Users/lrod/Desktop/OpenWorld/OpenWorld_Changeling/AdvancedLocomotionSystemV/Saved/Config/Windows/Engine.ini]
[2020.05.10-09.43.08:005][  0]LogConfig: Applying CVar settings from Section [/Script/UnrealEd.CookerSettings] File [C:/Users/lrod/Desktop/OpenWorld/OpenWorld_Changeling/AdvancedLocomotionSystemV/Saved/Config/Windows/Engine.ini]
[2020.05.10-09.43.08:061][  0]LogConfig: Applying CVar settings from Section [ViewDistanceQuality@3] File [C:/Users/lrod/Desktop/OpenWorld/OpenWorld_Changeling/AdvancedLocomotionSystemV/Saved/Config/Windows/Scalability.ini]
[2020.05.10-09.43.08:061][  0]LogConfig: Setting CVar [[r.SkeletalMeshLODBias:0]]
[2020.05.10-09.43.08:061][  0]LogConfig: Setting CVar [[r.ViewDistanceScale:1.0]]
[2020.05.10-09.43.08:061][  0]LogConfig: Applying CVar settings from Section [AntiAliasingQuality@3] File [C:/Users/lrod/Desktop/OpenWorld/OpenWorld_Changeling/AdvancedLocomotionSystemV/Saved/Config/Windows/Scalability.ini]
[2020.05.10-09.43.08:061][  0]LogConfig: Setting CVar [[r.PostProcessAAQuality:4]]
[2020.05.10-09.43.08:061][  0]LogConfig: Applying CVar settings from Section [ShadowQuality@3] File [C:/Users/lrod/Desktop/OpenWorld/OpenWorld_Changeling/AdvancedLocomotionSystemV/Saved/Config/Windows/Scalability.ini]
[2020.05.10-09.43.08:061][  0]LogConfig: Setting CVar [[r.LightFunctionQuality:1]]
[2020.05.10-09.43.08:061][  0]LogConfig: Setting CVar [[r.ShadowQuality:5]]
[2020.05.10-09.43.08:061][  0]LogConfig: Setting CVar [[r.Shadow.CSM.MaxCascades:10]]
[2020.05.10-09.43.08:061][  0]LogConfig: Setting CVar [[r.Shadow.MaxResolution:2048]]
[2020.05.10-09.43.08:061][  0]LogConfig: Setting CVar [[r.Shadow.MaxCSMResolution:2048]]
[2020.05.10-09.43.08:061][  0]LogConfig: Setting CVar [[r.Shadow.RadiusThreshold:0.01]]
[2020.05.10-09.43.08:061][  0]LogConfig: Setting CVar [[r.Shadow.DistanceScale:1.0]]
[2020.05.10-09.43.08:061][  0]LogConfig: Setting CVar [[r.Shadow.CSM.TransitionScale:1.0]]
[2020.05.10-09.43.08:061][  0]LogConfig: Setting CVar [[r.Shadow.PreShadowResolutionFactor:1.0]]
[2020.05.10-09.43.08:061][  0]LogConfig: Setting CVar [[r.DistanceFieldShadowing:1]]
[2020.05.10-09.43.08:061][  0]LogConfig: Setting CVar [[r.DistanceFieldAO:1]]
[2020.05.10-09.43.08:061][  0]LogConfig: Setting CVar [[r.AOQuality:2]]
[2020.05.10-09.43.08:061][  0]LogConfig: Setting CVar [[r.VolumetricFog:1]]
[2020.05.10-09.43.08:061][  0]LogConfig: Setting CVar [[r.VolumetricFog.GridPixelSize:8]]
[2020.05.10-09.43.08:061][  0]LogConfig: Setting CVar [[r.VolumetricFog.GridSizeZ:128]]
[2020.05.10-09.43.08:061][  0]LogConfig: Setting CVar [[r.VolumetricFog.HistoryMissSupersampleCount:4]]
[2020.05.10-09.43.08:061][  0]LogConfig: Setting CVar [[r.LightMaxDrawDistanceScale:1]]
[2020.05.10-09.43.08:061][  0]LogConfig: Setting CVar [[r.CapsuleShadows:1]]
[2020.05.10-09.43.08:061][  0]LogConfig: Applying CVar settings from Section [PostProcessQuality@3] File [C:/Users/lrod/Desktop/OpenWorld/OpenWorld_Changeling/AdvancedLocomotionSystemV/Saved/Config/Windows/Scalability.ini]
[2020.05.10-09.43.08:061][  0]LogConfig: Setting CVar [[r.MotionBlurQuality:4]]
[2020.05.10-09.43.08:061][  0]LogConfig: Setting CVar [[r.AmbientOcclusionMipLevelFactor:0.4]]
[2020.05.10-09.43.08:061][  0]LogConfig: Setting CVar [[r.AmbientOcclusionMaxQuality:100]]
[2020.05.10-09.43.08:061][  0]LogConfig: Setting CVar [[r.AmbientOcclusionLevels:-1]]
[2020.05.10-09.43.08:061][  0]LogConfig: Setting CVar [[r.AmbientOcclusionRadiusScale:1.0]]
[2020.05.10-09.43.08:061][  0]LogConfig: Setting CVar [[r.DepthOfFieldQuality:2]]
[2020.05.10-09.43.08:061][  0]LogConfig: Setting CVar [[r.RenderTargetPoolMin:400]]
[2020.05.10-09.43.08:061][  0]LogConfig: Setting CVar [[r.LensFlareQuality:2]]
[2020.05.10-09.43.08:061][  0]LogConfig: Setting CVar [[r.SceneColorFringeQuality:1]]
[2020.05.10-09.43.08:061][  0]LogConfig: Setting CVar [[r.EyeAdaptationQuality:2]]
[2020.05.10-09.43.08:061][  0]LogConfig: Setting CVar [[r.BloomQuality:5]]
[2020.05.10-09.43.08:061][  0]LogConfig: Setting CVar [[r.FastBlurThreshold:100]]
[2020.05.10-09.43.08:061][  0]LogConfig: Setting CVar [[r.Upscale.Quality:3]]
[2020.05.10-09.43.08:061][  0]LogConfig: Setting CVar [[r.Tonemapper.GrainQuantization:1]]
[2020.05.10-09.43.08:061][  0]LogConfig: Setting CVar [[r.LightShaftQuality:1]]
[2020.05.10-09.43.08:062][  0]LogConfig: Setting CVar [[r.Filter.SizeScale:1]]
[2020.05.10-09.43.08:062][  0]LogConfig: Setting CVar [[r.Tonemapper.Quality:5]]
[2020.05.10-09.43.08:062][  0]LogConfig: Setting CVar [[r.DOF.Gather.AccumulatorQuality:1        ; higher gathering accumulator quality]]
[2020.05.10-09.43.08:062][  0]LogConfig: Setting CVar [[r.DOF.Gather.PostfilterMethod:1          ; Median3x3 postfilering method]]
[2020.05.10-09.43.08:062][  0]LogConfig: Setting CVar [[r.DOF.Gather.EnableBokehSettings:0       ; no bokeh simulation when gathering]]
[2020.05.10-09.43.08:062][  0]LogConfig: Setting CVar [[r.DOF.Gather.RingCount:4                 ; medium number of samples when gathering]]
[2020.05.10-09.43.08:062][  0]LogConfig: Setting CVar [[r.DOF.Scatter.ForegroundCompositing:1    ; additive foreground scattering]]
[2020.05.10-09.43.08:062][  0]LogConfig: Setting CVar [[r.DOF.Scatter.BackgroundCompositing:2    ; additive background scattering]]
[2020.05.10-09.43.08:062][  0]LogConfig: Setting CVar [[r.DOF.Scatter.EnableBokehSettings:1      ; bokeh simulation when scattering]]
[2020.05.10-09.43.08:062][  0]LogConfig: Setting CVar [[r.DOF.Scatter.MaxSpriteRatio:0.1         ; only a maximum of 10% of scattered bokeh]]
[2020.05.10-09.43.08:062][  0]LogConfig: Setting CVar [[r.DOF.Recombine.Quality:1                ; cheap slight out of focus]]
[2020.05.10-09.43.08:062][  0]LogConfig: Setting CVar [[r.DOF.Recombine.EnableBokehSettings:0    ; no bokeh simulation on slight out of focus]]
[2020.05.10-09.43.08:062][  0]LogConfig: Setting CVar [[r.DOF.TemporalAAQuality:1                ; more stable temporal accumulation]]
[2020.05.10-09.43.08:062][  0]LogConfig: Setting CVar [[r.DOF.Kernel.MaxForegroundRadius:0.025]]
[2020.05.10-09.43.08:062][  0]LogConfig: Setting CVar [[r.DOF.Kernel.MaxBackgroundRadius:0.025]]
[2020.05.10-09.43.08:062][  0]LogConfig: Applying CVar settings from Section [TextureQuality@3] File [C:/Users/lrod/Desktop/OpenWorld/OpenWorld_Changeling/AdvancedLocomotionSystemV/Saved/Config/Windows/Scalability.ini]
[2020.05.10-09.43.08:062][  0]LogConfig: Setting CVar [[r.Streaming.MipBias:0]]
[2020.05.10-09.43.08:062][  0]LogConfig: Setting CVar [[r.Streaming.AmortizeCPUToGPUCopy:0]]
[2020.05.10-09.43.08:062][  0]LogConfig: Setting CVar [[r.Streaming.MaxNumTexturesToStreamPerFrame:0]]
[2020.05.10-09.43.08:062][  0]LogConfig: Setting CVar [[r.Streaming.Boost:1]]
[2020.05.10-09.43.08:062][  0]LogConfig: Setting CVar [[r.MaxAnisotropy:8]]
[2020.05.10-09.43.08:062][  0]LogConfig: Setting CVar [[r.VT.MaxAnisotropy:8]]
[2020.05.10-09.43.08:062][  0]LogConfig: Setting CVar [[r.Streaming.LimitPoolSizeToVRAM:0]]
[2020.05.10-09.43.08:062][  0]LogConfig: Setting CVar [[r.Streaming.PoolSize:1000]]
[2020.05.10-09.43.08:062][  0]LogConfig: Setting CVar [[r.Streaming.MaxEffectiveScreenSize:0]]
[2020.05.10-09.43.08:062][  0]LogConfig: Applying CVar settings from Section [EffectsQuality@3] File [C:/Users/lrod/Desktop/OpenWorld/OpenWorld_Changeling/AdvancedLocomotionSystemV/Saved/Config/Windows/Scalability.ini]
[2020.05.10-09.43.08:062][  0]LogConfig: Setting CVar [[r.TranslucencyLightingVolumeDim:64]]
[2020.05.10-09.43.08:062][  0]LogConfig: Setting CVar [[r.RefractionQuality:2]]
[2020.05.10-09.43.08:062][  0]LogConfig: Setting CVar [[r.SSR.Quality:3]]
[2020.05.10-09.43.08:062][  0]LogConfig: Setting CVar [[r.SSR.HalfResSceneColor:0]]
[2020.05.10-09.43.08:062][  0]LogConfig: Setting CVar [[r.SceneColorFormat:4]]
[2020.05.10-09.43.08:062][  0]LogConfig: Setting CVar [[r.DetailMode:2]]
[2020.05.10-09.43.08:062][  0]LogConfig: Setting CVar [[r.TranslucencyVolumeBlur:1]]
[2020.05.10-09.43.08:062][  0]LogConfig: Setting CVar [[r.MaterialQualityLevel:1 ; High quality]]
[2020.05.10-09.43.08:062][  0]LogConfig: Setting CVar [[r.SSS.Scale:1]]
[2020.05.10-09.43.08:062][  0]LogConfig: Setting CVar [[r.SSS.SampleSet:2]]
[2020.05.10-09.43.08:062][  0]LogConfig: Setting CVar [[r.SSS.Quality:1]]
[2020.05.10-09.43.08:062][  0]LogConfig: Setting CVar [[r.SSS.HalfRes:1]]
[2020.05.10-09.43.08:062][  0]LogConfig: Setting CVar [[r.SSGI.Quality:3]]
[2020.05.10-09.43.08:062][  0]LogConfig: Setting CVar [[r.EmitterSpawnRateScale:1.0]]
[2020.05.10-09.43.08:062][  0]LogConfig: Setting CVar [[r.ParticleLightQuality:2]]
[2020.05.10-09.43.08:062][  0]LogConfig: Setting CVar [[r.SkyAtmosphere.AerialPerspectiveLUT.FastApplyOnOpaque:1 ; Always have FastSkyLUT 1 in this case to avoid wrong sky]]
[2020.05.10-09.43.08:062][  0]LogConfig: Setting CVar [[r.SkyAtmosphere.AerialPerspectiveLUT.SampleCountPerSlice:1]]
[2020.05.10-09.43.08:062][  0]LogConfig: Setting CVar [[r.SkyAtmosphere.AerialPerspectiveLUT.DepthResolution:16.0]]
[2020.05.10-09.43.08:062][  0]LogConfig: Setting CVar [[r.SkyAtmosphere.FastSkyLUT:1]]
[2020.05.10-09.43.08:062][  0]LogConfig: Setting CVar [[r.SkyAtmosphere.FastSkyLUT.SampleCountMin:4.0]]
[2020.05.10-09.43.08:062][  0]LogConfig: Setting CVar [[r.SkyAtmosphere.FastSkyLUT.SampleCountMax:32.0]]
[2020.05.10-09.43.08:062][  0]LogConfig: Setting CVar [[r.SkyAtmosphere.SampleCountMin:4.0]]
[2020.05.10-09.43.08:062][  0]LogConfig: Setting CVar [[r.SkyAtmosphere.SampleCountMax:32.0]]
[2020.05.10-09.43.08:062][  0]LogConfig: Setting CVar [[r.SkyAtmosphere.TransmittanceLUT.UseSmallFormat:0]]
[2020.05.10-09.43.08:062][  0]LogConfig: Setting CVar [[r.SkyAtmosphere.TransmittanceLUT.SampleCount:10.0]]
[2020.05.10-09.43.08:062][  0]LogConfig: Setting CVar [[r.SkyAtmosphere.MultiScatteringLUT.SampleCount:15.0]]
[2020.05.10-09.43.08:062][  0]LogConfig: Applying CVar settings from Section [FoliageQuality@3] File [C:/Users/lrod/Desktop/OpenWorld/OpenWorld_Changeling/AdvancedLocomotionSystemV/Saved/Config/Windows/Scalability.ini]
[2020.05.10-09.43.08:062][  0]LogConfig: Setting CVar [[foliage.DensityScale:1.0]]
[2020.05.10-09.43.08:063][  0]LogConfig: Setting CVar [[grass.DensityScale:1.0]]
[2020.05.10-09.43.08:063][  0]LogConfig: Applying CVar settings from Section [ShadingQuality@3] File [C:/Users/lrod/Desktop/OpenWorld/OpenWorld_Changeling/AdvancedLocomotionSystemV/Saved/Config/Windows/Scalability.ini]
[2020.05.10-09.43.08:063][  0]LogConfig: Setting CVar [[r.HairStrands.SkyLighting.SampleCount:16]]
[2020.05.10-09.43.08:063][  0]LogConfig: Setting CVar [[r.HairStrands.SkyLighting.JitterIntegration:0]]
[2020.05.10-09.43.08:063][  0]LogConfig: Setting CVar [[r.HairStrands.SkyAO.SampleCount:16]]
[2020.05.10-09.43.08:200][  0]LogInit: Selected Device Profile: [Windows]
[2020.05.10-09.43.08:294][  0]LogInit: Applying CVar settings loaded from the selected device profile: [Windows]
[2020.05.10-09.43.08:405][  0]LogHAL: Display: Platform has ~ 16 GB [17073475584 / 17179869184 / 16], which maps to Larger [LargestMinGB=32, LargerMinGB=12, DefaultMinGB=8, SmallerMinGB=6, SmallestMinGB=0)
[2020.05.10-09.43.08:428][  0]LogInit: Going up to parent DeviceProfile []
[2020.05.10-09.43.08:459][  0]LogConfig: Applying CVar settings from Section [ViewDistanceQuality@1] File [C:/Users/lrod/Desktop/OpenWorld/OpenWorld_Changeling/AdvancedLocomotionSystemV/Saved/Config/Windows/Scalability.ini]
[2020.05.10-09.43.08:459][  0]LogConfig: Setting CVar [[r.SkeletalMeshLODBias:1]]
[2020.05.10-09.43.08:459][  0]LogConfig: Setting CVar [[r.ViewDistanceScale:0.6]]
[2020.05.10-09.43.08:459][  0]LogConfig: Applying CVar settings from Section [AntiAliasingQuality@1] File [C:/Users/lrod/Desktop/OpenWorld/OpenWorld_Changeling/AdvancedLocomotionSystemV/Saved/Config/Windows/Scalability.ini]
[2020.05.10-09.43.08:459][  0]LogConfig: Setting CVar [[r.PostProcessAAQuality:2]]
[2020.05.10-09.43.08:459][  0]LogConfig: Applying CVar settings from Section [ShadowQuality@1] File [C:/Users/lrod/Desktop/OpenWorld/OpenWorld_Changeling/AdvancedLocomotionSystemV/Saved/Config/Windows/Scalability.ini]
[2020.05.10-09.43.08:459][  0]LogConfig: Setting CVar [[r.LightFunctionQuality:1]]
[2020.05.10-09.43.08:459][  0]LogConfig: Setting CVar [[r.ShadowQuality:3]]
[2020.05.10-09.43.08:459][  0]LogConfig: Setting CVar [[r.Shadow.CSM.MaxCascades:1]]
[2020.05.10-09.43.08:459][  0]LogConfig: Setting CVar [[r.Shadow.MaxResolution:1024]]
[2020.05.10-09.43.08:460][  0]LogConfig: Setting CVar [[r.Shadow.MaxCSMResolution:1024]]
[2020.05.10-09.43.08:460][  0]LogConfig: Setting CVar [[r.Shadow.RadiusThreshold:0.05]]
[2020.05.10-09.43.08:460][  0]LogConfig: Setting CVar [[r.Shadow.DistanceScale:0.7]]
[2020.05.10-09.43.08:460][  0]LogConfig: Setting CVar [[r.Shadow.CSM.TransitionScale:0.25]]
[2020.05.10-09.43.08:460][  0]LogConfig: Setting CVar [[r.Shadow.PreShadowResolutionFactor:0.5]]
[2020.05.10-09.43.08:460][  0]LogConfig: Setting CVar [[r.DistanceFieldShadowing:0]]
[2020.05.10-09.43.08:460][  0]LogConfig: Setting CVar [[r.DistanceFieldAO:0]]
[2020.05.10-09.43.08:460][  0]LogConfig: Setting CVar [[r.VolumetricFog:0]]
[2020.05.10-09.43.08:460][  0]LogConfig: Setting CVar [[r.LightMaxDrawDistanceScale:.5]]
[2020.05.10-09.43.08:460][  0]LogConfig: Setting CVar [[r.CapsuleShadows:1]]
[2020.05.10-09.43.08:460][  0]LogConfig: Applying CVar settings from Section [PostProcessQuality@1] File [C:/Users/lrod/Desktop/OpenWorld/OpenWorld_Changeling/AdvancedLocomotionSystemV/Saved/Config/Windows/Scalability.ini]
[2020.05.10-09.43.08:460][  0]LogConfig: Setting CVar [[r.MotionBlurQuality:3]]
[2020.05.10-09.43.08:460][  0]LogConfig: Setting CVar [[r.AmbientOcclusionMipLevelFactor:1.0]]
[2020.05.10-09.43.08:460][  0]LogConfig: Setting CVar [[r.AmbientOcclusionMaxQuality:60]]
[2020.05.10-09.43.08:460][  0]LogConfig: Setting CVar [[r.AmbientOcclusionLevels:-1]]
[2020.05.10-09.43.08:460][  0]LogConfig: Setting CVar [[r.AmbientOcclusionRadiusScale:1.5]]
[2020.05.10-09.43.08:460][  0]LogConfig: Setting CVar [[r.DepthOfFieldQuality:1]]
[2020.05.10-09.43.08:460][  0]LogConfig: Setting CVar [[r.RenderTargetPoolMin:350]]
[2020.05.10-09.43.08:460][  0]LogConfig: Setting CVar [[r.LensFlareQuality:0]]
[2020.05.10-09.43.08:460][  0]LogConfig: Setting CVar [[r.SceneColorFringeQuality:0]]
[2020.05.10-09.43.08:460][  0]LogConfig: Setting CVar [[r.EyeAdaptationQuality:0]]
[2020.05.10-09.43.08:460][  0]LogConfig: Setting CVar [[r.BloomQuality:4]]
[2020.05.10-09.43.08:460][  0]LogConfig: Setting CVar [[r.FastBlurThreshold:2]]
[2020.05.10-09.43.08:460][  0]LogConfig: Setting CVar [[r.Upscale.Quality:2]]
[2020.05.10-09.43.08:460][  0]LogConfig: Setting CVar [[r.Tonemapper.GrainQuantization:0]]
[2020.05.10-09.43.08:460][  0]LogConfig: Setting CVar [[r.LightShaftQuality:0]]
[2020.05.10-09.43.08:460][  0]LogConfig: Setting CVar [[r.Filter.SizeScale:0.7]]
[2020.05.10-09.43.08:460][  0]LogConfig: Setting CVar [[r.Tonemapper.Quality:2]]
[2020.05.10-09.43.08:460][  0]LogConfig: Setting CVar [[r.DOF.Gather.AccumulatorQuality:0        ; lower gathering accumulator quality]]
[2020.05.10-09.43.08:460][  0]LogConfig: Setting CVar [[r.DOF.Gather.PostfilterMethod:2          ; Max3x3 postfilering method]]
[2020.05.10-09.43.08:460][  0]LogConfig: Setting CVar [[r.DOF.Gather.EnableBokehSettings:0       ; no bokeh simulation when gathering]]
[2020.05.10-09.43.08:460][  0]LogConfig: Setting CVar [[r.DOF.Gather.RingCount:3                 ; low number of samples when gathering]]
[2020.05.10-09.43.08:460][  0]LogConfig: Setting CVar [[r.DOF.Scatter.ForegroundCompositing:0    ; no foreground scattering]]
[2020.05.10-09.43.08:460][  0]LogConfig: Setting CVar [[r.DOF.Scatter.BackgroundCompositing:0    ; no foreground scattering]]
[2020.05.10-09.43.08:460][  0]LogConfig: Setting CVar [[r.DOF.Recombine.Quality:0                ; no slight out of focus]]
[2020.05.10-09.43.08:460][  0]LogConfig: Setting CVar [[r.DOF.TemporalAAQuality:0                ; faster temporal accumulation]]
[2020.05.10-09.43.08:460][  0]LogConfig: Setting CVar [[r.DOF.Kernel.MaxForegroundRadius:0.006   ; required because low gathering and no scattering and not looking great at 1080p]]
[2020.05.10-09.43.08:460][  0]LogConfig: Setting CVar [[r.DOF.Kernel.MaxBackgroundRadius:0.006   ; required because low gathering and no scattering and not looking great at 1080p]]
[2020.05.10-09.43.08:460][  0]LogConfig: Applying CVar settings from Section [TextureQuality@1] File [C:/Users/lrod/Desktop/OpenWorld/OpenWorld_Changeling/AdvancedLocomotionSystemV/Saved/Config/Windows/Scalability.ini]
[2020.05.10-09.43.08:460][  0]LogConfig: Setting CVar [[r.Streaming.MipBias:1]]
[2020.05.10-09.43.08:460][  0]LogConfig: Setting CVar [[r.Streaming.AmortizeCPUToGPUCopy:0]]
[2020.05.10-09.43.08:460][  0]LogConfig: Setting CVar [[r.Streaming.MaxNumTexturesToStreamPerFrame:0]]
[2020.05.10-09.43.08:460][  0]LogConfig: Setting CVar [[r.Streaming.Boost:1]]
[2020.05.10-09.43.08:460][  0]LogConfig: Setting CVar [[r.MaxAnisotropy:2]]
[2020.05.10-09.43.08:460][  0]LogConfig: Setting CVar [[r.VT.MaxAnisotropy:4]]
[2020.05.10-09.43.08:460][  0]LogConfig: Setting CVar [[r.Streaming.LimitPoolSizeToVRAM:1]]
[2020.05.10-09.43.08:460][  0]LogConfig: Setting CVar [[r.Streaming.PoolSize:600]]
[2020.05.10-09.43.08:460][  0]LogConfig: Setting CVar [[r.Streaming.MaxEffectiveScreenSize:0]]
[2020.05.10-09.43.08:460][  0]LogConfig: Applying CVar settings from Section [EffectsQuality@1] File [C:/Users/lrod/Desktop/OpenWorld/OpenWorld_Changeling/AdvancedLocomotionSystemV/Saved/Config/Windows/Scalability.ini]
[2020.05.10-09.43.08:460][  0]LogConfig: Setting CVar [[r.TranslucencyLightingVolumeDim:32]]
[2020.05.10-09.43.08:460][  0]LogConfig: Setting CVar [[r.RefractionQuality:0]]
[2020.05.10-09.43.08:460][  0]LogConfig: Setting CVar [[r.SSR.Quality:0]]
[2020.05.10-09.43.08:460][  0]LogConfig: Setting CVar [[r.SSR.HalfResSceneColor:1]]
[2020.05.10-09.43.08:460][  0]LogConfig: Setting CVar [[r.SceneColorFormat:3]]
[2020.05.10-09.43.08:460][  0]LogConfig: Setting CVar [[r.DetailMode:1]]
[2020.05.10-09.43.08:460][  0]LogConfig: Setting CVar [[r.TranslucencyVolumeBlur:0]]
[2020.05.10-09.43.08:461][  0]LogConfig: Setting CVar [[r.MaterialQualityLevel:2 ; Medium quality]]
[2020.05.10-09.43.08:461][  0]LogConfig: Setting CVar [[r.SSS.Scale:0.75]]
[2020.05.10-09.43.08:461][  0]LogConfig: Setting CVar [[r.SSS.SampleSet:0]]
[2020.05.10-09.43.08:461][  0]LogConfig: Setting CVar [[r.SSS.Quality:0]]
[2020.05.10-09.43.08:461][  0]LogConfig: Setting CVar [[r.SSS.HalfRes:1]]
[2020.05.10-09.43.08:461][  0]LogConfig: Setting CVar [[r.SSGI.Quality:1]]
[2020.05.10-09.43.08:461][  0]LogConfig: Setting CVar [[r.EmitterSpawnRateScale:0.25]]
[2020.05.10-09.43.08:461][  0]LogConfig: Setting CVar [[r.ParticleLightQuality:0]]
[2020.05.10-09.43.08:461][  0]LogConfig: Setting CVar [[r.SkyAtmosphere.AerialPerspectiveLUT.FastApplyOnOpaque:1 ; Always have FastSkyLUT 1 in this case to avoid wrong sky]]
[2020.05.10-09.43.08:461][  0]LogConfig: Setting CVar [[r.SkyAtmosphere.AerialPerspectiveLUT.SampleCountPerSlice:1]]
[2020.05.10-09.43.08:461][  0]LogConfig: Setting CVar [[r.SkyAtmosphere.AerialPerspectiveLUT.DepthResolution:16.0]]
[2020.05.10-09.43.08:461][  0]LogConfig: Setting CVar [[r.SkyAtmosphere.FastSkyLUT:1]]
[2020.05.10-09.43.08:461][  0]LogConfig: Setting CVar [[r.SkyAtmosphere.FastSkyLUT.SampleCountMin:4.0]]
[2020.05.10-09.43.08:461][  0]LogConfig: Setting CVar [[r.SkyAtmosphere.FastSkyLUT.SampleCountMax:32.0]]
[2020.05.10-09.43.08:461][  0]LogConfig: Setting CVar [[r.SkyAtmosphere.SampleCountMin:4.0]]
[2020.05.10-09.43.08:461][  0]LogConfig: Setting CVar [[r.SkyAtmosphere.SampleCountMax:32.0]]
[2020.05.10-09.43.08:461][  0]LogConfig: Setting CVar [[r.SkyAtmosphere.TransmittanceLUT.UseSmallFormat:0]]
[2020.05.10-09.43.08:461][  0]LogConfig: Setting CVar [[r.SkyAtmosphere.TransmittanceLUT.SampleCount:10.0]]
[2020.05.10-09.43.08:461][  0]LogConfig: Setting CVar [[r.SkyAtmosphere.MultiScatteringLUT.SampleCount:15.0]]
[2020.05.10-09.43.08:461][  0]LogConfig: Applying CVar settings from Section [FoliageQuality@1] File [C:/Users/lrod/Desktop/OpenWorld/OpenWorld_Changeling/AdvancedLocomotionSystemV/Saved/Config/Windows/Scalability.ini]
[2020.05.10-09.43.08:461][  0]LogConfig: Setting CVar [[foliage.DensityScale:0.4]]
[2020.05.10-09.43.08:461][  0]LogConfig: Setting CVar [[grass.DensityScale:0.4]]
[2020.05.10-09.43.08:461][  0]LogConfig: Applying CVar settings from Section [ShadingQuality@1] File [C:/Users/lrod/Desktop/OpenWorld/OpenWorld_Changeling/AdvancedLocomotionSystemV/Saved/Config/Windows/Scalability.ini]
[2020.05.10-09.43.08:461][  0]LogConfig: Setting CVar [[r.HairStrands.SkyLighting.SampleCount:16]]
[2020.05.10-09.43.08:461][  0]LogConfig: Setting CVar [[r.HairStrands.SkyLighting.JitterIntegration:0]]
[2020.05.10-09.43.08:461][  0]LogConfig: Setting CVar [[r.HairStrands.SkyAO.SampleCount:16]]
[2020.05.10-09.43.08:461][  0]LogConfig: Applying CVar settings from Section [Startup] File [../../../Engine/Config/ConsoleVariables.ini]
[2020.05.10-09.43.08:485][  0]LogConfig: Setting CVar [[net.UseAdaptiveNetUpdateFrequency:0]]
[2020.05.10-09.43.08:485][  0]LogConfig: Setting CVar [[p.chaos.AllowCreatePhysxBodies:1]]
[2020.05.10-09.43.08:485][  0]LogConfig: Applying CVar settings from Section [ConsoleVariables] File [C:/Users/lrod/Desktop/OpenWorld/OpenWorld_Changeling/AdvancedLocomotionSystemV/Saved/Config/Windows/Engine.ini]
[2020.05.10-09.43.08:756][  0]LogInit: Computer: DESKTOP-17S16UC
[2020.05.10-09.43.08:756][  0]LogInit: User: lrod
[2020.05.10-09.43.08:756][  0]LogInit: CPU Page size=4096, Cores=4
[2020.05.10-09.43.08:756][  0]LogInit: High frequency timer resolution =10.000000 MHz
[2020.05.10-09.43.08:756][  0]LogMemory: Memory total: Physical=15.9GB (16GB approx)
[2020.05.10-09.43.08:790][  0]LogMemory: Platform Memory Stats for Windows
[2020.05.10-09.43.08:790][  0]LogMemory: Process Physical Memory: 111.36 MB used, 111.37 MB peak
[2020.05.10-09.43.08:790][  0]LogMemory: Process Virtual Memory: 108.55 MB used, 108.55 MB peak
[2020.05.10-09.43.08:790][  0]LogMemory: Physical Memory: 4669.59 MB used,  11612.95 MB free, 16282.54 MB total
[2020.05.10-09.43.08:790][  0]LogMemory: Virtual Memory: 5182.86 MB used,  134212544.00 MB free, 134217728.00 MB total
[2020.05.10-09.43.08:808][  0]LogWindows: WindowsPlatformFeatures enabled
[2020.05.10-09.43.10:140][  0]LogInit: Using OS detected language (fr-FR).
[2020.05.10-09.43.10:140][  0]LogInit: Using OS detected locale (fr-FR).
[2020.05.10-09.43.10:204][  0]LogTextLocalizationManager: No specific localization for 'fr-FR' exists, so the 'fr' localization will be used.
[2020.05.10-09.43.10:204][  0]LogTextLocalizationResource: LocRes '../../../Engine/Content/Localization/Editor/fr/Editor.locres' could not be opened for reading!
[2020.05.10-09.43.10:205][  0]LogTextLocalizationResource: LocRes '../../../Engine/Content/Localization/EditorTutorials/fr/EditorTutorials.locres' could not be opened for reading!
[2020.05.10-09.43.10:205][  0]LogTextLocalizationResource: LocRes '../../../Engine/Content/Localization/Keywords/fr/Keywords.locres' could not be opened for reading!
[2020.05.10-09.43.10:205][  0]LogTextLocalizationResource: LocRes '../../../Engine/Content/Localization/Category/fr/Category.locres' could not be opened for reading!
[2020.05.10-09.43.10:205][  0]LogTextLocalizationResource: LocRes '../../../Engine/Content/Localization/ToolTips/fr/ToolTips.locres' could not be opened for reading!
[2020.05.10-09.43.10:205][  0]LogTextLocalizationResource: LocRes '../../../Engine/Content/Localization/PropertyNames/fr/PropertyNames.locres' could not be opened for reading!
[2020.05.10-09.43.10:205][  0]LogTextLocalizationResource: LocRes '../../../Engine/Content/Localization/Engine/fr/Engine.locres' could not be opened for reading!
[2020.05.10-09.43.10:385][  0]LogInit: Setting process to per monitor DPI aware
[2020.05.10-09.43.12:733][  0]LogSlate: New Slate User Created.  User Index 0, Is Virtual User: 0
[2020.05.10-09.43.12:733][  0]LogSlate: Slate User Registered.  User Index 0, Is Virtual User: 0
[2020.05.10-09.43.17:407][  0]LogHMD: Failed to initialize OpenVR with code 126
[2020.05.10-09.43.17:407][  0]LogD3D11RHI: D3D11 min allowed feature level: 11_0
[2020.05.10-09.43.17:407][  0]LogD3D11RHI: D3D11 max allowed feature level: 11_0
[2020.05.10-09.43.17:407][  0]LogD3D11RHI: D3D11 adapters:
[2020.05.10-09.43.17:831][  0]LogD3D11RHI:    0. 'NVIDIA GeForce GTX 960M' (Feature Level 11_0)
[2020.05.10-09.43.17:831][  0]LogD3D11RHI:       4055/0/8141 MB DedicatedVideo/DedicatedSystem/SharedSystem, Outputs:1, VendorId:0x10de
[2020.05.10-09.43.17:841][  0]LogD3D11RHI:    1. 'Intel(R) HD Graphics 530' (Feature Level 11_0)
[2020.05.10-09.43.17:841][  0]LogD3D11RHI:       128/0/8141 MB DedicatedVideo/DedicatedSystem/SharedSystem, Outputs:0, VendorId:0x8086
[2020.05.10-09.43.17:844][  0]LogD3D11RHI:    2. 'Microsoft Basic Render Driver' (Feature Level 11_0)
[2020.05.10-09.43.17:844][  0]LogD3D11RHI:       0/0/8141 MB DedicatedVideo/DedicatedSystem/SharedSystem, Outputs:0, VendorId:0x1414
[2020.05.10-09.43.17:844][  0]LogD3D11RHI: Chosen D3D11 Adapter: 0
[2020.05.10-09.43.17:945][  0]LogD3D11RHI: Creating new Direct3DDevice
[2020.05.10-09.43.17:945][  0]LogD3D11RHI:     GPU DeviceId: 0x139b (for the marketing name, search the web for "GPU Device Id")
[2020.05.10-09.43.17:945][  0]LogWindows: EnumDisplayDevices:
[2020.05.10-09.43.17:945][  0]LogWindows:    0. 'Intel(R) HD Graphics 530' (P:1 D:1)
[2020.05.10-09.43.17:946][  0]LogWindows:    1. 'Intel(R) HD Graphics 530' (P:0 D:0)
[2020.05.10-09.43.17:946][  0]LogWindows:    2. 'Intel(R) HD Graphics 530' (P:0 D:0)
[2020.05.10-09.43.17:946][  0]LogWindows: DebugString: PrimaryIsNotTheChoosenAdapter PrimaryIsNotTheChoosenAdapter PrimaryIsNotTheChoosenAdapter FoundDriverCount:0 
[2020.05.10-09.43.17:946][  0]LogD3D11RHI:     Adapter Name: NVIDIA GeForce GTX 960M
[2020.05.10-09.43.17:946][  0]LogD3D11RHI:   Driver Version: Unknown (internal:Unknown, unified:Unknown)
[2020.05.10-09.43.17:946][  0]LogD3D11RHI:      Driver Date: Unknown
[2020.05.10-09.43.17:947][  0]LogRHI: Texture pool is 2839 MB (70% of 4055 MB)
[2020.05.10-09.43.18:007][  0]LogD3D11RHI: RHI has support for 64 bit atomics
[2020.05.10-09.43.18:008][  0]LogD3D11RHI: Async texture creation enabled
[2020.05.10-09.43.18:290][  0]LogD3D11RHI: GPU Timing Frequency: 1000.000000 (Debug: 2 1)
[2020.05.10-09.43.19:215][  0]LogTargetPlatformManager: Display: Loaded TargetPlatform 'AllDesktop'
[2020.05.10-09.43.19:313][  0]LogTargetPlatformManager: Display: Loaded TargetPlatform 'Android'
[2020.05.10-09.43.19:313][  0]LogTargetPlatformManager: Display: Loaded TargetPlatform 'Android_ASTC'
[2020.05.10-09.43.19:313][  0]LogTargetPlatformManager: Display: Loaded TargetPlatform 'Android_ATC'
[2020.05.10-09.43.19:313][  0]LogTargetPlatformManager: Display: Loaded TargetPlatform 'Android_DXT'
[2020.05.10-09.43.19:313][  0]LogTargetPlatformManager: Display: Loaded TargetPlatform 'Android_ETC1'
[2020.05.10-09.43.19:313][  0]LogTargetPlatformManager: Display: Loaded TargetPlatform 'Android_ETC1a'
[2020.05.10-09.43.19:313][  0]LogTargetPlatformManager: Display: Loaded TargetPlatform 'Android_ETC2'
[2020.05.10-09.43.19:313][  0]LogTargetPlatformManager: Display: Loaded TargetPlatform 'Android_PVRTC'
[2020.05.10-09.43.19:313][  0]LogTargetPlatformManager: Display: Loaded TargetPlatform 'AndroidClient'
[2020.05.10-09.43.19:313][  0]LogTargetPlatformManager: Display: Loaded TargetPlatform 'Android_ASTCClient'
[2020.05.10-09.43.19:313][  0]LogTargetPlatformManager: Display: Loaded TargetPlatform 'Android_ATCClient'
[2020.05.10-09.43.19:313][  0]LogTargetPlatformManager: Display: Loaded TargetPlatform 'Android_DXTClient'
[2020.05.10-09.43.19:313][  0]LogTargetPlatformManager: Display: Loaded TargetPlatform 'Android_ETC1Client'
[2020.05.10-09.43.19:313][  0]LogTargetPlatformManager: Display: Loaded TargetPlatform 'Android_ETC1aClient'
[2020.05.10-09.43.19:313][  0]LogTargetPlatformManager: Display: Loaded TargetPlatform 'Android_ETC2Client'
[2020.05.10-09.43.19:313][  0]LogTargetPlatformManager: Display: Loaded TargetPlatform 'Android_PVRTCClient'
[2020.05.10-09.43.19:313][  0]LogTargetPlatformManager: Display: Loaded TargetPlatform 'Android_Multi'
[2020.05.10-09.43.19:313][  0]LogTargetPlatformManager: Display: Loaded TargetPlatform 'Android_MultiClient'
[2020.05.10-09.43.19:430][  0]LogTargetPlatformManager: Display: Loaded TargetPlatform 'IOSClient'
[2020.05.10-09.43.19:430][  0]LogTargetPlatformManager: Display: Loaded TargetPlatform 'IOS'
[2020.05.10-09.43.19:473][  0]LogTargetPlatformManager: Display: Loaded TargetPlatform 'LinuxNoEditor'
[2020.05.10-09.43.19:512][  0]LogTargetPlatformManager: Display: Loaded TargetPlatform 'LinuxClient'
[2020.05.10-09.43.19:539][  0]LogTargetPlatformManager: Display: Loaded TargetPlatform 'LinuxServer'
[2020.05.10-09.43.19:577][  0]LogTargetPlatformManager: Display: Loaded TargetPlatform 'LinuxAArch64NoEditor'
[2020.05.10-09.43.19:603][  0]LogTargetPlatformManager: Display: Loaded TargetPlatform 'LinuxAArch64Client'
[2020.05.10-09.43.19:629][  0]LogTargetPlatformManager: Display: Loaded TargetPlatform 'LinuxAArch64Server'
[2020.05.10-09.43.19:690][  0]LogTargetPlatformManager: Display: Loaded TargetPlatform 'Lumin'
[2020.05.10-09.43.19:690][  0]LogTargetPlatformManager: Display: Loaded TargetPlatform 'LuminClient'
[2020.05.10-09.43.19:737][  0]LogTargetPlatformManager: Display: Loaded TargetPlatform 'TVOSClient'
[2020.05.10-09.43.19:737][  0]LogTargetPlatformManager: Display: Loaded TargetPlatform 'TVOS'
[2020.05.10-09.43.19:786][  0]LogTargetPlatformManager: Display: Loaded TargetPlatform 'WindowsNoEditor'
[2020.05.10-09.43.19:813][  0]LogTargetPlatformManager: Display: Loaded TargetPlatform 'Windows'
[2020.05.10-09.43.19:840][  0]LogTargetPlatformManager: Display: Loaded TargetPlatform 'WindowsClient'
[2020.05.10-09.43.19:866][  0]LogTargetPlatformManager: Display: Loaded TargetPlatform 'WindowsServer'
[2020.05.10-09.43.19:866][  0]LogTargetPlatformManager: Display: Building Assets For Windows
[2020.05.10-09.43.19:985][  0]LogAudioDebug: Display: Lib vorbis DLL was dynamically loaded.
[2020.05.10-09.43.20:740][  0]LogShaderCompilers: Guid format shader working directory is -33 characters bigger than the processId version (C:/Users/lrod/Desktop/OpenWorld/OpenWorld_Changeling/AdvancedLocomotionSystemV/Intermediate/Shaders/WorkingDirectory/4352/).
[2020.05.10-09.43.20:740][  0]LogShaderCompilers: Cleaned the shader compiler working directory 'C:/Users/lrod/AppData/Local/Temp/UnrealShaderWorkingDir/D51641DB4B350779503FF2ADD23A2656/'.
[2020.05.10-09.43.20:743][  0]LogXGEController: Cleaning working directory: C:/Users/lrod/AppData/Local/Temp/UnrealXGEWorkingDir/
[2020.05.10-09.43.20:744][  0]LogXGEController: Cannot use XGE Controller as Incredibuild is not installed on this machine.
[2020.05.10-09.43.20:744][  0]LogShaderCompilers: Cannot use XGE Shader Compiler as Incredibuild is not installed on this machine.
[2020.05.10-09.43.20:744][  0]LogShaderCompilers: Display: Using Local Shader Compiler.
[2020.05.10-09.43.27:213][  0]LogDerivedDataCache: Display: Max Cache Size: 512 MB
[2020.05.10-09.43.27:970][  0]LogDerivedDataCache: Loaded boot cache 0.75s 96MB C:/Users/lrod/AppData/Local/UnrealEngine/4.24/DerivedDataCache/Boot.ddc.
[2020.05.10-09.43.27:970][  0]LogDerivedDataCache: Display: Loaded Boot cache: C:/Users/lrod/AppData/Local/UnrealEngine/4.24/DerivedDataCache/Boot.ddc
[2020.05.10-09.43.27:970][  0]LogDerivedDataCache: FDerivedDataBackendGraph:  Pak pak cache file C:/Users/lrod/Desktop/OpenWorld/OpenWorld_Changeling/AdvancedLocomotionSystemV/DerivedDataCache/DDC.ddp not found, will not use a pak cache.
[2020.05.10-09.43.27:970][  0]LogDerivedDataCache: Unable to find inner node Pak for hierarchical cache Hierarchy.
[2020.05.10-09.43.27:970][  0]LogDerivedDataCache: FDerivedDataBackendGraph:  CompressedPak pak cache file C:/Users/lrod/Desktop/OpenWorld/OpenWorld_Changeling/AdvancedLocomotionSystemV/DerivedDataCache/Compressed.ddp not found, will not use a pak cache.
[2020.05.10-09.43.27:970][  0]LogDerivedDataCache: Unable to find inner node CompressedPak for hierarchical cache Hierarchy.
[2020.05.10-09.43.28:034][  0]LogDerivedDataCache: Display: Pak cache opened for reading ../../../Engine/DerivedDataCache/Compressed.ddp.
[2020.05.10-09.43.28:034][  0]LogDerivedDataCache: FDerivedDataBackendGraph:  EnterprisePak pak cache file ../../../Enterprise/DerivedDataCache/Compressed.ddp not found, will not use a pak cache.
[2020.05.10-09.43.28:034][  0]LogDerivedDataCache: Unable to find inner node EnterprisePak for hierarchical cache Hierarchy.
[2020.05.10-09.43.28:036][  0]LogDerivedDataCache: Using Local data cache path C:/Users/lrod/AppData/Local/UnrealEngine/Common/DerivedDataCache: Writable
[2020.05.10-09.43.28:036][  0]LogDerivedDataCache: Shared data cache path not found in *engine.ini, will not use an Shared cache.
[2020.05.10-09.43.28:036][  0]LogDerivedDataCache: Unable to find inner node Shared for hierarchical cache Hierarchy.
[2020.05.10-09.43.28:135][  0]LogMaterial: Verifying Global Shaders for PCD3D_SM5
[2020.05.10-09.43.28:205][  0]LogSlate: Using FreeType 2.10.0
[2020.05.10-09.43.28:299][  0]LogSlate: SlateFontServices - WITH_FREETYPE: 1, WITH_HARFBUZZ: 1
[2020.05.10-09.43.29:355][  0]LogAssetRegistry: FAssetRegistry took 0.0072 seconds to start up
[2020.05.10-09.43.35:154][  0]LogCollisionProfile: Warning: Profile (Pawn) - Custom Channel Name = 'Grabbable' hasn't been found
[2020.05.10-09.43.35:154][  0]LogCollisionProfile: Warning: Profile (Spectator) - Custom Channel Name = 'Grabbable' hasn't been found
[2020.05.10-09.43.35:154][  0]LogCollisionProfile: Warning: Profile (CharacterMesh) - Custom Channel Name = 'Grabbable' hasn't been found
[2020.05.10-09.43.35:154][  0]LogCollisionProfile: Warning: Profile (InvisibleWall) - Custom Channel Name = 'Grabbable' hasn't been found
[2020.05.10-09.43.35:154][  0]LogCollisionProfile: Warning: Profile (InvisibleWallDynamic) - Custom Channel Name = 'Grabbable' hasn't been found
[2020.05.10-09.43.35:154][  0]LogCollisionProfile: Warning: Profile (Trigger) - Custom Channel Name = 'Grabbable' hasn't been found
[2020.05.10-09.43.35:154][  0]LogCollisionProfile: Warning: Profile (Ragdoll) - Custom Channel Name = 'Grabbable' hasn't been found
[2020.05.10-09.43.35:154][  0]LogCollisionProfile: Warning: Profile (UI) - Custom Channel Name = 'Grabbable' hasn't been found
[2020.05.10-09.43.35:154][  0]LogCollisionProfile: Warning: Profile (ALS_Character) - Custom Channel Name = 'Grabbable' hasn't been found
[2020.05.10-09.43.35:154][  0]LogCollisionProfile: Warning: Profile (ALS_Prop) - Custom Channel Name = 'Grabbable' hasn't been found
[2020.05.10-09.43.35:345][  0]LogInit: Selected Device Profile: [Windows]
[2020.05.10-09.43.36:935][  0]LogMeshReduction: Using QuadricMeshReduction for automatic static mesh reduction
[2020.05.10-09.43.36:935][  0]LogMeshReduction: Using SimplygonMeshReduction for automatic skeletal mesh reduction
[2020.05.10-09.43.36:935][  0]LogMeshReduction: Using ProxyLODMeshReduction for automatic mesh merging
[2020.05.10-09.43.36:935][  0]LogMeshReduction: No distributed automatic mesh merging module available
[2020.05.10-09.43.36:935][  0]LogMeshMerging: No distributed automatic mesh merging module available
[2020.05.10-09.43.37:291][  0]LogNetVersion: AdvancedLocomotionSystemV 1.0.0, NetCL: 10570792, EngineNetVer: 13, GameNetVer: 0 (Checksum: 1377953754)
[2020.05.10-09.43.49:463][  0]LogPackageLocalizationCache: Processed 11 localized package path(s) for 1 prioritized culture(s) in 0.072734 seconds
[2020.05.10-09.43.49:490][  0]LogUObjectArray: 46750 objects as part of root set at end of initial load.
[2020.05.10-09.43.49:490][  0]LogUObjectAllocator: 8137160 out of 0 bytes used by permanent object pool.
[2020.05.10-09.43.49:490][  0]LogUObjectArray: CloseDisregardForGC: 0/0 objects in disregard for GC pool
[2020.05.10-09.43.53:860][  0]LogTcpMessaging: Initializing TcpMessaging bridge
[2020.05.10-09.43.53:913][  0]LogUdpMessaging: Initializing bridge on interface 0.0.0.0:0 to multicast group 230.0.0.1:6666.
[2020.05.10-09.43.54:618][  0]SourceControl: Source control is disabled
[2020.05.10-09.43.54:628][  0]SourceControl: Source control is disabled
[2020.05.10-09.43.54:710][  0]SourceControl: Source control is disabled
[2020.05.10-09.43.54:744][  0]SourceControl: Source control is disabled
[2020.05.10-09.43.54:765][  0]SourceControl: Source control is disabled
[2020.05.10-09.43.56:217][  0]LogAndroidPermission: UAndroidPermissionCallbackProxy::GetInstance
[2020.05.10-09.43.56:380][  0]LogAudioCaptureCore: Display: No Audio Capture implementations found. Audio input will be silent.
[2020.05.10-09.43.56:380][  0]LogAudioCaptureCore: Display: No Audio Capture implementations found. Audio input will be silent.
[2020.05.10-09.43.56:988][  0]LogOcInput: OculusInput pre-init called
[2020.05.10-09.43.58:971][  0]LogEngine: Initializing Engine...
[2020.05.10-09.43.59:040][  0]LogHMD: Failed to initialize OpenVR with code 126
[2020.05.10-09.43.59:095][  0]LogStats: UGameplayTagsManager::InitializeManager -  0.015 s
[2020.05.10-09.43.59:976][  0]LogInit: Initializing FReadOnlyCVARCache
[2020.05.10-09.44.00:358][  0]LogAIModule: Creating AISystem for world Untitled
[2020.05.10-09.44.00:527][  0]LogAudioMixer: Display: Audio Mixer Platform Settings:
[2020.05.10-09.44.00:527][  0]LogAudioMixer: Display: 	Sample Rate:						  48000
[2020.05.10-09.44.00:527][  0]LogAudioMixer: Display: 	Callback Buffer Frame Size Requested: 1024
[2020.05.10-09.44.00:527][  0]LogAudioMixer: Display: 	Callback Buffer Frame Size To Use:	  1024
[2020.05.10-09.44.00:527][  0]LogAudioMixer: Display: 	Number of buffers to queue:			  2
[2020.05.10-09.44.00:527][  0]LogAudioMixer: Display: 	Max Channels (voices):				  32
[2020.05.10-09.44.00:527][  0]LogAudioMixer: Display: 	Number of Async Source Workers:		  0
[2020.05.10-09.44.00:527][  0]LogAudio: Display: AudioDevice MaxSources: 32
[2020.05.10-09.44.00:541][  0]LogAudio: Display: Using built-in audio occlusion.
[2020.05.10-09.44.00:541][  0]LogAudioMixer: Display: Initializing audio mixer.
[2020.05.10-09.44.00:635][  0]LogAudioMixer: Display: Audio Device Output Speaker Info:
[2020.05.10-09.44.00:636][  0]LogAudioMixer: Display: Name: Speakers (Conexant SmartAudio HD)
[2020.05.10-09.44.00:636][  0]LogAudioMixer: Display: Is Default: Yes
[2020.05.10-09.44.00:636][  0]LogAudioMixer: Display: Sample Rate: 48000
[2020.05.10-09.44.00:636][  0]LogAudioMixer: Display: Channel Count Used: 2
[2020.05.10-09.44.00:636][  0]LogAudioMixer: Display: Device Channel Count: 2
[2020.05.10-09.44.00:636][  0]LogAudioMixer: Display: Channel Order:
[2020.05.10-09.44.00:636][  0]LogAudioMixer: Display: 0: FrontLeft
[2020.05.10-09.44.00:636][  0]LogAudioMixer: Display: 1: FrontRight
[2020.05.10-09.44.02:034][  0]LogAudioMixer: Display: Using Audio Device Speakers (Conexant SmartAudio HD)
[2020.05.10-09.44.02:070][  0]LogInit: FAudioDevice initialized.
[2020.05.10-09.44.02:090][  0]LogNetVersion: Set ProjectVersion to 1.0.0.0. Version Checksum will be recalculated on next use.
[2020.05.10-09.44.02:288][  0]LogDerivedDataCache: Saved boot cache 0.20s 96MB C:/Users/lrod/AppData/Local/UnrealEngine/4.24/DerivedDataCache/Boot.ddc.
[2020.05.10-09.44.02:293][  0]LogInit: Texture streaming: Enabled
[2020.05.10-09.44.02:447][  0]LogEngineSessionManager: EngineSessionManager initialized
[2020.05.10-09.44.02:457][  0]LogEditorSessionSummary: Verbose: Initializing EditorSessionSummaryWriter for editor session tracking
[2020.05.10-09.44.02:458][  0]LogEditorSessionSummary: EditorSessionSummaryWriter initialized
[2020.05.10-09.44.02:908][  0]LogInit: Transaction tracking system initialized
[2020.05.10-09.44.03:226][  0]BlueprintLog: New page: Editor Load
[2020.05.10-09.44.04:263][  0]LocalizationService: Localization service is disabled
[2020.05.10-09.44.08:627][  0]LogCook: Display: Max memory allowance for cook 16384mb min free memory 0mb
[2020.05.10-09.44.08:627][  0]LogCook: Display: Mobile HDR setting 1
[2020.05.10-09.44.11:409][  0]SourceControl: Source control is disabled
[2020.05.10-09.44.11:437][  0]Cmd: MAP LOAD FILE="C:/Users/lrod/Desktop/OpenWorld/OpenWorld_Changeling/AdvancedLocomotionSystemV/Content/AdvancedLocomotionV4/Levels/ALS_DemoLevel.umap" TEMPLATE=0 SHOWPROGRESS=1 FEATURELEVEL=3
[2020.05.10-09.44.11:452][  0]LightingResults: New page: Lighting Build
[2020.05.10-09.44.11:501][  0]LogWorld: UWorld::CleanupWorld for Untitled, bSessionEnded=true, bCleanupResources=true
[2020.05.10-09.44.11:524][  0]LogSlate: InvalidateAllWidgets triggered.  All widgets were invalidated
[2020.05.10-09.44.11:541][  0]MapCheck: New page: Map Check
[2020.05.10-09.44.11:541][  0]LightingResults: New page: Lighting Build
[2020.05.10-09.44.11:728][  0]LogUObjectHash: Compacting FUObjectHashTables data took   1.76ms
[2020.05.10-09.44.12:694][  0]LogProperty: Error: UStructProperty::Serialize Loading: Property 'StructProperty /Game/Changeling/Blueprints/Data/QuestSystem/D_Quest.D_Quest_C:QuestData'. Unknown structure.
[2020.05.10-09.44.12:694][  0]LogClass: Warning: Property QuestData of QuestData has a struct type mismatch (tag STRUCT_REINST_S_Quest_0 != prop FallbackStruct) in package:  C:/Users/lrod/Desktop/OpenWorld/OpenWorld_Changeling/AdvancedLocomotionSystemV/Content/Changeling/Blueprints/Data/QuestSystem/D_Quest.uasset. If that struct got renamed, add an entry to ActiveStructRedirects.
[2020.05.10-09.44.12:697][  0]LogProperty: Error: UStructProperty::Serialize Loading: Property 'StructProperty /Game/Changeling/Blueprints/Save/SBP_SaveInstanceData.SBP_SaveInstanceData_C:CurrentData'. Unknown structure.
[2020.05.10-09.44.12:697][  0]LogProperty: Error: UStructProperty::Serialize Loading: Property 'StructProperty /Game/Changeling/Blueprints/Save/SBP_SaveInstanceData.SBP_SaveInstanceData_C:UITop'. Unknown structure.
[2020.05.10-09.44.12:697][  0]LogProperty: Error: UStructProperty::Serialize Loading: Property 'StructProperty /Game/Changeling/Blueprints/Save/SBP_SaveInstanceData.SBP_SaveInstanceData_C:UIRight'. Unknown structure.
[2020.05.10-09.44.12:697][  0]LogProperty: Error: UStructProperty::Serialize Loading: Property 'StructProperty /Game/Changeling/Blueprints/Save/SBP_SaveInstanceData.SBP_SaveInstanceData_C:UILeft'. Unknown structure.
[2020.05.10-09.44.12:700][  0]LogClass: Warning: Property CurrentData of CurrentData has a struct type mismatch (tag STRUCT_REINST_S_CharacterData_11 != prop FallbackStruct) in package:  C:/Users/lrod/Desktop/OpenWorld/OpenWorld_Changeling/AdvancedLocomotionSystemV/Content/Changeling/Blueprints/Save/SBP_SaveInstanceData.uasset. If that struct got renamed, add an entry to ActiveStructRedirects.
[2020.05.10-09.44.12:700][  0]LogClass: Warning: Property UITop of UITop has a struct type mismatch (tag STRUCT_REINST_S_CharacterData_11 != prop FallbackStruct) in package:  C:/Users/lrod/Desktop/OpenWorld/OpenWorld_Changeling/AdvancedLocomotionSystemV/Content/Changeling/Blueprints/Save/SBP_SaveInstanceData.uasset. If that struct got renamed, add an entry to ActiveStructRedirects.
[2020.05.10-09.44.12:700][  0]LogClass: Warning: Property UIRight of UIRight has a struct type mismatch (tag STRUCT_REINST_S_CharacterData_11 != prop FallbackStruct) in package:  C:/Users/lrod/Desktop/OpenWorld/OpenWorld_Changeling/AdvancedLocomotionSystemV/Content/Changeling/Blueprints/Save/SBP_SaveInstanceData.uasset. If that struct got renamed, add an entry to ActiveStructRedirects.
[2020.05.10-09.44.12:700][  0]LogClass: Warning: Property UILeft of UILeft has a struct type mismatch (tag STRUCT_REINST_S_CharacterData_11 != prop FallbackStruct) in package:  C:/Users/lrod/Desktop/OpenWorld/OpenWorld_Changeling/AdvancedLocomotionSystemV/Content/Changeling/Blueprints/Save/SBP_SaveInstanceData.uasset. If that struct got renamed, add an entry to ActiveStructRedirects.
[2020.05.10-09.44.16:201][  0]LogProperty: Error: UStructProperty::Serialize Loading: Property 'StructProperty /Game/Changeling/Blueprints/UI/BaseWidget/WB_PopIn.WB_PopIn_C:GetSecret.CallFunc_Array_Get_Item'. Unknown structure.
[2020.05.10-09.44.16:202][  0]LogProperty: Error: UStructProperty::Serialize Loading: Property 'StructProperty /Game/Changeling/Blueprints/UI/BaseWidget/WB_PopIn.WB_PopIn_C:CharacterRef'. Unknown structure.
[2020.05.10-09.44.16:342][  0]LogProperty: Error: UStructProperty::Serialize Loading: Property 'StructProperty /Game/Changeling/Blueprints/UI/BaseWidget/WB_ChangeInfo.WB_ChangeInfo_C:UpdateData.Data Ref'. Unknown structure.
[2020.05.10-09.44.16:342][  0]LogProperty: Error: UStructProperty::Serialize Loading: Property 'StructProperty /Game/Changeling/Blueprints/UI/BaseWidget/WB_ChangeInfo.WB_ChangeInfo_C:DataTop'. Unknown structure.
[2020.05.10-09.44.16:342][  0]LogProperty: Error: UStructProperty::Serialize Loading: Property 'StructProperty /Game/Changeling/Blueprints/UI/BaseWidget/WB_ChangeInfo.WB_ChangeInfo_C:DataLeft'. Unknown structure.
[2020.05.10-09.44.16:342][  0]LogProperty: Error: UStructProperty::Serialize Loading: Property 'StructProperty /Game/Changeling/Blueprints/UI/BaseWidget/WB_ChangeInfo.WB_ChangeInfo_C:DataRight'. Unknown structure.
[2020.05.10-09.44.16:342][  0]LogClass: Warning: Property DataTop of DataTop has a struct type mismatch (tag STRUCT_REINST_S_CharacterData_11 != prop FallbackStruct) in package:  C:/Users/lrod/Desktop/OpenWorld/OpenWorld_Changeling/AdvancedLocomotionSystemV/Content/Changeling/Blueprints/UI/BaseWidget/WB_ChangeInfo.uasset. If that struct got renamed, add an entry to ActiveStructRedirects.
[2020.05.10-09.44.16:342][  0]LogClass: Warning: Property DataLeft of DataLeft has a struct type mismatch (tag STRUCT_REINST_S_CharacterData_11 != prop FallbackStruct) in package:  C:/Users/lrod/Desktop/OpenWorld/OpenWorld_Changeling/AdvancedLocomotionSystemV/Content/Changeling/Blueprints/UI/BaseWidget/WB_ChangeInfo.uasset. If that struct got renamed, add an entry to ActiveStructRedirects.
[2020.05.10-09.44.16:342][  0]LogClass: Warning: Property DataRight of DataRight has a struct type mismatch (tag STRUCT_REINST_S_CharacterData_11 != prop FallbackStruct) in package:  C:/Users/lrod/Desktop/OpenWorld/OpenWorld_Changeling/AdvancedLocomotionSystemV/Content/Changeling/Blueprints/UI/BaseWidget/WB_ChangeInfo.uasset. If that struct got renamed, add an entry to ActiveStructRedirects.
[2020.05.10-09.44.16:354][  0]LogProperty: Error: UStructProperty::Serialize Loading: Property 'StructProperty /Game/Changeling/Blueprints/UI/BaseWidget/WB_IconChange.WB_IconChange_C:DataCurrent'. Unknown structure.
[2020.05.10-09.44.16:630][  0]LogClass: Warning: Property DataCurrent of DataCurrent has a struct type mismatch (tag STRUCT_REINST_S_CharacterData_11 != prop FallbackStruct) in package:  C:/Users/lrod/Desktop/OpenWorld/OpenWorld_Changeling/AdvancedLocomotionSystemV/Content/Changeling/Blueprints/UI/BaseWidget/WB_IconChange.uasset. If that struct got renamed, add an entry to ActiveStructRedirects.
[2020.05.10-09.44.16:680][  0]LogClass: Warning: Property CharacterRef of CharacterRef has a struct type mismatch (tag STRUCT_REINST_S_CharacterData_11 != prop FallbackStruct) in package:  C:/Users/lrod/Desktop/OpenWorld/OpenWorld_Changeling/AdvancedLocomotionSystemV/Content/Changeling/Blueprints/UI/BaseWidget/WB_PopIn.uasset. If that struct got renamed, add an entry to ActiveStructRedirects.
[2020.05.10-09.44.16:749][  0]LogProperty: Error: UStructProperty::Serialize Loading: Property 'StructProperty /Game/Changeling/Blueprints/UI/BaseWidget/WB_SecretUnlock.WB_SecretUnlock_C:Get_SecretDescription_Text_0.CallFunc_Array_Get_Item'. Unknown structure.
[2020.05.10-09.44.31:755][  0]LogClass: Warning: Property CurrentData of CurrentData has a struct type mismatch (tag FallbackStruct != prop S_CharacterData) in package:  FObjectReader. If that struct got renamed, add an entry to ActiveStructRedirects.
[2020.05.10-09.44.31:756][  0]LogClass: Warning: Property UITop of UITop has a struct type mismatch (tag FallbackStruct != prop S_CharacterData) in package:  FObjectReader. If that struct got renamed, add an entry to ActiveStructRedirects.
[2020.05.10-09.44.31:756][  0]LogClass: Warning: Property UIRight of UIRight has a struct type mismatch (tag FallbackStruct != prop S_CharacterData) in package:  FObjectReader. If that struct got renamed, add an entry to ActiveStructRedirects.
[2020.05.10-09.44.31:756][  0]LogClass: Warning: Property UILeft of UILeft has a struct type mismatch (tag FallbackStruct != prop S_CharacterData) in package:  FObjectReader. If that struct got renamed, add an entry to ActiveStructRedirects.
[2020.05.10-09.44.31:756][  0]LogClass: Warning: Property QuestData of QuestData has a struct type mismatch (tag FallbackStruct != prop S_Quest) in package:  FObjectReader. If that struct got renamed, add an entry to ActiveStructRedirects.
[2020.05.10-09.44.31:765][  0]LogClass: Warning: Property DataTop of DataTop has a struct type mismatch (tag FallbackStruct != prop S_CharacterData) in package:  FObjectReader. If that struct got renamed, add an entry to ActiveStructRedirects.
[2020.05.10-09.44.31:765][  0]LogClass: Warning: Property DataLeft of DataLeft has a struct type mismatch (tag FallbackStruct != prop S_CharacterData) in package:  FObjectReader. If that struct got renamed, add an entry to ActiveStructRedirects.
[2020.05.10-09.44.31:765][  0]LogClass: Warning: Property DataRight of DataRight has a struct type mismatch (tag FallbackStruct != prop S_CharacterData) in package:  FObjectReader. If that struct got renamed, add an entry to ActiveStructRedirects.
[2020.05.10-09.44.31:767][  0]LogClass: Warning: Property DataCurrent of DataCurrent has a struct type mismatch (tag FallbackStruct != prop S_CharacterData) in package:  FObjectReader. If that struct got renamed, add an entry to ActiveStructRedirects.
[2020.05.10-09.44.31:770][  0]LogClass: Warning: Property CharacterRef of CharacterRef has a struct type mismatch (tag FallbackStruct != prop S_CharacterData) in package:  FObjectReader. If that struct got renamed, add an entry to ActiveStructRedirects.
[2020.05.10-09.44.37:038][  0]LogClass: Warning: Property QuestData of QuestData has a struct type mismatch (tag S_Quest != prop FallbackStruct) in package:  C:/Users/lrod/Desktop/OpenWorld/OpenWorld_Changeling/AdvancedLocomotionSystemV/Content/Changeling/Blueprints/Data/QuestSystem/QuestData/Q_3.uasset. If that struct got renamed, add an entry to ActiveStructRedirects.
[2020.05.10-09.44.37:038][  0]LogClass: Warning: Property QuestData of QuestData has a struct type mismatch (tag S_Quest != prop FallbackStruct) in package:  C:/Users/lrod/Desktop/OpenWorld/OpenWorld_Changeling/AdvancedLocomotionSystemV/Content/Changeling/Blueprints/Data/QuestSystem/QuestData/Q_2.uasset. If that struct got renamed, add an entry to ActiveStructRedirects.
[2020.05.10-09.44.50:022][  0]LogAIModule: Creating AISystem for world ALS_DemoLevel
[2020.05.10-09.44.50:862][  0]LogEditorServer: Finished looking for orphan Actors (0.000 secs)
[2020.05.10-09.44.51:022][  0]LogUObjectHash: Compacting FUObjectHashTables data took   5.43ms
[2020.05.10-09.44.51:023][  0]Cmd: MAP CHECKDEP NOCLEARLOG
[2020.05.10-09.44.51:050][  0]MapCheck: Map check complete: 0 Error(s), 0 Warning(s), took 15,657ms to complete.
[2020.05.10-09.44.51:050][  0]LogFileHelpers: Loading map 'ALS_DemoLevel' took 39.632
[2020.05.10-09.44.52:213][  0]LogSlate: Updating window title bar state: overlay mode, drag disabled, window buttons hidden, title bar hidden
[2020.05.10-09.44.52:222][  0]LogSlate: Updating window title bar state: overlay mode, drag disabled, window buttons hidden, title bar hidden
[2020.05.10-09.44.52:231][  0]LogSlate: Updating window title bar state: overlay mode, drag disabled, window buttons hidden, title bar hidden
[2020.05.10-09.44.52:239][  0]LogSlate: Updating window title bar state: overlay mode, drag disabled, window buttons hidden, title bar hidden
[2020.05.10-09.44.52:318][  0]LogCollectionManager: Loaded 0 collections in 0.001113 seconds
[2020.05.10-09.44.52:418][  0]LogFileCache: Scanning file cache for directory 'C:/Users/lrod/Desktop/OpenWorld/OpenWorld_Changeling/AdvancedLocomotionSystemV/Saved/Collections/' took 0.00s
[2020.05.10-09.44.52:418][  0]LogFileCache: Scanning file cache for directory 'C:/Users/lrod/Desktop/OpenWorld/OpenWorld_Changeling/AdvancedLocomotionSystemV/Content/Developers/lrod/Collections/' took 0.00s
[2020.05.10-09.44.52:418][  0]LogFileCache: Scanning file cache for directory 'C:/Users/lrod/Desktop/OpenWorld/OpenWorld_Changeling/AdvancedLocomotionSystemV/Content/Collections/' took 0.00s
[2020.05.10-09.44.52:418][  0]LogContentBrowser: Native class hierarchy populated in 0.0098 seconds. Added 3024 classes and 725 folders.
[2020.05.10-09.44.52:503][  0]LogContentBrowser: Native class hierarchy updated for 'WidgetCarousel' in 0.0004 seconds. Added 0 classes and 0 folders.
[2020.05.10-09.44.53:483][  0]LogContentBrowser: Native class hierarchy updated for 'AddContentDialog' in 0.0003 seconds. Added 0 classes and 0 folders.
[2020.05.10-09.44.53:563][  0]LogContentBrowser: Native class hierarchy updated for 'WorldBrowser' in 0.0004 seconds. Added 2 classes and 3 folders.
[2020.05.10-09.44.54:052][  0]LogSlate: Took 0.021136 seconds to synchronously load lazily loaded font '../../../Engine/Content/Slate/Fonts/Roboto-Regular.ttf' (155K)
[2020.05.10-09.44.54:098][  0]LogSlate: Took 0.011445 seconds to synchronously load lazily loaded font '../../../Engine/Content/Slate/Fonts/Roboto-Bold.ttf' (160K)
[2020.05.10-09.44.54:129][  0]LogSlate: Took 0.019920 seconds to synchronously load lazily loaded font '../../../Engine/Content/Editor/Slate/Fonts/FontAwesome.ttf' (139K)
[2020.05.10-09.44.54:487][  0]LogRenderer: Reallocating scene render targets to support 888x416 Format 9 NumSamples 1 (Frame:1).
[2020.05.10-09.44.54:943][  0]LogContentBrowser: Native class hierarchy updated for 'HierarchicalLODOutliner' in 0.0005 seconds. Added 0 classes and 0 folders.
[2020.05.10-09.44.54:944][  0]LogLoad: (Engine Initialization) Total time: 123.01 seconds
[2020.05.10-09.44.54:944][  0]LogLoad: (Engine Initialization) Total Blueprint compile time: 0.00 seconds
[2020.05.10-09.44.55:188][  0]LogContentStreaming: Texture pool size now 600 MB
[2020.05.10-09.44.55:302][  0]LogSlate: Took 0.062479 seconds to synchronously load lazily loaded font '../../../Engine/Content/Slate/Fonts/DroidSansFallback.ttf' (3848K)
[2020.05.10-09.44.55:302][  0]LogSlate: Last resort fallback font was requested. Font: '../../../Engine/Content/Slate/Fonts/DroidSansFallback.ttf', Character: '  (U+202f)'
[2020.05.10-09.44.55:366][  0]LogSlate: Took 0.062843 seconds to synchronously load lazily loaded font '../../../Engine/Content/SlateDebug/Fonts/LastResort.ttf' (5269K)
[2020.05.10-09.44.55:383][  0]LogSlate: Took 0.015616 seconds to synchronously load lazily loaded font '../../../Engine/Content/Slate/Fonts/Roboto-Light.ttf' (167K)
[2020.05.10-09.44.55:491][  0]LogSlate: Took 0.000232 seconds to synchronously load lazily loaded font '../../../Engine/Content/Slate/Fonts/Roboto-Light.ttf' (167K)
[2020.05.10-09.44.58:410][ 35]LogAssetRegistry: Asset discovery search completed in 89.0563 seconds
[2020.05.10-09.44.58:414][ 35]LogCollectionManager: Fixed up redirectors for 0 collections in 0.000038 seconds (updated 0 objects)
[2020.05.10-09.45.11:098][287]LogLinker: Warning: While loading 'C:/Users/lrod/Desktop/OpenWorld/OpenWorld_Changeling/AdvancedLocomotionSystemV/Content/Changeling/Map/Matthis/Matthis2.umap' failed to load '/Game/Changeling/Map/Matthis/Matthis2_BuiltData': Can't find file.
[2020.05.10-09.45.11:098][287]LogLinker: Warning: While loading 'C:/Users/lrod/Desktop/OpenWorld/OpenWorld_Changeling/AdvancedLocomotionSystemV/Content/Changeling/Map/Matthis/Matthis2.umap' failed to load '/Game/Changeling/Map/Matthis/Matthis2_BuiltData': Can't find file.
[2020.05.10-09.45.13:456][287]LogLinker: Warning: While loading 'C:/Users/lrod/Desktop/OpenWorld/OpenWorld_Changeling/AdvancedLocomotionSystemV/Content/Changeling/Map/Matthis/Matthis2.umap' failed to load '/Game/Changeling/Map/Matthis/Matthis2_BuiltData': Can't find file.
[2020.05.10-09.45.13:456][287]LogLinker: Warning: While loading 'C:/Users/lrod/Desktop/OpenWorld/OpenWorld_Changeling/AdvancedLocomotionSystemV/Content/Changeling/Map/Matthis/Matthis2.umap' failed to load '/Game/Changeling/Map/Matthis/Matthis2_BuiltData': Can't find file.
[2020.05.10-09.45.16:525][287]LogLinker: Warning: Failed to load '/Game/Changeling/Map/Matthis/Matthis2_BuiltData': Can't find file.
[2020.05.10-09.45.16:526][287]LogLinker: Warning: Failed to load '/Game/Changeling/Map/Matthis/Matthis2_BuiltData': Can't find file.
[2020.05.10-09.45.16:526][287]LogLinker: Warning: Failed to load '/Game/Changeling/Map/Matthis/Matthis2_BuiltData': Can't find file.
[2020.05.10-09.45.16:526][287]LogLinker: Warning: Failed to load '/Game/Changeling/Map/Matthis/Matthis2_BuiltData': Can't find file.
[2020.05.10-09.45.16:999][287]LogLinker: Warning: While loading 'C:/Users/lrod/Desktop/OpenWorld/OpenWorld_Changeling/AdvancedLocomotionSystemV/Content/Changeling/Map/Matthis/Matthis2.umap' failed to load '/Game/Changeling/Map/Matthis/Matthis2_BuiltData': Can't find file.
[2020.05.10-09.45.16:999][287]LoadErrors: Failed to load /Game/Changeling/Map/Matthis/Matthis2_BuiltData.Matthis2_BuiltData Referenced by PersistentLevel
[2020.05.10-09.45.16:999][287]LogLinker: Warning: While loading 'C:/Users/lrod/Desktop/OpenWorld/OpenWorld_Changeling/AdvancedLocomotionSystemV/Content/Changeling/Map/Matthis/Matthis2.umap' failed to load '/Game/Changeling/Map/Matthis/Matthis2_BuiltData': Can't find file.
[2020.05.10-09.45.26:390][287]LogAIModule: Creating AISystem for world Matthis2
[2020.05.10-09.45.26:895][287]LogAssetEditorSubsystem: Opening Asset editor for World /Game/Changeling/Map/Matthis/Matthis2.Matthis2
[2020.05.10-09.45.27:010][287]LogUObjectHash: Compacting FUObjectHashTables data took   5.89ms
[2020.05.10-09.45.27:062][287]Cmd: MAP LOAD FILE="C:/Users/lrod/Desktop/OpenWorld/OpenWorld_Changeling/AdvancedLocomotionSystemV/Content/Changeling/Map/Matthis/Matthis2.umap" TEMPLATE=0 SHOWPROGRESS=1 FEATURELEVEL=3
[2020.05.10-09.45.27:063][287]LightingResults: New page: Lighting Build
[2020.05.10-09.45.27:064][287]LoadErrors: New page: Loading map: Matthis2.umap
[2020.05.10-09.45.27:076][287]LogWorld: UWorld::CleanupWorld for ALS_DemoLevel, bSessionEnded=true, bCleanupResources=true
[2020.05.10-09.45.27:076][287]LogSlate: InvalidateAllWidgets triggered.  All widgets were invalidated
[2020.05.10-09.45.27:104][287]MapCheck: New page: Map Check
[2020.05.10-09.45.27:104][287]LightingResults: New page: Lighting Build
[2020.05.10-09.45.27:193][287]LogUObjectHash: Compacting FUObjectHashTables data took   3.80ms
[2020.05.10-09.45.28:602][287]LogStreaming: Display: ULevelStreaming::RequestLevel(/Game/Changeling/Map/Matthis/LevelsLayer/Blocking) is flushing async loading
[2020.05.10-09.45.28:602][287]LogStreaming: Display: Flushing async loaders.
[2020.05.10-09.45.29:272][287]LogPhysics: Warning: UBodySetup::GetCookInfo: Triangle data from '/Game/Changeling/Map/Matthis/LevelsLayer/Blocking.Blocking:PersistentLevel.ModelComponent_1124' invalid (27344 verts, 0 indices).
[2020.05.10-09.45.29:272][287]LogPhysics: Warning: Attempt to build physics data for /Game/Changeling/Map/Matthis/LevelsLayer/Blocking.Blocking:PersistentLevel.ModelComponent_1124.BodySetup_0 when we are unable to.
[2020.05.10-09.45.29:421][287]LogEditorServer: Finished looking for orphan Actors (0.000 secs)
[2020.05.10-09.45.29:492][287]LogUObjectHash: Compacting FUObjectHashTables data took   2.77ms
[2020.05.10-09.45.29:540][287]Cmd: MAP CHECKDEP NOCLEARLOG
[2020.05.10-09.45.29:541][287]MapCheck: Map check complete: 0 Error(s), 0 Warning(s), took 0,62ms to complete.
[2020.05.10-09.45.29:541][287]LogFileHelpers: Loading map 'Matthis2' took 2.514
[2020.05.10-09.45.29:799][287]AssetCheck: Error: T_Water_N T_Water_N Same lighting guid, modify or touch any property in the texture editor to generate a new guid and fix the issue.
[2020.05.10-09.45.29:799][287]AssetCheck: Error: T_Water_N T_Water_N Same lighting guid, modify or touch any property in the texture editor to generate a new guid and fix the issue.
[2020.05.10-09.45.29:799][287]AssetCheck: Error: T_Water_N T_Water_N Same lighting guid, modify or touch any property in the texture editor to generate a new guid and fix the issue.
[2020.05.10-09.45.54:155][142]LogAIModule: Creating AISystem for world PNJ_Decor
[2020.05.10-09.45.54:177][142]LogAssetEditorSubsystem: Opening Asset editor for World /Game/Changeling/Map/PNJ_Decor.PNJ_Decor
[2020.05.10-09.45.54:217][142]LogUObjectHash: Compacting FUObjectHashTables data took   4.69ms
[2020.05.10-09.45.54:220][142]Cmd: MAP LOAD FILE="C:/Users/lrod/Desktop/OpenWorld/OpenWorld_Changeling/AdvancedLocomotionSystemV/Content/Changeling/Map/PNJ_Decor.umap" TEMPLATE=0 SHOWPROGRESS=1 FEATURELEVEL=3
[2020.05.10-09.45.54:220][142]LightingResults: New page: Lighting Build
[2020.05.10-09.45.54:221][142]LoadErrors: New page: Loading map: PNJ_Decor.umap
[2020.05.10-09.45.54:257][142]LogWorld: UWorld::CleanupWorld for Matthis2, bSessionEnded=true, bCleanupResources=true
[2020.05.10-09.45.54:258][142]LogSlate: InvalidateAllWidgets triggered.  All widgets were invalidated
[2020.05.10-09.45.54:260][142]LogWorld: UWorld::CleanupWorld for Blocking, bSessionEnded=true, bCleanupResources=true
[2020.05.10-09.45.54:260][142]LogSlate: InvalidateAllWidgets triggered.  All widgets were invalidated
[2020.05.10-09.45.54:260][142]MapCheck: New page: Map Check
[2020.05.10-09.45.54:260][142]LightingResults: New page: Lighting Build
[2020.05.10-09.45.54:389][142]LogUObjectHash: Compacting FUObjectHashTables data took   3.27ms
[2020.05.10-09.45.54:404][142]LogEditorServer: Finished looking for orphan Actors (0.000 secs)
[2020.05.10-09.45.54:444][142]LogUObjectHash: Compacting FUObjectHashTables data took   2.67ms
[2020.05.10-09.45.54:492][142]Cmd: MAP CHECKDEP NOCLEARLOG
[2020.05.10-09.45.54:492][142]MapCheck: Map check complete: 0 Error(s), 0 Warning(s), took 0,128ms to complete.
[2020.05.10-09.45.54:492][142]LogFileHelpers: Loading map 'PNJ_Decor' took 0.273
[2020.05.10-09.45.54:584][142]LogUObjectHash: Compacting FUObjectHashTables data took   1.10ms
[2020.05.10-09.46.05:702][423]LogLinker: Warning: While loading 'C:/Users/lrod/Desktop/OpenWorld/OpenWorld_Changeling/AdvancedLocomotionSystemV/Content/Changeling/Map/Matthis/Matthis2.umap' failed to load '/Game/Changeling/Map/Matthis/Matthis2_BuiltData': Can't find file.
[2020.05.10-09.46.05:702][423]LogLinker: Warning: While loading 'C:/Users/lrod/Desktop/OpenWorld/OpenWorld_Changeling/AdvancedLocomotionSystemV/Content/Changeling/Map/Matthis/Matthis2.umap' failed to load '/Game/Changeling/Map/Matthis/Matthis2_BuiltData': Can't find file.
[2020.05.10-09.46.05:709][423]LogLinker: Warning: While loading 'C:/Users/lrod/Desktop/OpenWorld/OpenWorld_Changeling/AdvancedLocomotionSystemV/Content/Changeling/Map/Matthis/Matthis2.umap' failed to load '/Game/Changeling/Map/Matthis/Matthis2_BuiltData': Can't find file.
[2020.05.10-09.46.05:709][423]LogLinker: Warning: While loading 'C:/Users/lrod/Desktop/OpenWorld/OpenWorld_Changeling/AdvancedLocomotionSystemV/Content/Changeling/Map/Matthis/Matthis2.umap' failed to load '/Game/Changeling/Map/Matthis/Matthis2_BuiltData': Can't find file.
[2020.05.10-09.46.05:755][423]LogLinker: Warning: Failed to load '/Game/Changeling/Map/Matthis/Matthis2_BuiltData': Can't find file.
[2020.05.10-09.46.05:755][423]LogLinker: Warning: Failed to load '/Game/Changeling/Map/Matthis/Matthis2_BuiltData': Can't find file.
[2020.05.10-09.46.05:755][423]LogLinker: Warning: Failed to load '/Game/Changeling/Map/Matthis/Matthis2_BuiltData': Can't find file.
[2020.05.10-09.46.05:756][423]LogLinker: Warning: Failed to load '/Game/Changeling/Map/Matthis/Matthis2_BuiltData': Can't find file.
[2020.05.10-09.46.05:992][423]LogLinker: Warning: While loading 'C:/Users/lrod/Desktop/OpenWorld/OpenWorld_Changeling/AdvancedLocomotionSystemV/Content/Changeling/Map/Matthis/Matthis2.umap' failed to load '/Game/Changeling/Map/Matthis/Matthis2_BuiltData': Can't find file.
[2020.05.10-09.46.05:993][423]LoadErrors: Failed to load /Game/Changeling/Map/Matthis/Matthis2_BuiltData.Matthis2_BuiltData Referenced by PersistentLevel
[2020.05.10-09.46.05:993][423]LogLinker: Warning: While loading 'C:/Users/lrod/Desktop/OpenWorld/OpenWorld_Changeling/AdvancedLocomotionSystemV/Content/Changeling/Map/Matthis/Matthis2.umap' failed to load '/Game/Changeling/Map/Matthis/Matthis2_BuiltData': Can't find file.
[2020.05.10-09.46.08:061][423]LogAIModule: Creating AISystem for world Matthis2
[2020.05.10-09.46.08:377][423]LogAssetEditorSubsystem: Opening Asset editor for World /Game/Changeling/Map/Matthis/Matthis2.Matthis2
[2020.05.10-09.46.08:436][423]LogUObjectHash: Compacting FUObjectHashTables data took   3.74ms
[2020.05.10-09.46.08:438][423]Cmd: MAP LOAD FILE="C:/Users/lrod/Desktop/OpenWorld/OpenWorld_Changeling/AdvancedLocomotionSystemV/Content/Changeling/Map/Matthis/Matthis2.umap" TEMPLATE=0 SHOWPROGRESS=1 FEATURELEVEL=3
[2020.05.10-09.46.08:438][423]LightingResults: New page: Lighting Build
[2020.05.10-09.46.08:439][423]LoadErrors: New page: Loading map: Matthis2.umap
[2020.05.10-09.46.08:439][423]LogWorld: UWorld::CleanupWorld for PNJ_Decor, bSessionEnded=true, bCleanupResources=true
[2020.05.10-09.46.08:439][423]LogSlate: InvalidateAllWidgets triggered.  All widgets were invalidated
[2020.05.10-09.46.08:440][423]MapCheck: New page: Map Check
[2020.05.10-09.46.08:440][423]LightingResults: New page: Lighting Build
[2020.05.10-09.46.08:477][423]LogUObjectHash: Compacting FUObjectHashTables data took   2.88ms
[2020.05.10-09.46.08:804][423]LogStreaming: Display: ULevelStreaming::RequestLevel(/Game/Changeling/Map/Matthis/LevelsLayer/Blocking) is flushing async loading
[2020.05.10-09.46.08:804][423]LogStreaming: Display: Flushing async loaders.
[2020.05.10-09.46.08:913][423]LogPhysics: Warning: UBodySetup::GetCookInfo: Triangle data from '/Game/Changeling/Map/Matthis/LevelsLayer/Blocking.Blocking:PersistentLevel.ModelComponent_1124' invalid (27344 verts, 0 indices).
[2020.05.10-09.46.08:913][423]LogPhysics: Warning: Attempt to build physics data for /Game/Changeling/Map/Matthis/LevelsLayer/Blocking.Blocking:PersistentLevel.ModelComponent_1124.BodySetup_0 when we are unable to.
[2020.05.10-09.46.08:942][423]LogEditorServer: Finished looking for orphan Actors (0.000 secs)
[2020.05.10-09.46.09:014][423]LogUObjectHash: Compacting FUObjectHashTables data took   2.87ms
[2020.05.10-09.46.09:059][423]Cmd: MAP CHECKDEP NOCLEARLOG
[2020.05.10-09.46.09:060][423]MapCheck: Map check complete: 0 Error(s), 0 Warning(s), took 0,733ms to complete.
[2020.05.10-09.46.09:060][423]LogFileHelpers: Loading map 'Matthis2' took 0.622
[2020.05.10-09.46.09:208][423]AssetCheck: Error: T_Water_N T_Water_N Same lighting guid, modify or touch any property in the texture editor to generate a new guid and fix the issue.
[2020.05.10-09.46.09:209][423]AssetCheck: Error: T_Water_N T_Water_N Same lighting guid, modify or touch any property in the texture editor to generate a new guid and fix the issue.
[2020.05.10-09.46.09:209][423]AssetCheck: Error: T_Water_N T_Water_N Same lighting guid, modify or touch any property in the texture editor to generate a new guid and fix the issue.
[2020.05.10-09.46.19:722][912]LogEditorTransaction: Non zero active count in UTransBuffer::Reset
ActiveCount : 2
SessionName : 
Reason      : Level removed from world

Purging the undo buffer...

[2020.05.10-09.46.35:114][947]LogUObjectHash: Compacting FUObjectHashTables data took   3.62ms
[2020.05.10-09.46.36:512][947]LogSlate: Window 'Save Content' being destroyed
[2020.05.10-09.46.36:710][947]LogSlate: Window 'AdvancedLocomotionSystemV - Unreal Editor' being destroyed
[2020.05.10-09.46.37:000][948]Cmd: QUIT_EDITOR
[2020.05.10-09.46.37:000][948]LogCore: Engine exit requested (reason: UUnrealEdEngine::CloseEditor())
[2020.05.10-09.46.37:021][948]LogCore: Engine exit requested (reason: EngineExit() was called; note: exit was already requested)
[2020.05.10-09.46.37:033][948]LogAudioMixer: Display: No commands were queued while flushing the source manager.
