Log file open, 04/14/20 16:12:50
LogWindows: Failed to load 'aqProf.dll' (GetLastError=126)
LogWindows: File 'aqProf.dll' does not exist
LogWindows: Failed to load 'VtuneApi.dll' (GetLastError=126)
LogWindows: File 'VtuneApi.dll' does not exist
LogWindows: Failed to load 'VtuneApi32e.dll' (GetLastError=126)
LogWindows: File 'VtuneApi32e.dll' does not exist
LogConsoleResponse: Display: Failed to find resolution value strings in scalability ini. Falling back to default.
LogInit: Display: Running engine for game: AdvancedLocomotionSystemV
LogPlatformFile: Not using cached read wrapper
LogTaskGraph: Started task graph with 5 named threads and 35 total threads with 3 sets of task threads.
LogStats: Stats thread started at 0.081935
LogD3D11RHI: Loaded GFSDK_Aftermath_Lib.x64.dll
LogICUInternationalization: ICU TimeZone Detection - Raw Offset: +1:00, Platform Override: ''
LogPluginManager: Mounting plugin Paper2D
LogPluginManager: Mounting plugin AISupport
LogPluginManager: Mounting plugin LightPropagationVolume
LogPluginManager: Mounting plugin ActorLayerUtilities
LogPluginManager: Mounting plugin AnimationSharing
LogPluginManager: Mounting plugin CLionSourceCodeAccess
LogPluginManager: Mounting plugin CodeLiteSourceCodeAccess
LogPluginManager: Mounting plugin GitSourceControl
LogPluginManager: Mounting plugin KDevelopSourceCodeAccess
LogPluginManager: Mounting plugin NullSourceCodeAccess
LogPluginManager: Mounting plugin PerforceSourceControl
LogPluginManager: Mounting plugin PlasticSourceControl
LogPluginManager: Mounting plugin SubversionSourceControl
LogPluginManager: Mounting plugin UObjectPlugin
LogPluginManager: Mounting plugin VisualStudioCodeSourceCodeAccess
LogPluginManager: Mounting plugin VisualStudioSourceCodeAccess
LogPluginManager: Mounting plugin XCodeSourceCodeAccess
LogPluginManager: Mounting plugin DialoguePlugin
LogPluginManager: Mounting plugin AssetManagerEditor
LogPluginManager: Mounting plugin CryptoKeys
LogPluginManager: Mounting plugin CurveEditorTools
LogPluginManager: Mounting plugin DataValidation
LogPluginManager: Mounting plugin FacialAnimation
LogPluginManager: Mounting plugin GameplayTagsEditor
LogPluginManager: Mounting plugin MacGraphicsSwitching
LogPluginManager: Mounting plugin MaterialAnalyzer
LogPluginManager: Mounting plugin MobileLauncherProfileWizard
LogPluginManager: Mounting plugin PluginBrowser
LogPluginManager: Mounting plugin SpeedTreeImporter
LogPluginManager: Mounting plugin DatasmithContent
LogPluginManager: Mounting plugin VariantManagerContent
LogPluginManager: Mounting plugin AlembicImporter
LogPluginManager: Mounting plugin AutomationUtils
LogPluginManager: Mounting plugin BackChannel
LogPluginManager: Mounting plugin CharacterAI
LogPluginManager: Mounting plugin GeometryCache
LogPluginManager: Mounting plugin PlatformCrypto
LogPluginManager: Mounting plugin ProxyLODPlugin
LogPluginManager: Mounting plugin SkeletalReduction
LogPluginManager: Mounting plugin MagicLeap
LogPluginManager: Mounting plugin MagicLeapMedia
LogPluginManager: Mounting plugin MLSDK
LogPluginManager: Mounting plugin AndroidMedia
LogPluginManager: Mounting plugin AvfMedia
LogPluginManager: Mounting plugin ImgMedia
LogPluginManager: Mounting plugin MediaCompositing
LogPluginManager: Mounting plugin MediaPlayerEditor
LogPluginManager: Mounting plugin WebMMedia
LogPluginManager: Mounting plugin WmfMedia
LogPluginManager: Mounting plugin TcpMessaging
LogPluginManager: Mounting plugin UdpMessaging
LogPluginManager: Mounting plugin ActorSequence
LogPluginManager: Mounting plugin LevelSequenceEditor
LogPluginManager: Mounting plugin MatineeToLevelSequence
LogPluginManager: Mounting plugin NetcodeUnitTest
LogPluginManager: Mounting plugin NUTUnrealEngine4
LogPluginManager: Mounting plugin OnlineSubsystemGooglePlay
LogPluginManager: Mounting plugin OnlineSubsystemIOS
LogPluginManager: Mounting plugin OnlineSubsystem
LogPluginManager: Mounting plugin OnlineSubsystemNull
LogPluginManager: Mounting plugin OnlineSubsystemUtils
LogPluginManager: Mounting plugin LauncherChunkInstaller
LogPluginManager: Mounting plugin AndroidDeviceProfileSelector
LogPluginManager: Mounting plugin AndroidMoviePlayer
LogPluginManager: Mounting plugin AndroidPermission
LogPluginManager: Mounting plugin AppleImageUtils
LogPluginManager: Mounting plugin AppleMoviePlayer
LogPluginManager: Mounting plugin ArchVisCharacter
LogPluginManager: Mounting plugin AssetTags
LogPluginManager: Mounting plugin AudioCapture
LogPluginManager: Mounting plugin CableComponent
LogPluginManager: Mounting plugin CustomMeshComponent
LogPluginManager: Mounting plugin EditableMesh
LogPluginManager: Mounting plugin ExampleDeviceProfileSelector
LogPluginManager: Mounting plugin GoogleCloudMessaging
LogPluginManager: Mounting plugin IOSDeviceProfileSelector
LogPluginManager: Mounting plugin LinuxDeviceProfileSelector
LogPluginManager: Mounting plugin LocationServicesBPLibrary
LogPluginManager: Mounting plugin MobilePatchingUtils
LogPluginManager: Mounting plugin OculusVR
LogPluginManager: Mounting plugin PhysXVehicles
LogPluginManager: Mounting plugin PostSplashScreen
LogPluginManager: Mounting plugin ProceduralMeshComponent
LogPluginManager: Mounting plugin RuntimePhysXCooking
LogPluginManager: Mounting plugin SignificanceManager
LogPluginManager: Mounting plugin SteamVR
LogPluginManager: Mounting plugin WebMMoviePlayer
LogPluginManager: Mounting plugin WindowsMoviePlayer
LogPluginManager: Mounting plugin ScreenshotTools
LogInit: Using libcurl 7.55.1-DEV
LogInit:  - built for x86_64-pc-win32
LogInit:  - supports SSL with OpenSSL/1.1.1
LogInit:  - supports HTTP deflate (compression) using libz 1.2.8
LogInit:  - other features:
LogInit:      CURL_VERSION_SSL
LogInit:      CURL_VERSION_LIBZ
LogInit:      CURL_VERSION_IPV6
LogInit:      CURL_VERSION_ASYNCHDNS
LogInit:      CURL_VERSION_LARGEFILE
LogInit:      CURL_VERSION_IDN
LogInit:  CurlRequestOptions (configurable via config and command line):
LogInit:  - bVerifyPeer = true  - Libcurl will verify peer certificate
LogInit:  - bUseHttpProxy = false  - Libcurl will NOT use HTTP proxy
LogInit:  - bDontReuseConnections = false  - Libcurl will reuse connections
LogInit:  - MaxHostConnections = 16  - Libcurl will limit the number of connections to a host
LogInit:  - LocalHostAddr = Default
LogInit:  - BufferSize = 65536
LogOnline: OSS: Creating online subsystem instance for: NULL
LogInit: WinSock: version 1.1 (2.2), MaxSocks=32767, MaxUdp=65467
LogOnline: OSS: TryLoadSubsystemAndSetDefault: Loaded subsystem for module [NULL]
LogHMD: Failed initializing OVRPlugin 1.40.0
LogInit: Build: ++UE4+Release-4.24-CL-11590370
LogInit: Engine Version: 4.24.3-11590370+++UE4+Release-4.24
LogInit: Compatible Engine Version: 4.24.0-10570792+++UE4+Release-4.24
LogInit: Net CL: 10570792
LogInit: OS: Windows 10 (Release 1903) (), CPU: Intel(R) Core(TM) i7-8750H CPU @ 2.20GHz, GPU: Intel(R) UHD Graphics 630
LogInit: Compiled (64-bit): Feb 24 2020 15:39:18
LogInit: Compiled with Visual C++: 19.16.27032.01
LogInit: Build Configuration: Development
LogInit: Branch Name: ++UE4+Release-4.24
LogInit: Command Line:  -EpicPortal -epicusername=TestarossaYuky -epicuserid=cd7b55b3a9ab4381a3b7a9af32444edd -epiclocale=fr
LogInit: Base Directory: C:/Program Files/Epic Games/UE_4.24/Engine/Binaries/Win64/
LogInit: Installed Engine Build: 1
LogDevObjectVersion: Number of dev versions registered: 25
LogDevObjectVersion:   Dev-Blueprints (B0D832E4-1F89-4F0D-ACCF-7EB736FD4AA2): 10
LogDevObjectVersion:   Dev-Build (E1C64328-A22C-4D53-A36C-8E866417BD8C): 0
LogDevObjectVersion:   Dev-Core (375EC13C-06E4-48FB-B500-84F0262A717E): 3
LogDevObjectVersion:   Dev-Editor (E4B068ED-F494-42E9-A231-DA0B2E46BB41): 37
LogDevObjectVersion:   Dev-Framework (CFFC743F-43B0-4480-9391-14DF171D2073): 36
LogDevObjectVersion:   Dev-Mobile (B02B49B5-BB20-44E9-A304-32B752E40360): 2
LogDevObjectVersion:   Dev-Networking (A4E4105C-59A1-49B5-A7C5-40C4547EDFEE): 0
LogDevObjectVersion:   Dev-Online (39C831C9-5AE6-47DC-9A44-9C173E1C8E7C): 0
LogDevObjectVersion:   Dev-Physics (78F01B33-EBEA-4F98-B9B4-84EACCB95AA2): 2
LogDevObjectVersion:   Dev-Platform (6631380F-2D4D-43E0-8009-CF276956A95A): 0
LogDevObjectVersion:   Dev-Rendering (12F88B9F-8875-4AFC-A67C-D90C383ABD29): 36
LogDevObjectVersion:   Dev-Sequencer (7B5AE74C-D270-4C10-A958-57980B212A5A): 11
LogDevObjectVersion:   Dev-VR (D7296918-1DD6-4BDD-9DE2-64A83CC13884): 2
LogDevObjectVersion:   Dev-LoadTimes (C2A15278-BFE7-4AFE-6C17-90FF531DF755): 1
LogDevObjectVersion:   Private-Geometry (6EACA3D4-40EC-4CC1-B786-8BED09428FC5): 3
LogDevObjectVersion:   Dev-AnimPhys (29E575DD-E0A3-4627-9D10-D276232CDCEA): 17
LogDevObjectVersion:   Dev-Anim (AF43A65D-7FD3-4947-9873-3E8ED9C1BB05): 2
LogDevObjectVersion:   Dev-ReflectionCapture (6B266CEC-1EC7-4B8F-A30B-E4D90942FC07): 1
LogDevObjectVersion:   Dev-Automation (0DF73D61-A23F-47EA-B727-89E90C41499A): 1
LogDevObjectVersion:   FortniteMain (601D1886-AC64-4F84-AA16-D3DE0DEAC7D6): 31
LogDevObjectVersion:   Dev-Enterprise (9DFFBCD6-494F-0158-E221-12823C92A888): 8
LogDevObjectVersion:   Dev-Niagara (F2AED0AC-9AFE-416F-8664-AA7FFA26D6FC): 1
LogDevObjectVersion:   Dev-Destruction (174F1F0B-B4C6-45A5-B13F-2EE8D0FB917D): 9
LogDevObjectVersion:   Dev-Physics-Ext (35F94A83-E258-406C-A318-09F59610247C): 8
LogDevObjectVersion:   Dev-CineCamera (B2E18506-4273-CFC2-A54E-F4BB758BBA07): 1
LogInit: Presizing for max 25165824 objects, including 0 objects not considered by GC, pre-allocating 0 bytes for permanent pool.
LogInit: Object subsystem initialized
LogConfig: Setting CVar [[con.DebugEarlyDefault:1]]
LogConfig: Setting CVar [[r.setres:1280x720]]
[2020.04.14-14.12.50:882][  0]LogConfig: Setting CVar [[r.VSync:0]]
[2020.04.14-14.12.50:883][  0]LogConfig: Setting CVar [[r.RHICmdBypass:0]]
[2020.04.14-14.12.50:883][  0]LogConfig: Applying CVar settings from Section [/Script/Engine.RendererSettings] File [C:/Users/lagar/OneDrive/Documents/OpenWorld_Changeling/AdvancedLocomotionSystemV/Saved/Config/Windows/Engine.ini]
[2020.04.14-14.12.50:883][  0]LogConfig: Setting CVar [[r.GPUCrashDebugging:0]]
[2020.04.14-14.12.50:883][  0]LogConfig: Setting CVar [[r.DefaultFeature.MotionBlur:0]]
[2020.04.14-14.12.50:883][  0]LogConfig: Setting CVar [[r.DefaultFeature.AntiAliasing:1]]
[2020.04.14-14.12.50:883][  0]LogConfig: Setting CVar [[r.DefaultFeature.AutoExposure:1]]
[2020.04.14-14.12.50:883][  0]LogConfig: Applying CVar settings from Section [/Script/Engine.RendererOverrideSettings] File [C:/Users/lagar/OneDrive/Documents/OpenWorld_Changeling/AdvancedLocomotionSystemV/Saved/Config/Windows/Engine.ini]
[2020.04.14-14.12.50:883][  0]LogConfig: Applying CVar settings from Section [/Script/Engine.StreamingSettings] File [C:/Users/lagar/OneDrive/Documents/OpenWorld_Changeling/AdvancedLocomotionSystemV/Saved/Config/Windows/Engine.ini]
[2020.04.14-14.12.50:883][  0]LogConfig: Setting CVar [[s.MinBulkDataSizeForAsyncLoading:131072]]
[2020.04.14-14.12.50:883][  0]LogConfig: Setting CVar [[s.AsyncLoadingThreadEnabled:0]]
[2020.04.14-14.12.50:883][  0]LogConfig: Setting CVar [[s.EventDrivenLoaderEnabled:1]]
[2020.04.14-14.12.50:883][  0]LogConfig: Setting CVar [[s.WarnIfTimeLimitExceeded:0]]
[2020.04.14-14.12.50:883][  0]LogConfig: Setting CVar [[s.TimeLimitExceededMultiplier:1.5]]
[2020.04.14-14.12.50:883][  0]LogConfig: Setting CVar [[s.TimeLimitExceededMinTime:0.005]]
[2020.04.14-14.12.50:883][  0]LogConfig: Setting CVar [[s.UseBackgroundLevelStreaming:1]]
[2020.04.14-14.12.50:883][  0]LogConfig: Setting CVar [[s.PriorityAsyncLoadingExtraTime:15.0]]
[2020.04.14-14.12.50:883][  0]LogConfig: Setting CVar [[s.LevelStreamingActorsUpdateTimeLimit:5.0]]
[2020.04.14-14.12.50:883][  0]LogConfig: Setting CVar [[s.PriorityLevelStreamingActorsUpdateExtraTime:5.0]]
[2020.04.14-14.12.50:883][  0]LogConfig: Setting CVar [[s.LevelStreamingComponentsRegistrationGranularity:10]]
[2020.04.14-14.12.50:883][  0]LogConfig: Setting CVar [[s.UnregisterComponentsTimeLimit:1.0]]
[2020.04.14-14.12.50:883][  0]LogConfig: Setting CVar [[s.LevelStreamingComponentsUnregistrationGranularity:5]]
[2020.04.14-14.12.50:883][  0]LogConfig: Setting CVar [[s.FlushStreamingOnExit:1]]
[2020.04.14-14.12.50:883][  0]LogConfig: Applying CVar settings from Section [/Script/Engine.GarbageCollectionSettings] File [C:/Users/lagar/OneDrive/Documents/OpenWorld_Changeling/AdvancedLocomotionSystemV/Saved/Config/Windows/Engine.ini]
[2020.04.14-14.12.50:883][  0]LogConfig: Setting CVar [[gc.MaxObjectsNotConsideredByGC:1]]
[2020.04.14-14.12.50:883][  0]LogConfig: Setting CVar [[gc.SizeOfPermanentObjectPool:0]]
[2020.04.14-14.12.50:883][  0]LogConfig: Setting CVar [[gc.FlushStreamingOnGC:0]]
[2020.04.14-14.12.50:883][  0]LogConfig: Setting CVar [[gc.NumRetriesBeforeForcingGC:10]]
[2020.04.14-14.12.50:883][  0]LogConfig: Setting CVar [[gc.AllowParallelGC:1]]
[2020.04.14-14.12.50:883][  0]LogConfig: Setting CVar [[gc.TimeBetweenPurgingPendingKillObjects:61.1]]
[2020.04.14-14.12.50:883][  0]LogConfig: Setting CVar [[gc.MaxObjectsInEditor:25165824]]
[2020.04.14-14.12.50:883][  0]LogConfig: Setting CVar [[gc.IncrementalBeginDestroyEnabled:1]]
[2020.04.14-14.12.50:883][  0]LogConfig: Setting CVar [[gc.CreateGCClusters:1]]
[2020.04.14-14.12.50:883][  0]LogConfig: Setting CVar [[gc.MinGCClusterSize:5]]
[2020.04.14-14.12.50:883][  0]LogConfig: Setting CVar [[gc.ActorClusteringEnabled:0]]
[2020.04.14-14.12.50:883][  0]LogConfig: Setting CVar [[gc.BlueprintClusteringEnabled:0]]
[2020.04.14-14.12.50:883][  0]LogConfig: Setting CVar [[gc.UseDisregardForGCOnDedicatedServers:0]]
[2020.04.14-14.12.50:883][  0]LogConfig: Applying CVar settings from Section [/Script/Engine.NetworkSettings] File [C:/Users/lagar/OneDrive/Documents/OpenWorld_Changeling/AdvancedLocomotionSystemV/Saved/Config/Windows/Engine.ini]
[2020.04.14-14.12.50:884][  0]LogConfig: Applying CVar settings from Section [/Script/UnrealEd.CookerSettings] File [C:/Users/lagar/OneDrive/Documents/OpenWorld_Changeling/AdvancedLocomotionSystemV/Saved/Config/Windows/Engine.ini]
[2020.04.14-14.12.50:887][  0]LogConfig: Applying CVar settings from Section [ViewDistanceQuality@3] File [C:/Users/lagar/OneDrive/Documents/OpenWorld_Changeling/AdvancedLocomotionSystemV/Saved/Config/Windows/Scalability.ini]
[2020.04.14-14.12.50:887][  0]LogConfig: Setting CVar [[r.SkeletalMeshLODBias:0]]
[2020.04.14-14.12.50:887][  0]LogConfig: Setting CVar [[r.ViewDistanceScale:1.0]]
[2020.04.14-14.12.50:887][  0]LogConfig: Applying CVar settings from Section [AntiAliasingQuality@3] File [C:/Users/lagar/OneDrive/Documents/OpenWorld_Changeling/AdvancedLocomotionSystemV/Saved/Config/Windows/Scalability.ini]
[2020.04.14-14.12.50:887][  0]LogConfig: Setting CVar [[r.PostProcessAAQuality:4]]
[2020.04.14-14.12.50:887][  0]LogConfig: Applying CVar settings from Section [ShadowQuality@3] File [C:/Users/lagar/OneDrive/Documents/OpenWorld_Changeling/AdvancedLocomotionSystemV/Saved/Config/Windows/Scalability.ini]
[2020.04.14-14.12.50:887][  0]LogConfig: Setting CVar [[r.LightFunctionQuality:1]]
[2020.04.14-14.12.50:887][  0]LogConfig: Setting CVar [[r.ShadowQuality:5]]
[2020.04.14-14.12.50:887][  0]LogConfig: Setting CVar [[r.Shadow.CSM.MaxCascades:10]]
[2020.04.14-14.12.50:887][  0]LogConfig: Setting CVar [[r.Shadow.MaxResolution:2048]]
[2020.04.14-14.12.50:887][  0]LogConfig: Setting CVar [[r.Shadow.MaxCSMResolution:2048]]
[2020.04.14-14.12.50:887][  0]LogConfig: Setting CVar [[r.Shadow.RadiusThreshold:0.01]]
[2020.04.14-14.12.50:887][  0]LogConfig: Setting CVar [[r.Shadow.DistanceScale:1.0]]
[2020.04.14-14.12.50:887][  0]LogConfig: Setting CVar [[r.Shadow.CSM.TransitionScale:1.0]]
[2020.04.14-14.12.50:887][  0]LogConfig: Setting CVar [[r.Shadow.PreShadowResolutionFactor:1.0]]
[2020.04.14-14.12.50:887][  0]LogConfig: Setting CVar [[r.DistanceFieldShadowing:1]]
[2020.04.14-14.12.50:887][  0]LogConfig: Setting CVar [[r.DistanceFieldAO:1]]
[2020.04.14-14.12.50:888][  0]LogConfig: Setting CVar [[r.AOQuality:2]]
[2020.04.14-14.12.50:888][  0]LogConfig: Setting CVar [[r.VolumetricFog:1]]
[2020.04.14-14.12.50:888][  0]LogConfig: Setting CVar [[r.VolumetricFog.GridPixelSize:8]]
[2020.04.14-14.12.50:888][  0]LogConfig: Setting CVar [[r.VolumetricFog.GridSizeZ:128]]
[2020.04.14-14.12.50:888][  0]LogConfig: Setting CVar [[r.VolumetricFog.HistoryMissSupersampleCount:4]]
[2020.04.14-14.12.50:888][  0]LogConfig: Setting CVar [[r.LightMaxDrawDistanceScale:1]]
[2020.04.14-14.12.50:888][  0]LogConfig: Setting CVar [[r.CapsuleShadows:1]]
[2020.04.14-14.12.50:888][  0]LogConfig: Applying CVar settings from Section [PostProcessQuality@3] File [C:/Users/lagar/OneDrive/Documents/OpenWorld_Changeling/AdvancedLocomotionSystemV/Saved/Config/Windows/Scalability.ini]
[2020.04.14-14.12.50:888][  0]LogConfig: Setting CVar [[r.MotionBlurQuality:4]]
[2020.04.14-14.12.50:888][  0]LogConfig: Setting CVar [[r.AmbientOcclusionMipLevelFactor:0.4]]
[2020.04.14-14.12.50:888][  0]LogConfig: Setting CVar [[r.AmbientOcclusionMaxQuality:100]]
[2020.04.14-14.12.50:888][  0]LogConfig: Setting CVar [[r.AmbientOcclusionLevels:-1]]
[2020.04.14-14.12.50:888][  0]LogConfig: Setting CVar [[r.AmbientOcclusionRadiusScale:1.0]]
[2020.04.14-14.12.50:888][  0]LogConfig: Setting CVar [[r.DepthOfFieldQuality:2]]
[2020.04.14-14.12.50:888][  0]LogConfig: Setting CVar [[r.RenderTargetPoolMin:400]]
[2020.04.14-14.12.50:888][  0]LogConfig: Setting CVar [[r.LensFlareQuality:2]]
[2020.04.14-14.12.50:888][  0]LogConfig: Setting CVar [[r.SceneColorFringeQuality:1]]
[2020.04.14-14.12.50:888][  0]LogConfig: Setting CVar [[r.EyeAdaptationQuality:2]]
[2020.04.14-14.12.50:888][  0]LogConfig: Setting CVar [[r.BloomQuality:5]]
[2020.04.14-14.12.50:888][  0]LogConfig: Setting CVar [[r.FastBlurThreshold:100]]
[2020.04.14-14.12.50:888][  0]LogConfig: Setting CVar [[r.Upscale.Quality:3]]
[2020.04.14-14.12.50:888][  0]LogConfig: Setting CVar [[r.Tonemapper.GrainQuantization:1]]
[2020.04.14-14.12.50:888][  0]LogConfig: Setting CVar [[r.LightShaftQuality:1]]
[2020.04.14-14.12.50:888][  0]LogConfig: Setting CVar [[r.Filter.SizeScale:1]]
[2020.04.14-14.12.50:888][  0]LogConfig: Setting CVar [[r.Tonemapper.Quality:5]]
[2020.04.14-14.12.50:888][  0]LogConfig: Setting CVar [[r.DOF.Gather.AccumulatorQuality:1        ; higher gathering accumulator quality]]
[2020.04.14-14.12.50:888][  0]LogConfig: Setting CVar [[r.DOF.Gather.PostfilterMethod:1          ; Median3x3 postfilering method]]
[2020.04.14-14.12.50:888][  0]LogConfig: Setting CVar [[r.DOF.Gather.EnableBokehSettings:0       ; no bokeh simulation when gathering]]
[2020.04.14-14.12.50:888][  0]LogConfig: Setting CVar [[r.DOF.Gather.RingCount:4                 ; medium number of samples when gathering]]
[2020.04.14-14.12.50:888][  0]LogConfig: Setting CVar [[r.DOF.Scatter.ForegroundCompositing:1    ; additive foreground scattering]]
[2020.04.14-14.12.50:888][  0]LogConfig: Setting CVar [[r.DOF.Scatter.BackgroundCompositing:2    ; additive background scattering]]
[2020.04.14-14.12.50:888][  0]LogConfig: Setting CVar [[r.DOF.Scatter.EnableBokehSettings:1      ; bokeh simulation when scattering]]
[2020.04.14-14.12.50:888][  0]LogConfig: Setting CVar [[r.DOF.Scatter.MaxSpriteRatio:0.1         ; only a maximum of 10% of scattered bokeh]]
[2020.04.14-14.12.50:888][  0]LogConfig: Setting CVar [[r.DOF.Recombine.Quality:1                ; cheap slight out of focus]]
[2020.04.14-14.12.50:888][  0]LogConfig: Setting CVar [[r.DOF.Recombine.EnableBokehSettings:0    ; no bokeh simulation on slight out of focus]]
[2020.04.14-14.12.50:888][  0]LogConfig: Setting CVar [[r.DOF.TemporalAAQuality:1                ; more stable temporal accumulation]]
[2020.04.14-14.12.50:888][  0]LogConfig: Setting CVar [[r.DOF.Kernel.MaxForegroundRadius:0.025]]
[2020.04.14-14.12.50:888][  0]LogConfig: Setting CVar [[r.DOF.Kernel.MaxBackgroundRadius:0.025]]
[2020.04.14-14.12.50:888][  0]LogConfig: Applying CVar settings from Section [TextureQuality@3] File [C:/Users/lagar/OneDrive/Documents/OpenWorld_Changeling/AdvancedLocomotionSystemV/Saved/Config/Windows/Scalability.ini]
[2020.04.14-14.12.50:888][  0]LogConfig: Setting CVar [[r.Streaming.MipBias:0]]
[2020.04.14-14.12.50:888][  0]LogConfig: Setting CVar [[r.Streaming.AmortizeCPUToGPUCopy:0]]
[2020.04.14-14.12.50:888][  0]LogConfig: Setting CVar [[r.Streaming.MaxNumTexturesToStreamPerFrame:0]]
[2020.04.14-14.12.50:888][  0]LogConfig: Setting CVar [[r.Streaming.Boost:1]]
[2020.04.14-14.12.50:888][  0]LogConfig: Setting CVar [[r.MaxAnisotropy:8]]
[2020.04.14-14.12.50:888][  0]LogConfig: Setting CVar [[r.VT.MaxAnisotropy:8]]
[2020.04.14-14.12.50:888][  0]LogConfig: Setting CVar [[r.Streaming.LimitPoolSizeToVRAM:0]]
[2020.04.14-14.12.50:888][  0]LogConfig: Setting CVar [[r.Streaming.PoolSize:1000]]
[2020.04.14-14.12.50:888][  0]LogConfig: Setting CVar [[r.Streaming.MaxEffectiveScreenSize:0]]
[2020.04.14-14.12.50:888][  0]LogConfig: Applying CVar settings from Section [EffectsQuality@3] File [C:/Users/lagar/OneDrive/Documents/OpenWorld_Changeling/AdvancedLocomotionSystemV/Saved/Config/Windows/Scalability.ini]
[2020.04.14-14.12.50:888][  0]LogConfig: Setting CVar [[r.TranslucencyLightingVolumeDim:64]]
[2020.04.14-14.12.50:889][  0]LogConfig: Setting CVar [[r.RefractionQuality:2]]
[2020.04.14-14.12.50:889][  0]LogConfig: Setting CVar [[r.SSR.Quality:3]]
[2020.04.14-14.12.50:889][  0]LogConfig: Setting CVar [[r.SSR.HalfResSceneColor:0]]
[2020.04.14-14.12.50:889][  0]LogConfig: Setting CVar [[r.SceneColorFormat:4]]
[2020.04.14-14.12.50:889][  0]LogConfig: Setting CVar [[r.DetailMode:2]]
[2020.04.14-14.12.50:889][  0]LogConfig: Setting CVar [[r.TranslucencyVolumeBlur:1]]
[2020.04.14-14.12.50:889][  0]LogConfig: Setting CVar [[r.MaterialQualityLevel:1 ; High quality]]
[2020.04.14-14.12.50:889][  0]LogConfig: Setting CVar [[r.SSS.Scale:1]]
[2020.04.14-14.12.50:889][  0]LogConfig: Setting CVar [[r.SSS.SampleSet:2]]
[2020.04.14-14.12.50:889][  0]LogConfig: Setting CVar [[r.SSS.Quality:1]]
[2020.04.14-14.12.50:889][  0]LogConfig: Setting CVar [[r.SSS.HalfRes:1]]
[2020.04.14-14.12.50:889][  0]LogConfig: Setting CVar [[r.SSGI.Quality:3]]
[2020.04.14-14.12.50:889][  0]LogConfig: Setting CVar [[r.EmitterSpawnRateScale:1.0]]
[2020.04.14-14.12.50:889][  0]LogConfig: Setting CVar [[r.ParticleLightQuality:2]]
[2020.04.14-14.12.50:889][  0]LogConfig: Setting CVar [[r.SkyAtmosphere.AerialPerspectiveLUT.FastApplyOnOpaque:1 ; Always have FastSkyLUT 1 in this case to avoid wrong sky]]
[2020.04.14-14.12.50:889][  0]LogConfig: Setting CVar [[r.SkyAtmosphere.AerialPerspectiveLUT.SampleCountPerSlice:1]]
[2020.04.14-14.12.50:889][  0]LogConfig: Setting CVar [[r.SkyAtmosphere.AerialPerspectiveLUT.DepthResolution:16.0]]
[2020.04.14-14.12.50:889][  0]LogConfig: Setting CVar [[r.SkyAtmosphere.FastSkyLUT:1]]
[2020.04.14-14.12.50:889][  0]LogConfig: Setting CVar [[r.SkyAtmosphere.FastSkyLUT.SampleCountMin:4.0]]
[2020.04.14-14.12.50:889][  0]LogConfig: Setting CVar [[r.SkyAtmosphere.FastSkyLUT.SampleCountMax:32.0]]
[2020.04.14-14.12.50:889][  0]LogConfig: Setting CVar [[r.SkyAtmosphere.SampleCountMin:4.0]]
[2020.04.14-14.12.50:889][  0]LogConfig: Setting CVar [[r.SkyAtmosphere.SampleCountMax:32.0]]
[2020.04.14-14.12.50:889][  0]LogConfig: Setting CVar [[r.SkyAtmosphere.TransmittanceLUT.UseSmallFormat:0]]
[2020.04.14-14.12.50:889][  0]LogConfig: Setting CVar [[r.SkyAtmosphere.TransmittanceLUT.SampleCount:10.0]]
[2020.04.14-14.12.50:889][  0]LogConfig: Setting CVar [[r.SkyAtmosphere.MultiScatteringLUT.SampleCount:15.0]]
[2020.04.14-14.12.50:889][  0]LogConfig: Applying CVar settings from Section [FoliageQuality@3] File [C:/Users/lagar/OneDrive/Documents/OpenWorld_Changeling/AdvancedLocomotionSystemV/Saved/Config/Windows/Scalability.ini]
[2020.04.14-14.12.50:889][  0]LogConfig: Setting CVar [[foliage.DensityScale:1.0]]
[2020.04.14-14.12.50:889][  0]LogConfig: Setting CVar [[grass.DensityScale:1.0]]
[2020.04.14-14.12.50:889][  0]LogConfig: Applying CVar settings from Section [ShadingQuality@3] File [C:/Users/lagar/OneDrive/Documents/OpenWorld_Changeling/AdvancedLocomotionSystemV/Saved/Config/Windows/Scalability.ini]
[2020.04.14-14.12.50:889][  0]LogConfig: Setting CVar [[r.HairStrands.SkyLighting.SampleCount:16]]
[2020.04.14-14.12.50:889][  0]LogConfig: Setting CVar [[r.HairStrands.SkyLighting.JitterIntegration:0]]
[2020.04.14-14.12.50:889][  0]LogConfig: Setting CVar [[r.HairStrands.SkyAO.SampleCount:16]]
[2020.04.14-14.12.50:889][  0]LogInit: Selected Device Profile: [Windows]
[2020.04.14-14.12.50:889][  0]LogInit: Applying CVar settings loaded from the selected device profile: [Windows]
[2020.04.14-14.12.50:894][  0]LogHAL: Display: Platform has ~ 16 GB [17018155008 / 17179869184 / 16], which maps to Larger [LargestMinGB=32, LargerMinGB=12, DefaultMinGB=8, SmallerMinGB=6, SmallestMinGB=0)
[2020.04.14-14.12.50:894][  0]LogInit: Going up to parent DeviceProfile []
[2020.04.14-14.12.50:894][  0]LogConfig: Applying CVar settings from Section [ViewDistanceQuality@3] File [C:/Users/lagar/OneDrive/Documents/OpenWorld_Changeling/AdvancedLocomotionSystemV/Saved/Config/Windows/Scalability.ini]
[2020.04.14-14.12.50:894][  0]LogConfig: Setting CVar [[r.SkeletalMeshLODBias:0]]
[2020.04.14-14.12.50:894][  0]LogConfig: Setting CVar [[r.ViewDistanceScale:1.0]]
[2020.04.14-14.12.50:894][  0]LogConfig: Applying CVar settings from Section [AntiAliasingQuality@3] File [C:/Users/lagar/OneDrive/Documents/OpenWorld_Changeling/AdvancedLocomotionSystemV/Saved/Config/Windows/Scalability.ini]
[2020.04.14-14.12.50:895][  0]LogConfig: Setting CVar [[r.PostProcessAAQuality:4]]
[2020.04.14-14.12.50:895][  0]LogConfig: Applying CVar settings from Section [ShadowQuality@3] File [C:/Users/lagar/OneDrive/Documents/OpenWorld_Changeling/AdvancedLocomotionSystemV/Saved/Config/Windows/Scalability.ini]
[2020.04.14-14.12.50:895][  0]LogConfig: Setting CVar [[r.LightFunctionQuality:1]]
[2020.04.14-14.12.50:895][  0]LogConfig: Setting CVar [[r.ShadowQuality:5]]
[2020.04.14-14.12.50:895][  0]LogConfig: Setting CVar [[r.Shadow.CSM.MaxCascades:10]]
[2020.04.14-14.12.50:895][  0]LogConfig: Setting CVar [[r.Shadow.MaxResolution:2048]]
[2020.04.14-14.12.50:895][  0]LogConfig: Setting CVar [[r.Shadow.MaxCSMResolution:2048]]
[2020.04.14-14.12.50:895][  0]LogConfig: Setting CVar [[r.Shadow.RadiusThreshold:0.01]]
[2020.04.14-14.12.50:895][  0]LogConfig: Setting CVar [[r.Shadow.DistanceScale:1.0]]
[2020.04.14-14.12.50:895][  0]LogConfig: Setting CVar [[r.Shadow.CSM.TransitionScale:1.0]]
[2020.04.14-14.12.50:895][  0]LogConfig: Setting CVar [[r.Shadow.PreShadowResolutionFactor:1.0]]
[2020.04.14-14.12.50:895][  0]LogConfig: Setting CVar [[r.DistanceFieldShadowing:1]]
[2020.04.14-14.12.50:895][  0]LogConfig: Setting CVar [[r.DistanceFieldAO:1]]
[2020.04.14-14.12.50:895][  0]LogConfig: Setting CVar [[r.AOQuality:2]]
[2020.04.14-14.12.50:895][  0]LogConfig: Setting CVar [[r.VolumetricFog:1]]
[2020.04.14-14.12.50:895][  0]LogConfig: Setting CVar [[r.VolumetricFog.GridPixelSize:8]]
[2020.04.14-14.12.50:895][  0]LogConfig: Setting CVar [[r.VolumetricFog.GridSizeZ:128]]
[2020.04.14-14.12.50:895][  0]LogConfig: Setting CVar [[r.VolumetricFog.HistoryMissSupersampleCount:4]]
[2020.04.14-14.12.50:895][  0]LogConfig: Setting CVar [[r.LightMaxDrawDistanceScale:1]]
[2020.04.14-14.12.50:895][  0]LogConfig: Setting CVar [[r.CapsuleShadows:1]]
[2020.04.14-14.12.50:895][  0]LogConfig: Applying CVar settings from Section [PostProcessQuality@3] File [C:/Users/lagar/OneDrive/Documents/OpenWorld_Changeling/AdvancedLocomotionSystemV/Saved/Config/Windows/Scalability.ini]
[2020.04.14-14.12.50:895][  0]LogConfig: Setting CVar [[r.MotionBlurQuality:4]]
[2020.04.14-14.12.50:895][  0]LogConfig: Setting CVar [[r.AmbientOcclusionMipLevelFactor:0.4]]
[2020.04.14-14.12.50:895][  0]LogConfig: Setting CVar [[r.AmbientOcclusionMaxQuality:100]]
[2020.04.14-14.12.50:895][  0]LogConfig: Setting CVar [[r.AmbientOcclusionLevels:-1]]
[2020.04.14-14.12.50:895][  0]LogConfig: Setting CVar [[r.AmbientOcclusionRadiusScale:1.0]]
[2020.04.14-14.12.50:895][  0]LogConfig: Setting CVar [[r.DepthOfFieldQuality:2]]
[2020.04.14-14.12.50:895][  0]LogConfig: Setting CVar [[r.RenderTargetPoolMin:400]]
[2020.04.14-14.12.50:895][  0]LogConfig: Setting CVar [[r.LensFlareQuality:2]]
[2020.04.14-14.12.50:895][  0]LogConfig: Setting CVar [[r.SceneColorFringeQuality:1]]
[2020.04.14-14.12.50:895][  0]LogConfig: Setting CVar [[r.EyeAdaptationQuality:2]]
[2020.04.14-14.12.50:895][  0]LogConfig: Setting CVar [[r.BloomQuality:5]]
[2020.04.14-14.12.50:895][  0]LogConfig: Setting CVar [[r.FastBlurThreshold:100]]
[2020.04.14-14.12.50:895][  0]LogConfig: Setting CVar [[r.Upscale.Quality:3]]
[2020.04.14-14.12.50:895][  0]LogConfig: Setting CVar [[r.Tonemapper.GrainQuantization:1]]
[2020.04.14-14.12.50:895][  0]LogConfig: Setting CVar [[r.LightShaftQuality:1]]
[2020.04.14-14.12.50:895][  0]LogConfig: Setting CVar [[r.Filter.SizeScale:1]]
[2020.04.14-14.12.50:895][  0]LogConfig: Setting CVar [[r.Tonemapper.Quality:5]]
[2020.04.14-14.12.50:895][  0]LogConfig: Setting CVar [[r.DOF.Gather.AccumulatorQuality:1        ; higher gathering accumulator quality]]
[2020.04.14-14.12.50:895][  0]LogConfig: Setting CVar [[r.DOF.Gather.PostfilterMethod:1          ; Median3x3 postfilering method]]
[2020.04.14-14.12.50:895][  0]LogConfig: Setting CVar [[r.DOF.Gather.EnableBokehSettings:0       ; no bokeh simulation when gathering]]
[2020.04.14-14.12.50:895][  0]LogConfig: Setting CVar [[r.DOF.Gather.RingCount:4                 ; medium number of samples when gathering]]
[2020.04.14-14.12.50:895][  0]LogConfig: Setting CVar [[r.DOF.Scatter.ForegroundCompositing:1    ; additive foreground scattering]]
[2020.04.14-14.12.50:895][  0]LogConfig: Setting CVar [[r.DOF.Scatter.BackgroundCompositing:2    ; additive background scattering]]
[2020.04.14-14.12.50:895][  0]LogConfig: Setting CVar [[r.DOF.Scatter.EnableBokehSettings:1      ; bokeh simulation when scattering]]
[2020.04.14-14.12.50:895][  0]LogConfig: Setting CVar [[r.DOF.Scatter.MaxSpriteRatio:0.1         ; only a maximum of 10% of scattered bokeh]]
[2020.04.14-14.12.50:895][  0]LogConfig: Setting CVar [[r.DOF.Recombine.Quality:1                ; cheap slight out of focus]]
[2020.04.14-14.12.50:895][  0]LogConfig: Setting CVar [[r.DOF.Recombine.EnableBokehSettings:0    ; no bokeh simulation on slight out of focus]]
[2020.04.14-14.12.50:895][  0]LogConfig: Setting CVar [[r.DOF.TemporalAAQuality:1                ; more stable temporal accumulation]]
[2020.04.14-14.12.50:895][  0]LogConfig: Setting CVar [[r.DOF.Kernel.MaxForegroundRadius:0.025]]
[2020.04.14-14.12.50:895][  0]LogConfig: Setting CVar [[r.DOF.Kernel.MaxBackgroundRadius:0.025]]
[2020.04.14-14.12.50:895][  0]LogConfig: Applying CVar settings from Section [TextureQuality@3] File [C:/Users/lagar/OneDrive/Documents/OpenWorld_Changeling/AdvancedLocomotionSystemV/Saved/Config/Windows/Scalability.ini]
[2020.04.14-14.12.50:895][  0]LogConfig: Setting CVar [[r.Streaming.MipBias:0]]
[2020.04.14-14.12.50:895][  0]LogConfig: Setting CVar [[r.Streaming.AmortizeCPUToGPUCopy:0]]
[2020.04.14-14.12.50:895][  0]LogConfig: Setting CVar [[r.Streaming.MaxNumTexturesToStreamPerFrame:0]]
[2020.04.14-14.12.50:895][  0]LogConfig: Setting CVar [[r.Streaming.Boost:1]]
[2020.04.14-14.12.50:895][  0]LogConfig: Setting CVar [[r.MaxAnisotropy:8]]
[2020.04.14-14.12.50:895][  0]LogConfig: Setting CVar [[r.VT.MaxAnisotropy:8]]
[2020.04.14-14.12.50:895][  0]LogConfig: Setting CVar [[r.Streaming.LimitPoolSizeToVRAM:0]]
[2020.04.14-14.12.50:896][  0]LogConfig: Setting CVar [[r.Streaming.PoolSize:1000]]
[2020.04.14-14.12.50:896][  0]LogConfig: Setting CVar [[r.Streaming.MaxEffectiveScreenSize:0]]
[2020.04.14-14.12.50:896][  0]LogConfig: Applying CVar settings from Section [EffectsQuality@3] File [C:/Users/lagar/OneDrive/Documents/OpenWorld_Changeling/AdvancedLocomotionSystemV/Saved/Config/Windows/Scalability.ini]
[2020.04.14-14.12.50:896][  0]LogConfig: Setting CVar [[r.TranslucencyLightingVolumeDim:64]]
[2020.04.14-14.12.50:896][  0]LogConfig: Setting CVar [[r.RefractionQuality:2]]
[2020.04.14-14.12.50:896][  0]LogConfig: Setting CVar [[r.SSR.Quality:3]]
[2020.04.14-14.12.50:896][  0]LogConfig: Setting CVar [[r.SSR.HalfResSceneColor:0]]
[2020.04.14-14.12.50:896][  0]LogConfig: Setting CVar [[r.SceneColorFormat:4]]
[2020.04.14-14.12.50:896][  0]LogConfig: Setting CVar [[r.DetailMode:2]]
[2020.04.14-14.12.50:896][  0]LogConfig: Setting CVar [[r.TranslucencyVolumeBlur:1]]
[2020.04.14-14.12.50:896][  0]LogConfig: Setting CVar [[r.MaterialQualityLevel:1 ; High quality]]
[2020.04.14-14.12.50:896][  0]LogConfig: Setting CVar [[r.SSS.Scale:1]]
[2020.04.14-14.12.50:896][  0]LogConfig: Setting CVar [[r.SSS.SampleSet:2]]
[2020.04.14-14.12.50:896][  0]LogConfig: Setting CVar [[r.SSS.Quality:1]]
[2020.04.14-14.12.50:896][  0]LogConfig: Setting CVar [[r.SSS.HalfRes:1]]
[2020.04.14-14.12.50:896][  0]LogConfig: Setting CVar [[r.SSGI.Quality:3]]
[2020.04.14-14.12.50:896][  0]LogConfig: Setting CVar [[r.EmitterSpawnRateScale:1.0]]
[2020.04.14-14.12.50:896][  0]LogConfig: Setting CVar [[r.ParticleLightQuality:2]]
[2020.04.14-14.12.50:896][  0]LogConfig: Setting CVar [[r.SkyAtmosphere.AerialPerspectiveLUT.FastApplyOnOpaque:1 ; Always have FastSkyLUT 1 in this case to avoid wrong sky]]
[2020.04.14-14.12.50:896][  0]LogConfig: Setting CVar [[r.SkyAtmosphere.AerialPerspectiveLUT.SampleCountPerSlice:1]]
[2020.04.14-14.12.50:896][  0]LogConfig: Setting CVar [[r.SkyAtmosphere.AerialPerspectiveLUT.DepthResolution:16.0]]
[2020.04.14-14.12.50:896][  0]LogConfig: Setting CVar [[r.SkyAtmosphere.FastSkyLUT:1]]
[2020.04.14-14.12.50:896][  0]LogConfig: Setting CVar [[r.SkyAtmosphere.FastSkyLUT.SampleCountMin:4.0]]
[2020.04.14-14.12.50:896][  0]LogConfig: Setting CVar [[r.SkyAtmosphere.FastSkyLUT.SampleCountMax:32.0]]
[2020.04.14-14.12.50:896][  0]LogConfig: Setting CVar [[r.SkyAtmosphere.SampleCountMin:4.0]]
[2020.04.14-14.12.50:896][  0]LogConfig: Setting CVar [[r.SkyAtmosphere.SampleCountMax:32.0]]
[2020.04.14-14.12.50:896][  0]LogConfig: Setting CVar [[r.SkyAtmosphere.TransmittanceLUT.UseSmallFormat:0]]
[2020.04.14-14.12.50:896][  0]LogConfig: Setting CVar [[r.SkyAtmosphere.TransmittanceLUT.SampleCount:10.0]]
[2020.04.14-14.12.50:896][  0]LogConfig: Setting CVar [[r.SkyAtmosphere.MultiScatteringLUT.SampleCount:15.0]]
[2020.04.14-14.12.50:896][  0]LogConfig: Applying CVar settings from Section [FoliageQuality@3] File [C:/Users/lagar/OneDrive/Documents/OpenWorld_Changeling/AdvancedLocomotionSystemV/Saved/Config/Windows/Scalability.ini]
[2020.04.14-14.12.50:896][  0]LogConfig: Setting CVar [[foliage.DensityScale:1.0]]
[2020.04.14-14.12.50:896][  0]LogConfig: Setting CVar [[grass.DensityScale:1.0]]
[2020.04.14-14.12.50:896][  0]LogConfig: Applying CVar settings from Section [ShadingQuality@3] File [C:/Users/lagar/OneDrive/Documents/OpenWorld_Changeling/AdvancedLocomotionSystemV/Saved/Config/Windows/Scalability.ini]
[2020.04.14-14.12.50:896][  0]LogConfig: Setting CVar [[r.HairStrands.SkyLighting.SampleCount:16]]
[2020.04.14-14.12.50:896][  0]LogConfig: Setting CVar [[r.HairStrands.SkyLighting.JitterIntegration:0]]
[2020.04.14-14.12.50:896][  0]LogConfig: Setting CVar [[r.HairStrands.SkyAO.SampleCount:16]]
[2020.04.14-14.12.50:896][  0]LogConfig: Applying CVar settings from Section [Startup] File [../../../Engine/Config/ConsoleVariables.ini]
[2020.04.14-14.12.50:896][  0]LogConfig: Setting CVar [[net.UseAdaptiveNetUpdateFrequency:0]]
[2020.04.14-14.12.50:896][  0]LogConfig: Setting CVar [[p.chaos.AllowCreatePhysxBodies:1]]
[2020.04.14-14.12.50:896][  0]LogConfig: Applying CVar settings from Section [ConsoleVariables] File [C:/Users/lagar/OneDrive/Documents/OpenWorld_Changeling/AdvancedLocomotionSystemV/Saved/Config/Windows/Engine.ini]
[2020.04.14-14.12.50:897][  0]LogInit: Computer: MSI
[2020.04.14-14.12.50:897][  0]LogInit: User: lagar
[2020.04.14-14.12.50:897][  0]LogInit: CPU Page size=4096, Cores=6
[2020.04.14-14.12.50:897][  0]LogInit: High frequency timer resolution =10.000000 MHz
[2020.04.14-14.12.50:897][  0]LogMemory: Memory total: Physical=15.8GB (16GB approx)
[2020.04.14-14.12.50:897][  0]LogMemory: Platform Memory Stats for Windows
[2020.04.14-14.12.50:897][  0]LogMemory: Process Physical Memory: 109.40 MB used, 109.40 MB peak
[2020.04.14-14.12.50:897][  0]LogMemory: Process Virtual Memory: 105.18 MB used, 105.18 MB peak
[2020.04.14-14.12.50:897][  0]LogMemory: Physical Memory: 12899.28 MB used,  3330.50 MB free, 16229.78 MB total
[2020.04.14-14.12.50:897][  0]LogMemory: Virtual Memory: 5200.68 MB used,  134212528.00 MB free, 134217728.00 MB total
[2020.04.14-14.12.51:242][  0]LogWindows: WindowsPlatformFeatures enabled
[2020.04.14-14.12.51:264][  0]LogInit: Using OS detected language (fr-FR).
[2020.04.14-14.12.51:264][  0]LogInit: Using OS detected locale (fr-FR).
[2020.04.14-14.12.51:265][  0]LogTextLocalizationManager: No specific localization for 'fr-FR' exists, so the 'fr' localization will be used.
[2020.04.14-14.12.51:265][  0]LogTextLocalizationResource: LocRes '../../../Engine/Content/Localization/Editor/fr/Editor.locres' could not be opened for reading!
[2020.04.14-14.12.51:265][  0]LogTextLocalizationResource: LocRes '../../../Engine/Content/Localization/EditorTutorials/fr/EditorTutorials.locres' could not be opened for reading!
[2020.04.14-14.12.51:266][  0]LogTextLocalizationResource: LocRes '../../../Engine/Content/Localization/Keywords/fr/Keywords.locres' could not be opened for reading!
[2020.04.14-14.12.51:266][  0]LogTextLocalizationResource: LocRes '../../../Engine/Content/Localization/Category/fr/Category.locres' could not be opened for reading!
[2020.04.14-14.12.51:266][  0]LogTextLocalizationResource: LocRes '../../../Engine/Content/Localization/ToolTips/fr/ToolTips.locres' could not be opened for reading!
[2020.04.14-14.12.51:266][  0]LogTextLocalizationResource: LocRes '../../../Engine/Content/Localization/PropertyNames/fr/PropertyNames.locres' could not be opened for reading!
[2020.04.14-14.12.51:266][  0]LogTextLocalizationResource: LocRes '../../../Engine/Content/Localization/Engine/fr/Engine.locres' could not be opened for reading!
[2020.04.14-14.12.51:267][  0]LogInit: Setting process to per monitor DPI aware
[2020.04.14-14.12.51:328][  0]LogSlate: New Slate User Created.  User Index 0, Is Virtual User: 0
[2020.04.14-14.12.51:328][  0]LogSlate: Slate User Registered.  User Index 0, Is Virtual User: 0
[2020.04.14-14.12.51:832][  0]LogHMD: Failed to initialize OpenVR with code 126
[2020.04.14-14.12.51:832][  0]LogD3D11RHI: D3D11 min allowed feature level: 11_0
[2020.04.14-14.12.51:832][  0]LogD3D11RHI: D3D11 max allowed feature level: 11_0
[2020.04.14-14.12.51:832][  0]LogD3D11RHI: D3D11 adapters:
[2020.04.14-14.12.51:899][  0]LogD3D11RHI:    0. 'NVIDIA GeForce GTX 1070' (Feature Level 11_0)
[2020.04.14-14.12.51:899][  0]LogD3D11RHI:       8082/0/8114 MB DedicatedVideo/DedicatedSystem/SharedSystem, Outputs:1, VendorId:0x10de
[2020.04.14-14.12.51:939][  0]LogD3D11RHI:    1. 'Intel(R) UHD Graphics 630' (Feature Level 11_0)
[2020.04.14-14.12.51:939][  0]LogD3D11RHI:       128/0/8114 MB DedicatedVideo/DedicatedSystem/SharedSystem, Outputs:0, VendorId:0x8086
[2020.04.14-14.12.51:941][  0]LogD3D11RHI:    2. 'Microsoft Basic Render Driver' (Feature Level 11_0)
[2020.04.14-14.12.51:941][  0]LogD3D11RHI:       0/0/8114 MB DedicatedVideo/DedicatedSystem/SharedSystem, Outputs:0, VendorId:0x1414
[2020.04.14-14.12.51:941][  0]LogD3D11RHI: Chosen D3D11 Adapter: 0
[2020.04.14-14.12.51:978][  0]LogD3D11RHI: Creating new Direct3DDevice
[2020.04.14-14.12.51:979][  0]LogD3D11RHI:     GPU DeviceId: 0x1ba1 (for the marketing name, search the web for "GPU Device Id")
[2020.04.14-14.12.51:979][  0]LogWindows: EnumDisplayDevices:
[2020.04.14-14.12.51:979][  0]LogWindows:    0. 'Intel(R) UHD Graphics 630' (P:1 D:1)
[2020.04.14-14.12.51:979][  0]LogWindows:    1. 'Intel(R) UHD Graphics 630' (P:0 D:0)
[2020.04.14-14.12.51:980][  0]LogWindows:    2. 'Intel(R) UHD Graphics 630' (P:0 D:0)
[2020.04.14-14.12.51:980][  0]LogWindows:    3. 'NVIDIA GeForce GTX 1070' (P:0 D:0)
[2020.04.14-14.12.51:980][  0]LogWindows:    4. 'NVIDIA GeForce GTX 1070' (P:0 D:0)
[2020.04.14-14.12.51:981][  0]LogWindows:    5. 'NVIDIA GeForce GTX 1070' (P:0 D:0)
[2020.04.14-14.12.51:981][  0]LogWindows:    6. 'NVIDIA GeForce GTX 1070' (P:0 D:0)
[2020.04.14-14.12.51:981][  0]LogWindows: DebugString: PrimaryIsNotTheChoosenAdapter PrimaryIsNotTheChoosenAdapter PrimaryIsNotTheChoosenAdapter FoundDriverCount:4 
[2020.04.14-14.12.51:981][  0]LogD3D11RHI:     Adapter Name: NVIDIA GeForce GTX 1070
[2020.04.14-14.12.51:981][  0]LogD3D11RHI:   Driver Version: 419.67 (internal:25.21.14.1967, unified:419.67)
[2020.04.14-14.12.51:981][  0]LogD3D11RHI:      Driver Date: 3-17-2019
[2020.04.14-14.12.51:981][  0]LogRHI: Texture pool is 5657 MB (70% of 8082 MB)
[2020.04.14-14.12.52:036][  0]LogD3D11RHI: RHI has support for 64 bit atomics
[2020.04.14-14.12.52:036][  0]LogD3D11RHI: Async texture creation enabled
[2020.04.14-14.12.52:060][  0]LogD3D11RHI: GPU Timing Frequency: 1000.000000 (Debug: 2 1)
[2020.04.14-14.12.52:522][  0]LogTargetPlatformManager: Display: Loaded TargetPlatform 'AllDesktop'
[2020.04.14-14.12.52:560][  0]LogTargetPlatformManager: Display: Loaded TargetPlatform 'Android'
[2020.04.14-14.12.52:560][  0]LogTargetPlatformManager: Display: Loaded TargetPlatform 'Android_ASTC'
[2020.04.14-14.12.52:561][  0]LogTargetPlatformManager: Display: Loaded TargetPlatform 'Android_ATC'
[2020.04.14-14.12.52:561][  0]LogTargetPlatformManager: Display: Loaded TargetPlatform 'Android_DXT'
[2020.04.14-14.12.52:561][  0]LogTargetPlatformManager: Display: Loaded TargetPlatform 'Android_ETC1'
[2020.04.14-14.12.52:561][  0]LogTargetPlatformManager: Display: Loaded TargetPlatform 'Android_ETC1a'
[2020.04.14-14.12.52:561][  0]LogTargetPlatformManager: Display: Loaded TargetPlatform 'Android_ETC2'
[2020.04.14-14.12.52:561][  0]LogTargetPlatformManager: Display: Loaded TargetPlatform 'Android_PVRTC'
[2020.04.14-14.12.52:561][  0]LogTargetPlatformManager: Display: Loaded TargetPlatform 'AndroidClient'
[2020.04.14-14.12.52:561][  0]LogTargetPlatformManager: Display: Loaded TargetPlatform 'Android_ASTCClient'
[2020.04.14-14.12.52:561][  0]LogTargetPlatformManager: Display: Loaded TargetPlatform 'Android_ATCClient'
[2020.04.14-14.12.52:561][  0]LogTargetPlatformManager: Display: Loaded TargetPlatform 'Android_DXTClient'
[2020.04.14-14.12.52:561][  0]LogTargetPlatformManager: Display: Loaded TargetPlatform 'Android_ETC1Client'
[2020.04.14-14.12.52:561][  0]LogTargetPlatformManager: Display: Loaded TargetPlatform 'Android_ETC1aClient'
[2020.04.14-14.12.52:561][  0]LogTargetPlatformManager: Display: Loaded TargetPlatform 'Android_ETC2Client'
[2020.04.14-14.12.52:561][  0]LogTargetPlatformManager: Display: Loaded TargetPlatform 'Android_PVRTCClient'
[2020.04.14-14.12.52:561][  0]LogTargetPlatformManager: Display: Loaded TargetPlatform 'Android_Multi'
[2020.04.14-14.12.52:561][  0]LogTargetPlatformManager: Display: Loaded TargetPlatform 'Android_MultiClient'
[2020.04.14-14.12.52:588][  0]LogTargetPlatformManager: Display: Loaded TargetPlatform 'IOSClient'
[2020.04.14-14.12.52:588][  0]LogTargetPlatformManager: Display: Loaded TargetPlatform 'IOS'
[2020.04.14-14.12.52:596][  0]LogTargetPlatformManager: Display: Loaded TargetPlatform 'LinuxNoEditor'
[2020.04.14-14.12.52:605][  0]LogTargetPlatformManager: Display: Loaded TargetPlatform 'LinuxClient'
[2020.04.14-14.12.52:613][  0]LogTargetPlatformManager: Display: Loaded TargetPlatform 'LinuxServer'
[2020.04.14-14.12.52:624][  0]LogTargetPlatformManager: Display: Loaded TargetPlatform 'LinuxAArch64NoEditor'
[2020.04.14-14.12.52:632][  0]LogTargetPlatformManager: Display: Loaded TargetPlatform 'LinuxAArch64Client'
[2020.04.14-14.12.52:640][  0]LogTargetPlatformManager: Display: Loaded TargetPlatform 'LinuxAArch64Server'
[2020.04.14-14.12.52:671][  0]LogTargetPlatformManager: Display: Loaded TargetPlatform 'Lumin'
[2020.04.14-14.12.52:671][  0]LogTargetPlatformManager: Display: Loaded TargetPlatform 'LuminClient'
[2020.04.14-14.12.52:691][  0]LogTargetPlatformManager: Display: Loaded TargetPlatform 'TVOSClient'
[2020.04.14-14.12.52:691][  0]LogTargetPlatformManager: Display: Loaded TargetPlatform 'TVOS'
[2020.04.14-14.12.52:700][  0]LogTargetPlatformManager: Display: Loaded TargetPlatform 'WindowsNoEditor'
[2020.04.14-14.12.52:710][  0]LogTargetPlatformManager: Display: Loaded TargetPlatform 'Windows'
[2020.04.14-14.12.52:718][  0]LogTargetPlatformManager: Display: Loaded TargetPlatform 'WindowsClient'
[2020.04.14-14.12.52:727][  0]LogTargetPlatformManager: Display: Loaded TargetPlatform 'WindowsServer'
[2020.04.14-14.12.52:727][  0]LogTargetPlatformManager: Display: Building Assets For Windows
[2020.04.14-14.12.52:730][  0]LogAudioDebug: Display: Lib vorbis DLL was dynamically loaded.
[2020.04.14-14.12.52:758][  0]LogShaderCompilers: Guid format shader working directory is -50 characters bigger than the processId version (../../../../../../Users/lagar/OneDrive/Documents/OpenWorld_Changeling/AdvancedLocomotionSystemV/Intermediate/Shaders/WorkingDirectory/16964/).
[2020.04.14-14.12.52:758][  0]LogShaderCompilers: Cleaned the shader compiler working directory 'C:/Users/lagar/AppData/Local/Temp/UnrealShaderWorkingDir/CB380A03433C6879EFF42E92AE224B11/'.
[2020.04.14-14.12.52:759][  0]LogXGEController: Cannot use XGE Controller as Incredibuild is not installed on this machine.
[2020.04.14-14.12.52:759][  0]LogShaderCompilers: Cannot use XGE Shader Compiler as Incredibuild is not installed on this machine.
[2020.04.14-14.12.52:759][  0]LogShaderCompilers: Display: Using Local Shader Compiler.
[2020.04.14-14.12.53:547][  0]LogDerivedDataCache: Display: Max Cache Size: 512 MB
[2020.04.14-14.12.53:597][  0]LogDerivedDataCache: Loaded boot cache 0.05s 81MB C:/Users/lagar/AppData/Local/UnrealEngine/4.24/DerivedDataCache/Boot.ddc.
[2020.04.14-14.12.53:597][  0]LogDerivedDataCache: Display: Loaded Boot cache: C:/Users/lagar/AppData/Local/UnrealEngine/4.24/DerivedDataCache/Boot.ddc
[2020.04.14-14.12.53:597][  0]LogDerivedDataCache: FDerivedDataBackendGraph:  Pak pak cache file ../../../../../../Users/lagar/OneDrive/Documents/OpenWorld_Changeling/AdvancedLocomotionSystemV/DerivedDataCache/DDC.ddp not found, will not use a pak cache.
[2020.04.14-14.12.53:597][  0]LogDerivedDataCache: Unable to find inner node Pak for hierarchical cache Hierarchy.
[2020.04.14-14.12.53:597][  0]LogDerivedDataCache: FDerivedDataBackendGraph:  CompressedPak pak cache file ../../../../../../Users/lagar/OneDrive/Documents/OpenWorld_Changeling/AdvancedLocomotionSystemV/DerivedDataCache/Compressed.ddp not found, will not use a pak cache.
[2020.04.14-14.12.53:597][  0]LogDerivedDataCache: Unable to find inner node CompressedPak for hierarchical cache Hierarchy.
[2020.04.14-14.12.53:606][  0]LogDerivedDataCache: Display: Pak cache opened for reading ../../../Engine/DerivedDataCache/Compressed.ddp.
[2020.04.14-14.12.53:606][  0]LogDerivedDataCache: FDerivedDataBackendGraph:  EnterprisePak pak cache file ../../../Enterprise/DerivedDataCache/Compressed.ddp not found, will not use a pak cache.
[2020.04.14-14.12.53:606][  0]LogDerivedDataCache: Unable to find inner node EnterprisePak for hierarchical cache Hierarchy.
[2020.04.14-14.12.53:607][  0]LogDerivedDataCache: Using Local data cache path C:/Users/lagar/AppData/Local/UnrealEngine/Common/DerivedDataCache: Writable
[2020.04.14-14.12.53:607][  0]LogDerivedDataCache: Shared data cache path not found in *engine.ini, will not use an Shared cache.
[2020.04.14-14.12.53:607][  0]LogDerivedDataCache: Unable to find inner node Shared for hierarchical cache Hierarchy.
[2020.04.14-14.12.53:630][  0]LogMaterial: Verifying Global Shaders for PCD3D_SM5
[2020.04.14-14.12.53:632][  0]LogSlate: Using FreeType 2.10.0
[2020.04.14-14.12.53:633][  0]LogSlate: SlateFontServices - WITH_FREETYPE: 1, WITH_HARFBUZZ: 1
[2020.04.14-14.12.53:678][  0]LogAssetRegistry: FAssetRegistry took 0.0025 seconds to start up
[2020.04.14-14.12.53:921][  0]LogCollisionProfile: Warning: Profile (Pawn) - Custom Channel Name = 'Grabbable' hasn't been found
[2020.04.14-14.12.53:921][  0]LogCollisionProfile: Warning: Profile (Spectator) - Custom Channel Name = 'Grabbable' hasn't been found
[2020.04.14-14.12.53:922][  0]LogCollisionProfile: Warning: Profile (CharacterMesh) - Custom Channel Name = 'Grabbable' hasn't been found
[2020.04.14-14.12.53:922][  0]LogCollisionProfile: Warning: Profile (InvisibleWall) - Custom Channel Name = 'Grabbable' hasn't been found
[2020.04.14-14.12.53:922][  0]LogCollisionProfile: Warning: Profile (InvisibleWallDynamic) - Custom Channel Name = 'Grabbable' hasn't been found
[2020.04.14-14.12.53:922][  0]LogCollisionProfile: Warning: Profile (Trigger) - Custom Channel Name = 'Grabbable' hasn't been found
[2020.04.14-14.12.53:922][  0]LogCollisionProfile: Warning: Profile (Ragdoll) - Custom Channel Name = 'Grabbable' hasn't been found
[2020.04.14-14.12.53:922][  0]LogCollisionProfile: Warning: Profile (UI) - Custom Channel Name = 'Grabbable' hasn't been found
[2020.04.14-14.12.53:922][  0]LogCollisionProfile: Warning: Profile (ALS_Character) - Custom Channel Name = 'Grabbable' hasn't been found
[2020.04.14-14.12.53:922][  0]LogCollisionProfile: Warning: Profile (ALS_Prop) - Custom Channel Name = 'Grabbable' hasn't been found
[2020.04.14-14.12.53:986][  0]LogInit: Selected Device Profile: [Windows]
[2020.04.14-14.12.54:135][  0]LogMeshReduction: Using QuadricMeshReduction for automatic static mesh reduction
[2020.04.14-14.12.54:136][  0]LogMeshReduction: Using SimplygonMeshReduction for automatic skeletal mesh reduction
[2020.04.14-14.12.54:136][  0]LogMeshReduction: Using ProxyLODMeshReduction for automatic mesh merging
[2020.04.14-14.12.54:136][  0]LogMeshReduction: No distributed automatic mesh merging module available
[2020.04.14-14.12.54:136][  0]LogMeshMerging: No distributed automatic mesh merging module available
[2020.04.14-14.12.54:146][  0]LogNetVersion: AdvancedLocomotionSystemV 1.0.0, NetCL: 10570792, EngineNetVer: 13, GameNetVer: 0 (Checksum: 1377953754)
[2020.04.14-14.12.55:164][  0]LogPackageLocalizationCache: Processed 11 localized package path(s) for 1 prioritized culture(s) in 0.047467 seconds
[2020.04.14-14.12.55:171][  0]LogUObjectArray: 46751 objects as part of root set at end of initial load.
[2020.04.14-14.12.55:171][  0]LogUObjectAllocator: 8137384 out of 0 bytes used by permanent object pool.
[2020.04.14-14.12.55:171][  0]LogUObjectArray: CloseDisregardForGC: 0/0 objects in disregard for GC pool
[2020.04.14-14.12.55:594][  0]LogTcpMessaging: Initializing TcpMessaging bridge
[2020.04.14-14.12.55:597][  0]LogUdpMessaging: Initializing bridge on interface 0.0.0.0:0 to multicast group 230.0.0.1:6666.
[2020.04.14-14.12.55:648][  0]SourceControl: Source control is disabled
[2020.04.14-14.12.55:648][  0]SourceControl: Source control is disabled
[2020.04.14-14.12.55:649][  0]SourceControl: Source control is disabled
[2020.04.14-14.12.55:650][  0]SourceControl: Source control is disabled
[2020.04.14-14.12.55:651][  0]SourceControl: Source control is disabled
[2020.04.14-14.12.55:746][  0]LogAndroidPermission: UAndroidPermissionCallbackProxy::GetInstance
[2020.04.14-14.12.55:755][  0]LogAudioCaptureCore: Display: No Audio Capture implementations found. Audio input will be silent.
[2020.04.14-14.12.55:755][  0]LogAudioCaptureCore: Display: No Audio Capture implementations found. Audio input will be silent.
[2020.04.14-14.12.55:833][  0]LogOcInput: OculusInput pre-init called
[2020.04.14-14.12.56:460][  0]LogEngine: Initializing Engine...
[2020.04.14-14.12.56:492][  0]LogHMD: Failed to initialize OpenVR with code 126
[2020.04.14-14.12.56:493][  0]LogStats: UGameplayTagsManager::InitializeManager -  0.000 s
[2020.04.14-14.12.56:929][  0]LogInit: Initializing FReadOnlyCVARCache
[2020.04.14-14.12.56:935][  0]LogAIModule: Creating AISystem for world Untitled
[2020.04.14-14.12.57:011][  0]LogAudioMixer: Display: Audio Mixer Platform Settings:
[2020.04.14-14.12.57:011][  0]LogAudioMixer: Display: 	Sample Rate:						  48000
[2020.04.14-14.12.57:011][  0]LogAudioMixer: Display: 	Callback Buffer Frame Size Requested: 1024
[2020.04.14-14.12.57:011][  0]LogAudioMixer: Display: 	Callback Buffer Frame Size To Use:	  1024
[2020.04.14-14.12.57:011][  0]LogAudioMixer: Display: 	Number of buffers to queue:			  2
[2020.04.14-14.12.57:011][  0]LogAudioMixer: Display: 	Max Channels (voices):				  32
[2020.04.14-14.12.57:011][  0]LogAudioMixer: Display: 	Number of Async Source Workers:		  0
[2020.04.14-14.12.57:011][  0]LogAudio: Display: AudioDevice MaxSources: 32
[2020.04.14-14.12.57:011][  0]LogAudio: Display: Using built-in audio occlusion.
[2020.04.14-14.12.57:011][  0]LogAudioMixer: Display: Initializing audio mixer.
[2020.04.14-14.12.57:120][  0]LogAudioMixer: Display: Audio Device Output Speaker Info:
[2020.04.14-14.12.57:120][  0]LogAudioMixer: Display: Name: Haut-parleurs (Realtek(R) Audio)
[2020.04.14-14.12.57:120][  0]LogAudioMixer: Display: Is Default: Yes
[2020.04.14-14.12.57:121][  0]LogAudioMixer: Display: Sample Rate: 48000
[2020.04.14-14.12.57:121][  0]LogAudioMixer: Display: Channel Count Used: 8
[2020.04.14-14.12.57:121][  0]LogAudioMixer: Display: Device Channel Count: 8
[2020.04.14-14.12.57:121][  0]LogAudioMixer: Display: Channel Order:
[2020.04.14-14.12.57:121][  0]LogAudioMixer: Display: 0: FrontLeft
[2020.04.14-14.12.57:121][  0]LogAudioMixer: Display: 1: FrontRight
[2020.04.14-14.12.57:121][  0]LogAudioMixer: Display: 2: FrontCenter
[2020.04.14-14.12.57:121][  0]LogAudioMixer: Display: 3: LowFrequency
[2020.04.14-14.12.57:121][  0]LogAudioMixer: Display: 4: BackLeft
[2020.04.14-14.12.57:121][  0]LogAudioMixer: Display: 5: BackRight
[2020.04.14-14.12.57:121][  0]LogAudioMixer: Display: 6: SideLeft
[2020.04.14-14.12.57:121][  0]LogAudioMixer: Display: 7: SideRight
[2020.04.14-14.12.57:351][  0]LogAudioMixer: Display: Using Audio Device Haut-parleurs (Realtek(R) Audio)
[2020.04.14-14.12.57:355][  0]LogInit: FAudioDevice initialized.
[2020.04.14-14.12.57:355][  0]LogNetVersion: Set ProjectVersion to 1.0.0.0. Version Checksum will be recalculated on next use.
[2020.04.14-14.12.57:412][  0]LogDerivedDataCache: Saved boot cache 0.06s 81MB C:/Users/lagar/AppData/Local/UnrealEngine/4.24/DerivedDataCache/Boot.ddc.
[2020.04.14-14.12.57:417][  0]LogInit: Texture streaming: Enabled
[2020.04.14-14.12.57:425][  0]LogEngineSessionManager: EngineSessionManager initialized
[2020.04.14-14.12.57:425][  0]LogEditorSessionSummary: Verbose: Initializing EditorSessionSummaryWriter for editor session tracking
[2020.04.14-14.12.57:426][  0]LogEditorSessionSummary: EditorSessionSummaryWriter initialized
[2020.04.14-14.12.57:482][  0]LogInit: Transaction tracking system initialized
[2020.04.14-14.12.57:491][  0]BlueprintLog: New page: Editor Load
[2020.04.14-14.12.57:516][  0]LocalizationService: Localization service is disabled
[2020.04.14-14.12.58:201][  0]LogCook: Display: Max memory allowance for cook 16384mb min free memory 0mb
[2020.04.14-14.12.58:201][  0]LogCook: Display: Mobile HDR setting 1
[2020.04.14-14.12.58:866][  0]SourceControl: Source control is disabled
[2020.04.14-14.12.58:866][  0]LightingResults: New page: Lighting Build
[2020.04.14-14.12.58:867][  0]LogWorld: UWorld::CleanupWorld for Untitled, bSessionEnded=true, bCleanupResources=true
[2020.04.14-14.12.58:867][  0]LogSlate: InvalidateAllWidgets triggered.  All widgets were invalidated
[2020.04.14-14.12.58:867][  0]MapCheck: New page: Map Check
[2020.04.14-14.12.58:867][  0]LightingResults: New page: Lighting Build
[2020.04.14-14.12.58:903][  0]LogUObjectHash: Compacting FUObjectHashTables data took   1.81ms
[2020.04.14-14.13.01:665][  0]LogAIModule: Creating AISystem for world ALS_DemoLevel
[2020.04.14-14.13.01:710][  0]LogEditorServer: Finished looking for orphan Actors (0.000 secs)
[2020.04.14-14.13.01:773][  0]LogUObjectHash: Compacting FUObjectHashTables data took   3.56ms
[2020.04.14-14.13.01:773][  0]Cmd: MAP CHECKDEP NOCLEARLOG
[2020.04.14-14.13.01:773][  0]MapCheck: Map check complete: 0 Error(s), 0 Warning(s), took 0,153ms to complete.
[2020.04.14-14.13.01:773][  0]LogFileHelpers: Loading map 'ALS_DemoLevel' took 2.908
[2020.04.14-14.13.01:894][  0]LogSlate: Updating window title bar state: overlay mode, drag disabled, window buttons hidden, title bar hidden
[2020.04.14-14.13.01:900][  0]LogSlate: Updating window title bar state: overlay mode, drag disabled, window buttons hidden, title bar hidden
[2020.04.14-14.13.01:907][  0]LogSlate: Updating window title bar state: overlay mode, drag disabled, window buttons hidden, title bar hidden
[2020.04.14-14.13.01:913][  0]LogSlate: Updating window title bar state: overlay mode, drag disabled, window buttons hidden, title bar hidden
[2020.04.14-14.13.01:919][  0]LogCollectionManager: Loaded 0 collections in 0.002330 seconds
[2020.04.14-14.13.01:934][  0]LogFileCache: Scanning file cache for directory 'C:/Users/lagar/OneDrive/Documents/OpenWorld_Changeling/AdvancedLocomotionSystemV/Saved/Collections/' took 0.00s
[2020.04.14-14.13.01:934][  0]LogFileCache: Scanning file cache for directory 'C:/Users/lagar/OneDrive/Documents/OpenWorld_Changeling/AdvancedLocomotionSystemV/Content/Developers/lagar/Collections/' took 0.00s
[2020.04.14-14.13.01:934][  0]LogFileCache: Scanning file cache for directory 'C:/Users/lagar/OneDrive/Documents/OpenWorld_Changeling/AdvancedLocomotionSystemV/Content/Collections/' took 0.00s
[2020.04.14-14.13.01:934][  0]LogContentBrowser: Native class hierarchy populated in 0.0072 seconds. Added 3022 classes and 722 folders.
[2020.04.14-14.13.01:941][  0]LogContentBrowser: Native class hierarchy updated for 'WidgetCarousel' in 0.0002 seconds. Added 0 classes and 0 folders.
[2020.04.14-14.13.01:991][  0]LogContentBrowser: Native class hierarchy updated for 'AddContentDialog' in 0.0002 seconds. Added 0 classes and 0 folders.
[2020.04.14-14.13.02:003][  0]LogContentBrowser: Native class hierarchy updated for 'SceneOutliner' in 0.0003 seconds. Added 2 classes and 3 folders.
[2020.04.14-14.13.02:015][  0]LogContentBrowser: Native class hierarchy updated for 'WorldBrowser' in 0.0003 seconds. Added 2 classes and 3 folders.
[2020.04.14-14.13.03:427][  0]LogContentBrowser: Native class hierarchy updated for 'HierarchicalLODOutliner' in 0.0003 seconds. Added 0 classes and 0 folders.
[2020.04.14-14.13.03:430][  0]LogLoad: (Engine Initialization) Total time: 14.94 seconds
[2020.04.14-14.13.03:430][  0]LogLoad: (Engine Initialization) Total Blueprint compile time: 0.00 seconds
[2020.04.14-14.13.03:506][  0]LogAssetRegistry: Asset discovery search completed in 9.8286 seconds
[2020.04.14-14.13.03:511][  0]LogCollectionManager: Fixed up redirectors for 0 collections in 0.000012 seconds (updated 0 objects)
[2020.04.14-14.13.03:512][  0]LogContentStreaming: Texture pool size now 1000 MB
[2020.04.14-14.13.03:526][  0]LogSlate: Took 0.000150 seconds to synchronously load lazily loaded font '../../../Engine/Content/Slate/Fonts/Roboto-Regular.ttf' (155K)
[2020.04.14-14.13.03:528][  0]LogSlate: Took 0.000165 seconds to synchronously load lazily loaded font '../../../Engine/Content/Slate/Fonts/Roboto-Bold.ttf' (160K)
[2020.04.14-14.13.03:533][  0]LogSlate: Took 0.000147 seconds to synchronously load lazily loaded font '../../../Engine/Content/Editor/Slate/Fonts/FontAwesome.ttf' (139K)
[2020.04.14-14.13.03:535][  0]LogSlate: Took 0.000116 seconds to synchronously load lazily loaded font '../../../Engine/Content/Slate/Fonts/Roboto-Light.ttf' (167K)
[2020.04.14-14.13.03:686][  0]LogRenderer: Reallocating scene render targets to support 660x404 Format 10 NumSamples 1 (Frame:1).
[2020.04.14-14.13.03:686][  0]LogSlate: Took 0.000125 seconds to synchronously load lazily loaded font '../../../Engine/Content/Slate/Fonts/Roboto-Light.ttf' (167K)
[2020.04.14-14.13.20:939][605]LogSlate: Took 0.001457 seconds to synchronously load lazily loaded font '../../../Engine/Content/Slate/Fonts/DroidSansFallback.ttf' (3848K)
[2020.04.14-14.13.22:628][678]LogRenderer: Reallocating scene render targets to support 992x640 Format 10 NumSamples 1 (Frame:637).
[2020.04.14-14.13.23:601][721]LogAssetEditorSubsystem: Opening Asset editor for WidgetBlueprint /DialoguePlugin/UI/DemoDialogueWidget.DemoDialogueWidget
[2020.04.14-14.13.23:872][721]LogContentBrowser: Native class hierarchy updated for 'BlueprintGraph' in 0.0005 seconds. Added 121 classes and 0 folders.
[2020.04.14-14.13.25:840][721]LogSlate: Took 0.000115 seconds to synchronously load lazily loaded font '../../../Engine/Content/Slate/Fonts/Roboto-BoldCondensed.ttf' (158K)
[2020.04.14-14.13.28:081][850]LogSlate: Window 'DemoDialogueWidget' being destroyed
[2020.04.14-14.13.29:532][934]LogAssetEditorSubsystem: Opening Asset editor for WidgetBlueprint /DialoguePlugin/UI/DemoReplyWidget.DemoReplyWidget
[2020.04.14-14.23.26:463][345]LogEnum: Warning: In asset '/Game/Changeling/Blueprints/UI/FullTree/WB_Village1Tree.WB_Village1Tree:WidgetTree.Baron', there is an enum property of type 'E_Tags' with an invalid value of 'E_Tags::NewEnumerator0'
[2020.04.14-14.23.26:463][345]LogEnum: Warning: In asset '/Game/Changeling/Blueprints/UI/FullTree/WB_Village1Tree.WB_Village1Tree:WidgetTree.Baron', there is an enum property of type 'E_Tags' with an invalid value of 'E_Tags::NewEnumerator3'
[2020.04.14-14.23.26:476][345]LogEnum: Warning: In asset '/Game/Changeling/Blueprints/UI/FullTree/WB_Village1Tree.WB_Village1Tree:WidgetTree.Danseuse', there is an enum property of type 'E_Tags' with an invalid value of 'E_Tags::NewEnumerator1'
[2020.04.14-14.23.26:488][345]LogEnum: Warning: In asset '/Game/Changeling/Blueprints/UI/FullTree/WB_Village1Tree.WB_Village1Tree:WidgetTree.Danseuse_1', there is an enum property of type 'E_Tags' with an invalid value of 'E_Tags::NewEnumerator0'
[2020.04.14-14.23.26:488][345]LogEnum: Warning: In asset '/Game/Changeling/Blueprints/UI/FullTree/WB_Village1Tree.WB_Village1Tree:WidgetTree.Danseuse_1', there is an enum property of type 'E_Tags' with an invalid value of 'E_Tags::NewEnumerator4'
[2020.04.14-14.23.26:500][345]LogEnum: Warning: In asset '/Game/Changeling/Blueprints/UI/FullTree/WB_Village1Tree.WB_Village1Tree:WidgetTree.Danseuse_2', there is an enum property of type 'E_Tags' with an invalid value of 'E_Tags::NewEnumerator0'
[2020.04.14-14.23.26:500][345]LogEnum: Warning: In asset '/Game/Changeling/Blueprints/UI/FullTree/WB_Village1Tree.WB_Village1Tree:WidgetTree.Danseuse_2', there is an enum property of type 'E_Tags' with an invalid value of 'E_Tags::NewEnumerator4'
[2020.04.14-14.23.26:500][345]LogEnum: Warning: In asset '/Game/Changeling/Blueprints/UI/FullTree/WB_Village1Tree.WB_Village1Tree:WidgetTree.Danseuse_2', there is an enum property of type 'E_Tags' with an invalid value of 'E_Tags::NewEnumerator3'
[2020.04.14-14.23.26:514][345]LogEnum: Warning: In asset '/Game/Changeling/Blueprints/UI/FullTree/WB_Village1Tree.WB_Village1Tree:WidgetTree.Danseuse_3', there is an enum property of type 'E_Tags' with an invalid value of 'E_Tags::NewEnumerator0'
[2020.04.14-14.23.26:514][345]LogEnum: Warning: In asset '/Game/Changeling/Blueprints/UI/FullTree/WB_Village1Tree.WB_Village1Tree:WidgetTree.Danseuse_3', there is an enum property of type 'E_Tags' with an invalid value of 'E_Tags::NewEnumerator3'
[2020.04.14-14.23.26:514][345]LogEnum: Warning: In asset '/Game/Changeling/Blueprints/UI/FullTree/WB_Village1Tree.WB_Village1Tree:WidgetTree.Danseuse_3', there is an enum property of type 'E_Tags' with an invalid value of 'E_Tags::NewEnumerator2'
[2020.04.14-14.23.26:531][345]LogEnum: Warning: In asset '/Game/Changeling/Blueprints/UI/FullTree/WB_Village1Tree.WB_Village1Tree:WidgetTree.Taverne', there is an enum property of type 'E_Tags' with an invalid value of 'E_Tags::NewEnumerator1'
[2020.04.14-14.23.26:544][345]LogEnum: Warning: In asset '/Game/Changeling/Blueprints/UI/FullTree/WB_WorldTree.WB_WorldTree:WidgetTree.Changelin', there is an enum property of type 'E_Tags' with an invalid value of 'E_Tags::NewEnumerator2'
[2020.04.14-14.23.26:860][345]LogAIModule: Creating AISystem for world HugoTest_Level
[2020.04.14-14.23.26:862][345]LogAssetEditorSubsystem: Opening Asset editor for World /Game/Changeling/Map/HugoTest_Level.HugoTest_Level
[2020.04.14-14.23.26:941][345]LogUObjectHash: Compacting FUObjectHashTables data took   5.86ms
[2020.04.14-14.23.26:943][345]Cmd: MAP LOAD FILE="../../../../../../Users/lagar/OneDrive/Documents/OpenWorld_Changeling/AdvancedLocomotionSystemV/Content/Changeling/Map/HugoTest_Level.umap" TEMPLATE=0 SHOWPROGRESS=1 FEATURELEVEL=3
[2020.04.14-14.23.26:944][345]LightingResults: New page: Lighting Build
[2020.04.14-14.23.26:945][345]LoadErrors: New page: Loading map: HugoTest_Level.umap
[2020.04.14-14.23.26:947][345]LogWorld: UWorld::CleanupWorld for ALS_DemoLevel, bSessionEnded=true, bCleanupResources=true
[2020.04.14-14.23.26:947][345]LogSlate: InvalidateAllWidgets triggered.  All widgets were invalidated
[2020.04.14-14.23.26:948][345]MapCheck: New page: Map Check
[2020.04.14-14.23.26:948][345]LightingResults: New page: Lighting Build
[2020.04.14-14.23.27:000][345]LogUObjectHash: Compacting FUObjectHashTables data took   4.37ms
[2020.04.14-14.23.27:235][345]LogEditorServer: Finished looking for orphan Actors (0.000 secs)
[2020.04.14-14.23.27:280][345]LogUObjectHash: Compacting FUObjectHashTables data took   3.21ms
[2020.04.14-14.23.27:309][345]Cmd: MAP CHECKDEP NOCLEARLOG
[2020.04.14-14.23.27:309][345]MapCheck: Map check complete: 0 Error(s), 0 Warning(s), took 0,121ms to complete.
[2020.04.14-14.23.27:309][345]LogFileHelpers: Loading map 'HugoTest_Level' took 0.367
[2020.04.14-14.23.55:052][476]LogAssetEditorSubsystem: Opening Asset editor for Dialogue /Game/Changeling/Blueprints/PNJ/D_PNJTest.D_PNJTest
[2020.04.14-14.24.15:093][293]Cmd: TRANSACTION UNDO
[2020.04.14-14.24.15:093][293]LogEditorTransaction: Undo Add NPC Answer
[2020.04.14-14.24.15:098][293]LogTemp: post undo!
[2020.04.14-14.24.21:931][700]Cmd: TRANSACTION UNDO
[2020.04.14-14.24.21:931][700]LogEditorTransaction: Undo Add Link
[2020.04.14-14.24.21:931][700]LogTemp: post undo!
[2020.04.14-14.24.45:206][865]LogTemp: Log: Copying 1 nodes.
[2020.04.14-14.24.45:441][879]LogTemp: Log: Pasting 1 nodes.
[2020.04.14-14.33.26:637][569]LogUObjectHash: Compacting FUObjectHashTables data took   3.69ms
[2020.04.14-14.33.26:640][569]LogFileHelpers: Editor autosave (incl. sublevels) for '/Game/Changeling/Map/HugoTest_Level' took 0.046
[2020.04.14-14.33.26:640][569]OBJ SavePackage: Generating thumbnails for [0] asset(s) in package [/Game/Changeling/Blueprints/PNJ/D_PNJTest] ([1] browsable assets)...
[2020.04.14-14.33.26:640][569]OBJ SavePackage: Finished generating thumbnails for package [/Game/Changeling/Blueprints/PNJ/D_PNJTest]
[2020.04.14-14.33.26:648][569]LogSavePackage: Moving '../../../../../../Users/lagar/OneDrive/Documents/OpenWorld_Changeling/AdvancedLocomotionSystemV/Saved/D_PNJTest_Auto17D97D21E4E9DCDD48D8CFA9C911DA116.tmp' to '../../../../../../Users/lagar/OneDrive/Documents/OpenWorld_Changeling/AdvancedLocomotionSystemV/Saved/Autosaves/Game/Changeling/Blueprints/PNJ/D_PNJTest_Auto1.uasset'
[2020.04.14-14.33.26:649][569]LogFileHelpers: Auto-saving content packages took 0.009
[2020.04.14-14.34.31:167][863]LogSlate: Window 'Plugins' being destroyed
[2020.04.14-14.34.31:173][863]LogSlate: Window 'Plugins' being destroyed
[2020.04.14-14.34.31:173][863]LogDirectoryWatcher: A directory notification for '../../../Engine/Plugins/' was aborted.
[2020.04.14-14.34.38:439][296]LogAssetEditorSubsystem: Opening Asset editor for UserDefinedEnum /Game/Changeling/Blueprints/Data/E_Tags.E_Tags
[2020.04.14-14.38.53:035][818]LogEnum: Warning: In asset '/Game/Changeling/Blueprints/UI/S_Tags.S_Tags', there is an enum property of type 'E_Tags' with an invalid value of 'E_Tags::NewEnumerator0'
[2020.04.14-14.38.56:026][993]LogMetaData: Removing '/Game/Changeling/Blueprints/Data/E_TypeIcon.E_TypeIcon' ref from Metadata '/Game/Changeling/Blueprints/UI/E_TypeIcon.PackageMetaData'
[2020.04.14-14.38.56:050][993]LogMetaData: Removing '/Game/Changeling/Blueprints/Data/S_Character.S_Character' ref from Metadata '/Game/Changeling/Blueprints/UI/S_Character.PackageMetaData'
[2020.04.14-14.38.56:050][993]LogMetaData: Removing '/Game/Changeling/Blueprints/Data/S_Character.S_Character:Tags_21_8D4C1C924AD869C25272299C94CB7078' ref from Metadata '/Game/Changeling/Blueprints/UI/S_Character.PackageMetaData'
[2020.04.14-14.38.56:050][993]LogMetaData: Removing '/Game/Changeling/Blueprints/Data/S_Character.S_Character:Art_25_041555684E9444073123B39C5192ED33' ref from Metadata '/Game/Changeling/Blueprints/UI/S_Character.PackageMetaData'
[2020.04.14-14.38.56:050][993]LogMetaData: Removing '/Game/Changeling/Blueprints/Data/S_Character.S_Character:Description_17_5E85E0FC4DAE8B0B01F67892A3CBD8EC' ref from Metadata '/Game/Changeling/Blueprints/UI/S_Character.PackageMetaData'
[2020.04.14-14.38.56:050][993]LogMetaData: Removing '/Game/Changeling/Blueprints/Data/S_Character.S_Character:Name_16_9E247C804E24558FFD9516ADEDDEFBBC' ref from Metadata '/Game/Changeling/Blueprints/UI/S_Character.PackageMetaData'
[2020.04.14-14.38.56:063][993]LogMetaData: Removing '/Game/Changeling/Blueprints/Data/S_CharacterIcon.S_CharacterIcon' ref from Metadata '/Game/Changeling/Blueprints/UI/S_CharacterIcon.PackageMetaData'
[2020.04.14-14.38.56:063][993]LogMetaData: Removing '/Game/Changeling/Blueprints/Data/S_CharacterIcon.S_CharacterIcon:IsLock_3_023CAE994EB2DAF9478F2F9DFD6A4104' ref from Metadata '/Game/Changeling/Blueprints/UI/S_CharacterIcon.PackageMetaData'
[2020.04.14-14.38.56:063][993]LogMetaData: Removing '/Game/Changeling/Blueprints/Data/S_CharacterIcon.S_CharacterIcon:Unlock_6_89696E7747035474E32D17B93AE43AF1' ref from Metadata '/Game/Changeling/Blueprints/UI/S_CharacterIcon.PackageMetaData'
[2020.04.14-14.38.56:063][993]LogMetaData: Removing '/Game/Changeling/Blueprints/Data/S_CharacterIcon.S_CharacterIcon:Lock_7_9E247C804E24558FFD9516ADEDDEFBBC' ref from Metadata '/Game/Changeling/Blueprints/UI/S_CharacterIcon.PackageMetaData'
[2020.04.14-14.38.56:073][993]LogMetaData: Removing '/Game/Changeling/Blueprints/Data/S_Secrets.S_Secrets' ref from Metadata '/Game/Changeling/Blueprints/UI/S_Secrets.PackageMetaData'
[2020.04.14-14.38.56:073][993]LogMetaData: Removing '/Game/Changeling/Blueprints/Data/S_Secrets.S_Secrets:Text_10_5E85E0FC4DAE8B0B01F67892A3CBD8EC' ref from Metadata '/Game/Changeling/Blueprints/UI/S_Secrets.PackageMetaData'
[2020.04.14-14.38.56:073][993]LogMetaData: Removing '/Game/Changeling/Blueprints/Data/S_Secrets.S_Secrets:IsLock_3_023CAE994EB2DAF9478F2F9DFD6A4104' ref from Metadata '/Game/Changeling/Blueprints/UI/S_Secrets.PackageMetaData'
[2020.04.14-14.38.56:073][993]LogMetaData: Removing '/Game/Changeling/Blueprints/Data/S_Secrets.S_Secrets:Unlock_6_89696E7747035474E32D17B93AE43AF1' ref from Metadata '/Game/Changeling/Blueprints/UI/S_Secrets.PackageMetaData'
[2020.04.14-14.38.56:073][993]LogMetaData: Removing '/Game/Changeling/Blueprints/Data/S_Secrets.S_Secrets:Lock_7_9E247C804E24558FFD9516ADEDDEFBBC' ref from Metadata '/Game/Changeling/Blueprints/UI/S_Secrets.PackageMetaData'
[2020.04.14-14.38.56:084][993]LogMetaData: Removing '/Game/Changeling/Blueprints/Data/S_Tags.S_Tags' ref from Metadata '/Game/Changeling/Blueprints/UI/S_Tags.PackageMetaData'
[2020.04.14-14.38.56:084][993]LogMetaData: Removing '/Game/Changeling/Blueprints/Data/S_Tags.S_Tags:TagsName_13_5E85E0FC4DAE8B0B01F67892A3CBD8EC' ref from Metadata '/Game/Changeling/Blueprints/UI/S_Tags.PackageMetaData'
[2020.04.14-14.38.56:084][993]LogMetaData: Removing '/Game/Changeling/Blueprints/Data/S_Tags.S_Tags:TagsImages_12_9E247C804E24558FFD9516ADEDDEFBBC' ref from Metadata '/Game/Changeling/Blueprints/UI/S_Tags.PackageMetaData'
[2020.04.14-14.38.56:133][993]LogSavePackage: Moving '../../../../../../Users/lagar/OneDrive/Documents/OpenWorld_Changeling/AdvancedLocomotionSystemV/Saved/E_TypeIcon6E5F97BD45A07E20ACC5D09855421462.tmp' to '../../../../../../Users/lagar/OneDrive/Documents/OpenWorld_Changeling/AdvancedLocomotionSystemV/Content/Changeling/Blueprints/Data/E_TypeIcon.uasset'
[2020.04.14-14.38.56:142][993]LogSavePackage: Moving '../../../../../../Users/lagar/OneDrive/Documents/OpenWorld_Changeling/AdvancedLocomotionSystemV/Saved/S_Character245FD15444114B17006BC4BC0A7CC54D.tmp' to '../../../../../../Users/lagar/OneDrive/Documents/OpenWorld_Changeling/AdvancedLocomotionSystemV/Content/Changeling/Blueprints/Data/S_Character.uasset'
[2020.04.14-14.38.56:152][993]LogSavePackage: Moving '../../../../../../Users/lagar/OneDrive/Documents/OpenWorld_Changeling/AdvancedLocomotionSystemV/Saved/S_CharacterIcon5D517CCF42197EFF5746A0A87DD09A67.tmp' to '../../../../../../Users/lagar/OneDrive/Documents/OpenWorld_Changeling/AdvancedLocomotionSystemV/Content/Changeling/Blueprints/Data/S_CharacterIcon.uasset'
[2020.04.14-14.38.56:162][993]LogSavePackage: Moving '../../../../../../Users/lagar/OneDrive/Documents/OpenWorld_Changeling/AdvancedLocomotionSystemV/Saved/S_SecretsEAB22EBF4B56F37FB19F4BB413B06034.tmp' to '../../../../../../Users/lagar/OneDrive/Documents/OpenWorld_Changeling/AdvancedLocomotionSystemV/Content/Changeling/Blueprints/Data/S_Secrets.uasset'
[2020.04.14-14.38.56:172][993]LogSavePackage: Moving '../../../../../../Users/lagar/OneDrive/Documents/OpenWorld_Changeling/AdvancedLocomotionSystemV/Saved/S_TagsD9FD3822410770289B88979901AFDBAA.tmp' to '../../../../../../Users/lagar/OneDrive/Documents/OpenWorld_Changeling/AdvancedLocomotionSystemV/Content/Changeling/Blueprints/Data/S_Tags.uasset'
[2020.04.14-14.38.56:947][993]LogUObjectHash: Compacting FUObjectHashTables data took   1.27ms
[2020.04.14-14.38.56:983][993]LogUObjectHash: Compacting FUObjectHashTables data took   1.05ms
[2020.04.14-14.38.57:021][993]LogUObjectHash: Compacting FUObjectHashTables data took   0.95ms
[2020.04.14-14.38.57:057][993]LogUObjectHash: Compacting FUObjectHashTables data took   1.01ms
[2020.04.14-14.38.57:097][993]LogUObjectHash: Compacting FUObjectHashTables data took   1.02ms
[2020.04.14-14.38.57:145][993]LogUObjectHash: Compacting FUObjectHashTables data took   3.40ms
[2020.04.14-14.38.57:186][993]LogUObjectHash: Compacting FUObjectHashTables data took   1.01ms
[2020.04.14-14.38.57:352][993]LogSavePackage: Moving '../../../../../../Users/lagar/OneDrive/Documents/OpenWorld_Changeling/AdvancedLocomotionSystemV/Saved/WB_IconBE789796413998D7CC87AA8A2F38F6F1.tmp' to '../../../../../../Users/lagar/OneDrive/Documents/OpenWorld_Changeling/AdvancedLocomotionSystemV/Content/Changeling/Blueprints/UI/BaseWidget/WB_Icon.uasset'
[2020.04.14-14.38.57:472][993]LogSavePackage: Moving '../../../../../../Users/lagar/OneDrive/Documents/OpenWorld_Changeling/AdvancedLocomotionSystemV/Saved/WB_Info_Input793FB9D146DCC4581539689A23DC23F3.tmp' to '../../../../../../Users/lagar/OneDrive/Documents/OpenWorld_Changeling/AdvancedLocomotionSystemV/Content/Changeling/Blueprints/UI/BaseWidget/WB_Info_Input.uasset'
[2020.04.14-14.38.57:644][993]LogSavePackage: Moving '../../../../../../Users/lagar/OneDrive/Documents/OpenWorld_Changeling/AdvancedLocomotionSystemV/Saved/WB_Info_WorldC95FC09E4B8702E14207C8BB1ABF76BB.tmp' to '../../../../../../Users/lagar/OneDrive/Documents/OpenWorld_Changeling/AdvancedLocomotionSystemV/Content/Changeling/Blueprints/UI/BaseWidget/WB_Info_World.uasset'
[2020.04.14-14.38.57:773][993]LogSavePackage: Moving '../../../../../../Users/lagar/OneDrive/Documents/OpenWorld_Changeling/AdvancedLocomotionSystemV/Saved/WB_MenuChangeling6D47398440D82972EFB493BEAEDFE17E.tmp' to '../../../../../../Users/lagar/OneDrive/Documents/OpenWorld_Changeling/AdvancedLocomotionSystemV/Content/Changeling/Blueprints/UI/FullTree/WB_MenuChangeling.uasset'
[2020.04.14-14.38.57:861][993]LogSavePackage: Moving '../../../../../../Users/lagar/OneDrive/Documents/OpenWorld_Changeling/AdvancedLocomotionSystemV/Saved/WB_Village1Tree99EF66F54145423D8976108E24A6B301.tmp' to '../../../../../../Users/lagar/OneDrive/Documents/OpenWorld_Changeling/AdvancedLocomotionSystemV/Content/Changeling/Blueprints/UI/FullTree/WB_Village1Tree.uasset'
[2020.04.14-14.38.57:974][993]LogSavePackage: Moving '../../../../../../Users/lagar/OneDrive/Documents/OpenWorld_Changeling/AdvancedLocomotionSystemV/Saved/WB_Info_Level1068EC274E593EC22ABF359A91ECA972.tmp' to '../../../../../../Users/lagar/OneDrive/Documents/OpenWorld_Changeling/AdvancedLocomotionSystemV/Content/Changeling/Blueprints/UI/BaseWidget/WB_Info_Level.uasset'
[2020.04.14-14.38.58:289][993]AssetCheck: New page: Asset Save: multiple assets
[2020.04.14-14.38.58:289][993]LogContentValidation: Display: Validating UserDefinedEnum /Game/Changeling/Blueprints/Data/E_TypeIcon.E_TypeIcon
[2020.04.14-14.38.58:289][993]LogContentValidation: Display: Validating UserDefinedStruct /Game/Changeling/Blueprints/Data/S_Character.S_Character
[2020.04.14-14.38.58:289][993]LogContentValidation: Display: Validating UserDefinedStruct /Game/Changeling/Blueprints/Data/S_CharacterIcon.S_CharacterIcon
[2020.04.14-14.38.58:289][993]LogContentValidation: Display: Validating UserDefinedStruct /Game/Changeling/Blueprints/Data/S_Secrets.S_Secrets
[2020.04.14-14.38.58:289][993]LogContentValidation: Display: Validating UserDefinedStruct /Game/Changeling/Blueprints/Data/S_Tags.S_Tags
[2020.04.14-14.38.58:289][993]LogContentValidation: Display: Validating WidgetBlueprint /Game/Changeling/Blueprints/UI/BaseWidget/WB_Icon.WB_Icon
[2020.04.14-14.38.58:289][993]LogContentValidation: Display: Validating WidgetBlueprint /Game/Changeling/Blueprints/UI/BaseWidget/WB_Info_Input.WB_Info_Input
[2020.04.14-14.38.58:289][993]LogContentValidation: Display: Validating WidgetBlueprint /Game/Changeling/Blueprints/UI/BaseWidget/WB_Info_World.WB_Info_World
[2020.04.14-14.38.58:289][993]LogContentValidation: Display: Validating WidgetBlueprint /Game/Changeling/Blueprints/UI/FullTree/WB_MenuChangeling.WB_MenuChangeling
[2020.04.14-14.38.58:289][993]LogContentValidation: Display: Validating WidgetBlueprint /Game/Changeling/Blueprints/UI/FullTree/WB_Village1Tree.WB_Village1Tree
[2020.04.14-14.38.58:289][993]LogContentValidation: Display: Validating WidgetBlueprint /Game/Changeling/Blueprints/UI/BaseWidget/WB_Info_Level.WB_Info_Level
[2020.04.14-14.39.00:284][103]LogAssetEditorSubsystem: Opening Asset editor for UserDefinedStruct /Game/Changeling/Blueprints/Data/S_Character.S_Character
